2024-07-07 02:22:25,215 WARN c.z.h.p.HikariPool$HouseKeeper [HikariPool-1 housekeeper] HikariPool-1 - Thread starvation or clock leap detected (housekeeper delta=11m9s392ms629µs200ns).
2024-07-07 02:25:03,516 INFO o.s.o.j.AbstractEntityManagerFactoryBean [SpringApplicationShutdownHook] Closing JPA EntityManagerFactory for persistence unit 'default'
2024-07-07 02:25:03,519 INFO c.z.h.HikariDataSource [SpringApplicationShutdownHook] HikariPool-1 - Shutdown initiated...
2024-07-07 02:25:03,521 INFO c.z.h.HikariDataSource [SpringApplicationShutdownHook] HikariPool-1 - Shutdown completed.
2024-07-07 02:25:06,766 INFO o.s.b.StartupInfoLogger [main] Starting BinfoodApplication using Java 19.0.2 with PID 25428 (D:\nisa\Synrgy Academy 2024\synrgy7\F-BJV24001115-synrgy7-rah-binfood-ch7\target\classes started by user in D:\nisa\Synrgy Academy 2024\synrgy7\F-BJV24001115-synrgy7-rah-binfood-ch7)
2024-07-07 02:25:06,768 INFO o.s.b.SpringApplication [main] No active profile set, falling back to 1 default profile: "default"
2024-07-07 02:25:07,355 INFO o.s.d.r.c.RepositoryConfigurationDelegate [main] Bootstrapping Spring Data JPA repositories in DEFAULT mode.
2024-07-07 02:25:07,420 INFO o.s.d.r.c.RepositoryConfigurationDelegate [main] Finished Spring Data repository scanning in 60 ms. Found 6 JPA repository interfaces.
2024-07-07 02:25:07,761 INFO o.s.b.w.e.t.TomcatWebServer [main] Tomcat initialized with port 8081 (http)
2024-07-07 02:25:07,769 INFO o.a.j.l.DirectJDKLog [main] Initializing ProtocolHandler ["http-nio-8081"]
2024-07-07 02:25:07,770 INFO o.a.j.l.DirectJDKLog [main] Starting service [Tomcat]
2024-07-07 02:25:07,770 INFO o.a.j.l.DirectJDKLog [main] Starting Servlet engine: [Apache Tomcat/10.1.20]
2024-07-07 02:25:07,821 INFO o.a.j.l.DirectJDKLog [main] Initializing Spring embedded WebApplicationContext
2024-07-07 02:25:07,822 INFO o.s.b.w.s.c.ServletWebServerApplicationContext [main] Root WebApplicationContext: initialization completed in 1025 ms
2024-07-07 02:25:07,907 INFO o.h.j.i.u.LogHelper [main] HHH000204: Processing PersistenceUnitInfo [name: default]
2024-07-07 02:25:07,937 INFO o.h.Version [main] HHH000412: Hibernate ORM core version 6.4.4.Final
2024-07-07 02:25:07,969 INFO o.h.c.i.RegionFactoryInitiator [main] HHH000026: Second-level cache disabled
2024-07-07 02:25:08,126 INFO o.s.o.j.p.SpringPersistenceUnitInfo [main] No LoadTimeWeaver setup: ignoring JPA class transformer
2024-07-07 02:25:08,142 INFO c.z.h.HikariDataSource [main] HikariPool-1 - Starting...
2024-07-07 02:25:08,253 INFO c.z.h.p.HikariPool [main] HikariPool-1 - Added connection org.postgresql.jdbc.PgConnection@638977e0
2024-07-07 02:25:08,255 INFO c.z.h.HikariDataSource [main] HikariPool-1 - Start completed.
2024-07-07 02:25:08,278 WARN o.h.e.j.d.i.DialectFactoryImpl [main] HHH90000025: PostgreSQLDialect does not need to be specified explicitly using 'hibernate.dialect' (remove the property setting and it will be selected by default)
2024-07-07 02:25:08,994 INFO o.h.e.t.j.p.i.JtaPlatformInitiator [main] HHH000489: No JTA platform available (set 'hibernate.transaction.jta.platform' to enable JTA platform integration)
2024-07-07 02:25:09,097 INFO o.s.o.j.AbstractEntityManagerFactoryBean [main] Initialized JPA EntityManagerFactory for persistence unit 'default'
2024-07-07 02:25:09,433 WARN o.s.b.a.o.j.JpaBaseConfiguration$JpaWebConfiguration [main] spring.jpa.open-in-view is enabled by default. Therefore, database queries may be performed during view rendering. Explicitly configure spring.jpa.open-in-view to disable this warning
2024-07-07 02:25:09,542 INFO o.s.d.j.r.q.QueryEnhancerFactory [main] Hibernate is in classpath; If applicable, HQL parser will be used.
2024-07-07 02:25:09,911 INFO o.s.s.w.DefaultSecurityFilterChain [main] Will secure any request with [org.springframework.security.web.session.DisableEncodeUrlFilter@66f62b8c, org.springframework.security.web.context.request.async.WebAsyncManagerIntegrationFilter@3db84bfa, org.springframework.security.web.context.SecurityContextHolderFilter@7e38f55, org.springframework.security.web.header.HeaderWriterFilter@4c33bf70, org.springframework.web.filter.CorsFilter@3f040f9e, org.springframework.security.web.authentication.logout.LogoutFilter@2f48adcc, org.springframework.security.oauth2.client.web.OAuth2AuthorizationRequestRedirectFilter@33212ae6, org.springframework.security.oauth2.client.web.OAuth2LoginAuthenticationFilter@1b61c1, com.rahmi.binfood.security.JwtRequestFilter@45f4c27c, org.springframework.security.web.savedrequest.RequestCacheAwareFilter@67253518, org.springframework.security.web.servletapi.SecurityContextHolderAwareRequestFilter@2db55dec, org.springframework.security.web.authentication.AnonymousAuthenticationFilter@77cf9b08, org.springframework.security.web.session.SessionManagementFilter@1c6ab85, org.springframework.security.web.access.ExceptionTranslationFilter@13088030, org.springframework.security.web.access.intercept.AuthorizationFilter@2c7fb24c]
2024-07-07 02:25:10,091 INFO o.a.j.l.DirectJDKLog [main] Starting ProtocolHandler ["http-nio-8081"]
2024-07-07 02:25:10,103 INFO o.s.b.w.e.t.TomcatWebServer [main] Tomcat started on port 8081 (http) with context path ''
2024-07-07 02:25:10,110 INFO o.s.b.StartupInfoLogger [main] Started BinfoodApplication in 3.697 seconds (process running for 4.165)
2024-07-07 02:25:15,034 INFO o.a.j.l.DirectJDKLog [http-nio-8081-exec-2] Initializing Spring DispatcherServlet 'dispatcherServlet'
2024-07-07 02:25:15,035 INFO o.s.w.s.FrameworkServlet [http-nio-8081-exec-2] Initializing Servlet 'dispatcherServlet'
2024-07-07 02:25:15,035 INFO o.s.w.s.FrameworkServlet [http-nio-8081-exec-2] Completed initialization in 0 ms
