2024-07-07 13:36:04,638 INFO o.s.b.StartupInfoLogger [main] Starting BinfoodApplication using Java 19.0.2 with PID 33152 (D:\nisa\Synrgy Academy 2024\synrgy7\F-BJV24001115-synrgy7-rah-binfood-ch7\target\classes started by user in D:\nisa\Synrgy Academy 2024\synrgy7\F-BJV24001115-synrgy7-rah-binfood-ch7)
2024-07-07 13:36:04,641 INFO o.s.b.SpringApplication [main] No active profile set, falling back to 1 default profile: "default"
2024-07-07 13:36:05,207 INFO o.s.d.r.c.RepositoryConfigurationDelegate [main] Bootstrapping Spring Data JPA repositories in DEFAULT mode.
2024-07-07 13:36:05,271 INFO o.s.d.r.c.RepositoryConfigurationDelegate [main] Finished Spring Data repository scanning in 58 ms. Found 6 JPA repository interfaces.
2024-07-07 13:36:05,619 INFO o.s.b.w.e.t.TomcatWebServer [main] Tomcat initialized with port 8081 (http)
2024-07-07 13:36:05,627 INFO o.a.j.l.DirectJDKLog [main] Initializing ProtocolHandler ["http-nio-8081"]
2024-07-07 13:36:05,628 INFO o.a.j.l.DirectJDKLog [main] Starting service [Tomcat]
2024-07-07 13:36:05,628 INFO o.a.j.l.DirectJDKLog [main] Starting Servlet engine: [Apache Tomcat/10.1.20]
2024-07-07 13:36:05,671 INFO o.a.j.l.DirectJDKLog [main] Initializing Spring embedded WebApplicationContext
2024-07-07 13:36:05,671 INFO o.s.b.w.s.c.ServletWebServerApplicationContext [main] Root WebApplicationContext: initialization completed in 1004 ms
2024-07-07 13:36:05,762 INFO o.h.j.i.u.LogHelper [main] HHH000204: Processing PersistenceUnitInfo [name: default]
2024-07-07 13:36:05,793 INFO o.h.Version [main] HHH000412: Hibernate ORM core version 6.4.4.Final
2024-07-07 13:36:05,831 INFO o.h.c.i.RegionFactoryInitiator [main] HHH000026: Second-level cache disabled
2024-07-07 13:36:05,967 INFO o.s.o.j.p.SpringPersistenceUnitInfo [main] No LoadTimeWeaver setup: ignoring JPA class transformer
2024-07-07 13:36:05,985 INFO c.z.h.HikariDataSource [main] HikariPool-1 - Starting...
2024-07-07 13:36:06,101 INFO c.z.h.p.HikariPool [main] HikariPool-1 - Added connection org.postgresql.jdbc.PgConnection@4ac19bc6
2024-07-07 13:36:06,102 INFO c.z.h.HikariDataSource [main] HikariPool-1 - Start completed.
2024-07-07 13:36:06,127 WARN o.h.e.j.d.i.DialectFactoryImpl [main] HHH90000025: PostgreSQLDialect does not need to be specified explicitly using 'hibernate.dialect' (remove the property setting and it will be selected by default)
2024-07-07 13:36:06,862 INFO o.h.e.t.j.p.i.JtaPlatformInitiator [main] HHH000489: No JTA platform available (set 'hibernate.transaction.jta.platform' to enable JTA platform integration)
2024-07-07 13:36:06,967 INFO o.s.o.j.AbstractEntityManagerFactoryBean [main] Initialized JPA EntityManagerFactory for persistence unit 'default'
2024-07-07 13:36:07,305 WARN o.s.b.a.o.j.JpaBaseConfiguration$JpaWebConfiguration [main] spring.jpa.open-in-view is enabled by default. Therefore, database queries may be performed during view rendering. Explicitly configure spring.jpa.open-in-view to disable this warning
2024-07-07 13:36:07,413 INFO o.s.d.j.r.q.QueryEnhancerFactory [main] Hibernate is in classpath; If applicable, HQL parser will be used.
2024-07-07 13:36:07,797 INFO o.s.s.w.DefaultSecurityFilterChain [main] Will secure any request with [org.springframework.security.web.session.DisableEncodeUrlFilter@522fc67, org.springframework.security.web.context.request.async.WebAsyncManagerIntegrationFilter@479f1d09, org.springframework.security.web.context.SecurityContextHolderFilter@281f2d6c, org.springframework.security.web.header.HeaderWriterFilter@2b6282bb, org.springframework.web.filter.CorsFilter@5caf9ea4, org.springframework.security.web.authentication.logout.LogoutFilter@251ed676, org.springframework.security.oauth2.client.web.OAuth2AuthorizationRequestRedirectFilter@5b51a4c7, org.springframework.security.oauth2.client.web.OAuth2LoginAuthenticationFilter@2f0dae44, com.rahmi.binfood.security.JwtRequestFilter@2446597e, org.springframework.security.web.savedrequest.RequestCacheAwareFilter@2c5157c9, org.springframework.security.web.servletapi.SecurityContextHolderAwareRequestFilter@1a927db2, org.springframework.security.web.authentication.AnonymousAuthenticationFilter@55882ff2, org.springframework.security.web.session.SessionManagementFilter@18ea9bec, org.springframework.security.web.access.ExceptionTranslationFilter@474aeac5, org.springframework.security.web.access.intercept.AuthorizationFilter@400cb9ef]
2024-07-07 13:36:07,978 INFO o.a.j.l.DirectJDKLog [main] Starting ProtocolHandler ["http-nio-8081"]
2024-07-07 13:36:07,991 INFO o.s.b.w.e.t.TomcatWebServer [main] Tomcat started on port 8081 (http) with context path ''
2024-07-07 13:36:07,999 INFO o.s.b.StartupInfoLogger [main] Started BinfoodApplication in 3.707 seconds (process running for 4.167)
2024-07-07 13:36:08,059 INFO o.a.j.l.DirectJDKLog [http-nio-8081-exec-1] Initializing Spring DispatcherServlet 'dispatcherServlet'
2024-07-07 13:36:08,060 INFO o.s.w.s.FrameworkServlet [http-nio-8081-exec-1] Initializing Servlet 'dispatcherServlet'
2024-07-07 13:36:08,061 INFO o.s.w.s.FrameworkServlet [http-nio-8081-exec-1] Completed initialization in 0 ms
2024-07-07 13:36:52,140 INFO o.s.o.j.AbstractEntityManagerFactoryBean [SpringApplicationShutdownHook] Closing JPA EntityManagerFactory for persistence unit 'default'
2024-07-07 13:36:52,141 INFO c.z.h.HikariDataSource [SpringApplicationShutdownHook] HikariPool-1 - Shutdown initiated...
2024-07-07 13:36:52,144 INFO c.z.h.HikariDataSource [SpringApplicationShutdownHook] HikariPool-1 - Shutdown completed.
