2024-07-05 16:50:36,293 INFO o.s.o.j.AbstractEntityManagerFactoryBean [SpringApplicationShutdownHook] Closing JPA EntityManagerFactory for persistence unit 'default'
2024-07-05 16:50:36,296 INFO c.z.h.HikariDataSource [SpringApplicationShutdownHook] HikariPool-1 - Shutdown initiated...
2024-07-05 16:50:36,300 INFO c.z.h.HikariDataSource [SpringApplicationShutdownHook] HikariPool-1 - Shutdown completed.
2024-07-05 16:50:40,200 INFO o.s.b.StartupInfoLogger [main] Starting BinfoodApplication using Java 19.0.2 with PID 22568 (D:\nisa\Synrgy Academy 2024\synrgy7\F-BJV24001115-synrgy7-rah-binfood-ch7\target\classes started by user in D:\nisa\Synrgy Academy 2024\synrgy7\F-BJV24001115-synrgy7-rah-binfood-ch7)
2024-07-05 16:50:40,201 INFO o.s.b.SpringApplication [main] No active profile set, falling back to 1 default profile: "default"
2024-07-05 16:50:40,754 INFO o.s.d.r.c.RepositoryConfigurationDelegate [main] Bootstrapping Spring Data JPA repositories in DEFAULT mode.
2024-07-05 16:50:40,802 INFO o.s.d.r.c.RepositoryConfigurationDelegate [main] Finished Spring Data repository scanning in 45 ms. Found 6 JPA repository interfaces.
2024-07-05 16:50:41,090 INFO o.s.b.w.e.t.TomcatWebServer [main] Tomcat initialized with port 8081 (http)
2024-07-05 16:50:41,096 INFO o.a.j.l.DirectJDKLog [main] Initializing ProtocolHandler ["http-nio-8081"]
2024-07-05 16:50:41,097 INFO o.a.j.l.DirectJDKLog [main] Starting service [Tomcat]
2024-07-05 16:50:41,097 INFO o.a.j.l.DirectJDKLog [main] Starting Servlet engine: [Apache Tomcat/10.1.20]
2024-07-05 16:50:41,139 INFO o.a.j.l.DirectJDKLog [main] Initializing Spring embedded WebApplicationContext
2024-07-05 16:50:41,140 INFO o.s.b.w.s.c.ServletWebServerApplicationContext [main] Root WebApplicationContext: initialization completed in 911 ms
2024-07-05 16:50:41,215 INFO o.h.j.i.u.LogHelper [main] HHH000204: Processing PersistenceUnitInfo [name: default]
2024-07-05 16:50:41,245 INFO o.h.Version [main] HHH000412: Hibernate ORM core version 6.4.4.Final
2024-07-05 16:50:41,275 INFO o.h.c.i.RegionFactoryInitiator [main] HHH000026: Second-level cache disabled
2024-07-05 16:50:41,425 INFO o.s.o.j.p.SpringPersistenceUnitInfo [main] No LoadTimeWeaver setup: ignoring JPA class transformer
2024-07-05 16:50:41,443 INFO c.z.h.HikariDataSource [main] HikariPool-1 - Starting...
2024-07-05 16:50:41,555 INFO c.z.h.p.HikariPool [main] HikariPool-1 - Added connection org.postgresql.jdbc.PgConnection@4ac19bc6
2024-07-05 16:50:41,556 INFO c.z.h.HikariDataSource [main] HikariPool-1 - Start completed.
2024-07-05 16:50:41,577 WARN o.h.e.j.d.i.DialectFactoryImpl [main] HHH90000025: PostgreSQLDialect does not need to be specified explicitly using 'hibernate.dialect' (remove the property setting and it will be selected by default)
2024-07-05 16:50:42,240 INFO o.h.e.t.j.p.i.JtaPlatformInitiator [main] HHH000489: No JTA platform available (set 'hibernate.transaction.jta.platform' to enable JTA platform integration)
2024-07-05 16:50:42,326 INFO o.s.o.j.AbstractEntityManagerFactoryBean [main] Initialized JPA EntityManagerFactory for persistence unit 'default'
2024-07-05 16:50:42,588 INFO o.s.d.j.r.q.QueryEnhancerFactory [main] Hibernate is in classpath; If applicable, HQL parser will be used.
2024-07-05 16:50:42,865 WARN o.s.b.a.o.j.JpaBaseConfiguration$JpaWebConfiguration [main] spring.jpa.open-in-view is enabled by default. Therefore, database queries may be performed during view rendering. Explicitly configure spring.jpa.open-in-view to disable this warning
2024-07-05 16:50:43,066 INFO o.s.s.w.DefaultSecurityFilterChain [main] Will secure any request with [org.springframework.security.web.session.DisableEncodeUrlFilter@66f62b8c, org.springframework.security.web.context.request.async.WebAsyncManagerIntegrationFilter@3db84bfa, org.springframework.security.web.context.SecurityContextHolderFilter@7e38f55, org.springframework.security.web.header.HeaderWriterFilter@4c33bf70, org.springframework.web.filter.CorsFilter@3f040f9e, org.springframework.security.web.authentication.logout.LogoutFilter@2f48adcc, org.springframework.security.oauth2.client.web.OAuth2AuthorizationRequestRedirectFilter@33212ae6, org.springframework.security.oauth2.client.web.OAuth2LoginAuthenticationFilter@1b61c1, com.rahmi.binfood.security.JwtRequestFilter@2446597e, org.springframework.security.web.savedrequest.RequestCacheAwareFilter@67253518, org.springframework.security.web.servletapi.SecurityContextHolderAwareRequestFilter@2db55dec, org.springframework.security.web.authentication.AnonymousAuthenticationFilter@77cf9b08, org.springframework.security.web.session.SessionManagementFilter@1c6ab85, org.springframework.security.web.access.ExceptionTranslationFilter@13088030, org.springframework.security.web.access.intercept.AuthorizationFilter@2c7fb24c]
2024-07-05 16:50:43,229 INFO o.a.j.l.DirectJDKLog [main] Starting ProtocolHandler ["http-nio-8081"]
2024-07-05 16:50:43,240 INFO o.s.b.w.e.t.TomcatWebServer [main] Tomcat started on port 8081 (http) with context path ''
2024-07-05 16:50:43,247 INFO o.s.b.StartupInfoLogger [main] Started BinfoodApplication in 3.386 seconds (process running for 3.87)
2024-07-05 16:50:49,578 INFO o.a.j.l.DirectJDKLog [http-nio-8081-exec-2] Initializing Spring DispatcherServlet 'dispatcherServlet'
2024-07-05 16:50:49,579 INFO o.s.w.s.FrameworkServlet [http-nio-8081-exec-2] Initializing Servlet 'dispatcherServlet'
2024-07-05 16:50:49,580 INFO o.s.w.s.FrameworkServlet [http-nio-8081-exec-2] Completed initialization in 1 ms
