2024-07-08 13:39:44,918 INFO o.s.b.StartupInfoLogger [main] Starting BinfoodApplication using Java 19.0.2 with PID 28000 (D:\nisa\Synrgy Academy 2024\synrgy7\F-BJV24001115-synrgy7-rah-binfood-ch7\binfood\target\classes started by user in D:\nisa\Synrgy Academy 2024\synrgy7\F-BJV24001115-synrgy7-rah-binfood-ch7\binfood)
2024-07-08 13:39:44,923 INFO o.s.b.SpringApplication [main] No active profile set, falling back to 1 default profile: "default"
2024-07-08 13:39:45,784 INFO o.s.d.r.c.RepositoryConfigurationDelegate [main] Bootstrapping Spring Data JPA repositories in DEFAULT mode.
2024-07-08 13:39:45,868 INFO o.s.d.r.c.RepositoryConfigurationDelegate [main] Finished Spring Data repository scanning in 78 ms. Found 6 JPA repository interfaces.
2024-07-08 13:39:46,397 INFO o.s.b.w.e.t.TomcatWebServer [main] Tomcat initialized with port 8081 (http)
2024-07-08 13:39:46,408 INFO o.a.j.l.DirectJDKLog [main] Initializing ProtocolHandler ["http-nio-8081"]
2024-07-08 13:39:46,410 INFO o.a.j.l.DirectJDKLog [main] Starting service [Tomcat]
2024-07-08 13:39:46,410 INFO o.a.j.l.DirectJDKLog [main] Starting Servlet engine: [Apache Tomcat/10.1.20]
2024-07-08 13:39:46,486 INFO o.a.j.l.DirectJDKLog [main] Initializing Spring embedded WebApplicationContext
2024-07-08 13:39:46,487 INFO o.s.b.w.s.c.ServletWebServerApplicationContext [main] Root WebApplicationContext: initialization completed in 1528 ms
2024-07-08 13:39:46,636 INFO o.h.j.i.u.LogHelper [main] HHH000204: Processing PersistenceUnitInfo [name: default]
2024-07-08 13:39:46,843 INFO o.h.Version [main] HHH000412: Hibernate ORM core version 6.4.4.Final
2024-07-08 13:39:46,933 INFO o.h.c.i.RegionFactoryInitiator [main] HHH000026: Second-level cache disabled
2024-07-08 13:39:47,232 INFO o.s.o.j.p.SpringPersistenceUnitInfo [main] No LoadTimeWeaver setup: ignoring JPA class transformer
2024-07-08 13:39:47,264 INFO c.z.h.HikariDataSource [main] HikariPool-1 - Starting...
2024-07-08 13:39:47,443 INFO c.z.h.p.HikariPool [main] HikariPool-1 - Added connection org.postgresql.jdbc.PgConnection@5e1d1524
2024-07-08 13:39:47,444 INFO c.z.h.HikariDataSource [main] HikariPool-1 - Start completed.
2024-07-08 13:39:47,491 WARN o.h.e.j.d.i.DialectFactoryImpl [main] HHH90000025: PostgreSQLDialect does not need to be specified explicitly using 'hibernate.dialect' (remove the property setting and it will be selected by default)
2024-07-08 13:39:48,866 INFO o.h.e.t.j.p.i.JtaPlatformInitiator [main] HHH000489: No JTA platform available (set 'hibernate.transaction.jta.platform' to enable JTA platform integration)
2024-07-08 13:39:49,038 INFO o.s.o.j.AbstractEntityManagerFactoryBean [main] Initialized JPA EntityManagerFactory for persistence unit 'default'
2024-07-08 13:39:49,514 WARN o.s.b.a.o.j.JpaBaseConfiguration$JpaWebConfiguration [main] spring.jpa.open-in-view is enabled by default. Therefore, database queries may be performed during view rendering. Explicitly configure spring.jpa.open-in-view to disable this warning
2024-07-08 13:39:49,668 INFO o.s.d.j.r.q.QueryEnhancerFactory [main] Hibernate is in classpath; If applicable, HQL parser will be used.
2024-07-08 13:39:50,298 INFO o.s.s.w.DefaultSecurityFilterChain [main] Will secure any request with [org.springframework.security.web.session.DisableEncodeUrlFilter@1836228d, org.springframework.security.web.context.request.async.WebAsyncManagerIntegrationFilter@3e216fc9, org.springframework.security.web.context.SecurityContextHolderFilter@690337df, org.springframework.security.web.header.HeaderWriterFilter@625ae6d, org.springframework.web.filter.CorsFilter@fcd300e, org.springframework.security.web.authentication.logout.LogoutFilter@2539ab41, org.springframework.security.oauth2.client.web.OAuth2AuthorizationRequestRedirectFilter@3aac9173, org.springframework.security.oauth2.client.web.OAuth2LoginAuthenticationFilter@6608072d, com.rahmi.binfood.security.JwtRequestFilter@287dde94, org.springframework.security.web.savedrequest.RequestCacheAwareFilter@50be5d6f, org.springframework.security.web.servletapi.SecurityContextHolderAwareRequestFilter@48e0e779, org.springframework.security.web.authentication.AnonymousAuthenticationFilter@77971bbf, org.springframework.security.web.session.SessionManagementFilter@5cdb7b, org.springframework.security.web.access.ExceptionTranslationFilter@19f72e12, org.springframework.security.web.access.intercept.AuthorizationFilter@32fccfc2]
2024-07-08 13:39:50,672 INFO o.a.k.c.c.AbstractConfig [main] AdminClientConfig values: 
	auto.include.jmx.reporter = true
	bootstrap.servers = [localhost:9092]
	client.dns.lookup = use_all_dns_ips
	client.id = 
	connections.max.idle.ms = 300000
	default.api.timeout.ms = 60000
	metadata.max.age.ms = 300000
	metric.reporters = []
	metrics.num.samples = 2
	metrics.recording.level = INFO
	metrics.sample.window.ms = 30000
	receive.buffer.bytes = 65536
	reconnect.backoff.max.ms = 1000
	reconnect.backoff.ms = 50
	request.timeout.ms = 30000
	retries = 2147483647
	retry.backoff.ms = 100
	sasl.client.callback.handler.class = null
	sasl.jaas.config = null
	sasl.kerberos.kinit.cmd = /usr/bin/kinit
	sasl.kerberos.min.time.before.relogin = 60000
	sasl.kerberos.service.name = null
	sasl.kerberos.ticket.renew.jitter = 0.05
	sasl.kerberos.ticket.renew.window.factor = 0.8
	sasl.login.callback.handler.class = null
	sasl.login.class = null
	sasl.login.connect.timeout.ms = null
	sasl.login.read.timeout.ms = null
	sasl.login.refresh.buffer.seconds = 300
	sasl.login.refresh.min.period.seconds = 60
	sasl.login.refresh.window.factor = 0.8
	sasl.login.refresh.window.jitter = 0.05
	sasl.login.retry.backoff.max.ms = 10000
	sasl.login.retry.backoff.ms = 100
	sasl.mechanism = GSSAPI
	sasl.oauthbearer.clock.skew.seconds = 30
	sasl.oauthbearer.expected.audience = null
	sasl.oauthbearer.expected.issuer = null
	sasl.oauthbearer.jwks.endpoint.refresh.ms = 3600000
	sasl.oauthbearer.jwks.endpoint.retry.backoff.max.ms = 10000
	sasl.oauthbearer.jwks.endpoint.retry.backoff.ms = 100
	sasl.oauthbearer.jwks.endpoint.url = null
	sasl.oauthbearer.scope.claim.name = scope
	sasl.oauthbearer.sub.claim.name = sub
	sasl.oauthbearer.token.endpoint.url = null
	security.protocol = PLAINTEXT
	security.providers = null
	send.buffer.bytes = 131072
	socket.connection.setup.timeout.max.ms = 30000
	socket.connection.setup.timeout.ms = 10000
	ssl.cipher.suites = null
	ssl.enabled.protocols = [TLSv1.2, TLSv1.3]
	ssl.endpoint.identification.algorithm = https
	ssl.engine.factory.class = null
	ssl.key.password = null
	ssl.keymanager.algorithm = SunX509
	ssl.keystore.certificate.chain = null
	ssl.keystore.key = null
	ssl.keystore.location = null
	ssl.keystore.password = null
	ssl.keystore.type = JKS
	ssl.protocol = TLSv1.3
	ssl.provider = null
	ssl.secure.random.implementation = null
	ssl.trustmanager.algorithm = PKIX
	ssl.truststore.certificates = null
	ssl.truststore.location = null
	ssl.truststore.password = null
	ssl.truststore.type = JKS

2024-07-08 13:39:50,781 INFO o.a.k.c.u.AppInfoParser$AppInfo [main] Kafka version: 3.6.2
2024-07-08 13:39:50,782 INFO o.a.k.c.u.AppInfoParser$AppInfo [main] Kafka commitId: c4deed513057c94e
2024-07-08 13:39:50,782 INFO o.a.k.c.u.AppInfoParser$AppInfo [main] Kafka startTimeMs: 1720420790779
2024-07-08 13:39:51,301 INFO o.a.k.c.u.AppInfoParser [kafka-admin-client-thread | adminclient-1] App info kafka.admin.client for adminclient-1 unregistered
2024-07-08 13:39:51,307 INFO o.a.k.c.m.Metrics [kafka-admin-client-thread | adminclient-1] Metrics scheduler closed
2024-07-08 13:39:51,307 INFO o.a.k.c.m.Metrics [kafka-admin-client-thread | adminclient-1] Closing reporter org.apache.kafka.common.metrics.JmxReporter
2024-07-08 13:39:51,308 INFO o.a.k.c.m.Metrics [kafka-admin-client-thread | adminclient-1] Metrics reporters closed
2024-07-08 13:39:51,313 INFO o.a.j.l.DirectJDKLog [main] Starting ProtocolHandler ["http-nio-8081"]
2024-07-08 13:39:51,326 INFO o.s.b.w.e.t.TomcatWebServer [main] Tomcat started on port 8081 (http) with context path ''
2024-07-08 13:39:51,354 INFO o.a.k.c.c.AbstractConfig [main] ConsumerConfig values: 
	allow.auto.create.topics = true
	auto.commit.interval.ms = 5000
	auto.include.jmx.reporter = true
	auto.offset.reset = latest
	bootstrap.servers = [localhost:9092]
	check.crcs = true
	client.dns.lookup = use_all_dns_ips
	client.id = consumer-group_id-1
	client.rack = 
	connections.max.idle.ms = 540000
	default.api.timeout.ms = 60000
	enable.auto.commit = false
	exclude.internal.topics = true
	fetch.max.bytes = 52428800
	fetch.max.wait.ms = 500
	fetch.min.bytes = 1
	group.id = group_id
	group.instance.id = null
	heartbeat.interval.ms = 3000
	interceptor.classes = []
	internal.leave.group.on.close = true
	internal.throw.on.fetch.stable.offset.unsupported = false
	isolation.level = read_uncommitted
	key.deserializer = class org.apache.kafka.common.serialization.StringDeserializer
	max.partition.fetch.bytes = 1048576
	max.poll.interval.ms = 300000
	max.poll.records = 500
	metadata.max.age.ms = 300000
	metric.reporters = []
	metrics.num.samples = 2
	metrics.recording.level = INFO
	metrics.sample.window.ms = 30000
	partition.assignment.strategy = [class org.apache.kafka.clients.consumer.RangeAssignor, class org.apache.kafka.clients.consumer.CooperativeStickyAssignor]
	receive.buffer.bytes = 65536
	reconnect.backoff.max.ms = 1000
	reconnect.backoff.ms = 50
	request.timeout.ms = 30000
	retry.backoff.ms = 100
	sasl.client.callback.handler.class = null
	sasl.jaas.config = null
	sasl.kerberos.kinit.cmd = /usr/bin/kinit
	sasl.kerberos.min.time.before.relogin = 60000
	sasl.kerberos.service.name = null
	sasl.kerberos.ticket.renew.jitter = 0.05
	sasl.kerberos.ticket.renew.window.factor = 0.8
	sasl.login.callback.handler.class = null
	sasl.login.class = null
	sasl.login.connect.timeout.ms = null
	sasl.login.read.timeout.ms = null
	sasl.login.refresh.buffer.seconds = 300
	sasl.login.refresh.min.period.seconds = 60
	sasl.login.refresh.window.factor = 0.8
	sasl.login.refresh.window.jitter = 0.05
	sasl.login.retry.backoff.max.ms = 10000
	sasl.login.retry.backoff.ms = 100
	sasl.mechanism = GSSAPI
	sasl.oauthbearer.clock.skew.seconds = 30
	sasl.oauthbearer.expected.audience = null
	sasl.oauthbearer.expected.issuer = null
	sasl.oauthbearer.jwks.endpoint.refresh.ms = 3600000
	sasl.oauthbearer.jwks.endpoint.retry.backoff.max.ms = 10000
	sasl.oauthbearer.jwks.endpoint.retry.backoff.ms = 100
	sasl.oauthbearer.jwks.endpoint.url = null
	sasl.oauthbearer.scope.claim.name = scope
	sasl.oauthbearer.sub.claim.name = sub
	sasl.oauthbearer.token.endpoint.url = null
	security.protocol = PLAINTEXT
	security.providers = null
	send.buffer.bytes = 131072
	session.timeout.ms = 45000
	socket.connection.setup.timeout.max.ms = 30000
	socket.connection.setup.timeout.ms = 10000
	ssl.cipher.suites = null
	ssl.enabled.protocols = [TLSv1.2, TLSv1.3]
	ssl.endpoint.identification.algorithm = https
	ssl.engine.factory.class = null
	ssl.key.password = null
	ssl.keymanager.algorithm = SunX509
	ssl.keystore.certificate.chain = null
	ssl.keystore.key = null
	ssl.keystore.location = null
	ssl.keystore.password = null
	ssl.keystore.type = JKS
	ssl.protocol = TLSv1.3
	ssl.provider = null
	ssl.secure.random.implementation = null
	ssl.trustmanager.algorithm = PKIX
	ssl.truststore.certificates = null
	ssl.truststore.location = null
	ssl.truststore.password = null
	ssl.truststore.type = JKS
	value.deserializer = class org.apache.kafka.common.serialization.StringDeserializer

2024-07-08 13:39:51,406 INFO o.a.k.c.u.AppInfoParser$AppInfo [main] Kafka version: 3.6.2
2024-07-08 13:39:51,407 INFO o.a.k.c.u.AppInfoParser$AppInfo [main] Kafka commitId: c4deed513057c94e
2024-07-08 13:39:51,408 INFO o.a.k.c.u.AppInfoParser$AppInfo [main] Kafka startTimeMs: 1720420791406
2024-07-08 13:39:51,410 INFO o.a.k.c.c.KafkaConsumer [main] [Consumer clientId=consumer-group_id-1, groupId=group_id] Subscribed to topic(s): binfood_topic
2024-07-08 13:39:51,429 INFO o.a.k.c.Metadata [org.springframework.kafka.KafkaListenerEndpointContainer#0-0-C-1] [Consumer clientId=consumer-group_id-1, groupId=group_id] Cluster ID: HV0K0rtxSAer84v2T4r0OA
2024-07-08 13:39:51,429 INFO o.s.b.StartupInfoLogger [main] Started BinfoodApplication in 7.06 seconds (process running for 7.822)
2024-07-08 13:39:51,430 INFO o.a.k.c.c.i.AbstractCoordinator$FindCoordinatorResponseHandler [org.springframework.kafka.KafkaListenerEndpointContainer#0-0-C-1] [Consumer clientId=consumer-group_id-1, groupId=group_id] Discovered group coordinator LAPTOP-FNABH9KU:9092 (id: 2147483647 rack: null)
2024-07-08 13:39:51,432 INFO o.a.k.c.c.i.AbstractCoordinator [org.springframework.kafka.KafkaListenerEndpointContainer#0-0-C-1] [Consumer clientId=consumer-group_id-1, groupId=group_id] (Re-)joining group
2024-07-08 13:39:51,446 INFO o.a.k.c.c.i.AbstractCoordinator [org.springframework.kafka.KafkaListenerEndpointContainer#0-0-C-1] [Consumer clientId=consumer-group_id-1, groupId=group_id] Request joining group due to: need to re-join with the given member-id: consumer-group_id-1-49d92c6b-b464-45e0-aaa0-2e0eea31e268
2024-07-08 13:39:51,447 INFO o.a.k.c.c.i.AbstractCoordinator [org.springframework.kafka.KafkaListenerEndpointContainer#0-0-C-1] [Consumer clientId=consumer-group_id-1, groupId=group_id] Request joining group due to: rebalance failed due to 'The group member needs to have a valid member id before actually entering a consumer group.' (MemberIdRequiredException)
2024-07-08 13:39:51,447 INFO o.a.k.c.c.i.AbstractCoordinator [org.springframework.kafka.KafkaListenerEndpointContainer#0-0-C-1] [Consumer clientId=consumer-group_id-1, groupId=group_id] (Re-)joining group
2024-07-08 13:39:51,451 INFO o.a.k.c.c.i.AbstractCoordinator$JoinGroupResponseHandler [org.springframework.kafka.KafkaListenerEndpointContainer#0-0-C-1] [Consumer clientId=consumer-group_id-1, groupId=group_id] Successfully joined group with generation Generation{generationId=5, memberId='consumer-group_id-1-49d92c6b-b464-45e0-aaa0-2e0eea31e268', protocol='range'}
2024-07-08 13:39:51,459 INFO o.a.k.c.c.i.ConsumerCoordinator [org.springframework.kafka.KafkaListenerEndpointContainer#0-0-C-1] [Consumer clientId=consumer-group_id-1, groupId=group_id] Finished assignment for group at generation 5: {consumer-group_id-1-49d92c6b-b464-45e0-aaa0-2e0eea31e268=Assignment(partitions=[binfood_topic-0])}
2024-07-08 13:39:51,466 INFO o.a.k.c.c.i.AbstractCoordinator$SyncGroupResponseHandler [org.springframework.kafka.KafkaListenerEndpointContainer#0-0-C-1] [Consumer clientId=consumer-group_id-1, groupId=group_id] Successfully synced group in generation Generation{generationId=5, memberId='consumer-group_id-1-49d92c6b-b464-45e0-aaa0-2e0eea31e268', protocol='range'}
2024-07-08 13:39:51,467 INFO o.a.k.c.c.i.ConsumerCoordinator [org.springframework.kafka.KafkaListenerEndpointContainer#0-0-C-1] [Consumer clientId=consumer-group_id-1, groupId=group_id] Notifying assignor about the new Assignment(partitions=[binfood_topic-0])
2024-07-08 13:39:51,473 INFO o.a.k.c.c.i.ConsumerCoordinator [org.springframework.kafka.KafkaListenerEndpointContainer#0-0-C-1] [Consumer clientId=consumer-group_id-1, groupId=group_id] Adding newly assigned partitions: binfood_topic-0
2024-07-08 13:39:51,482 INFO o.a.k.c.c.i.ConsumerCoordinator [org.springframework.kafka.KafkaListenerEndpointContainer#0-0-C-1] [Consumer clientId=consumer-group_id-1, groupId=group_id] Setting offset for partition binfood_topic-0 to the committed offset FetchPosition{offset=1, offsetEpoch=Optional.empty, currentLeader=LeaderAndEpoch{leader=Optional[LAPTOP-FNABH9KU:9092 (id: 0 rack: null)], epoch=0}}
2024-07-08 13:39:51,482 INFO o.s.c.l.LogAccessor [org.springframework.kafka.KafkaListenerEndpointContainer#0-0-C-1] group_id: partitions assigned: [binfood_topic-0]
2024-07-08 13:40:25,330 INFO o.a.j.l.DirectJDKLog [http-nio-8081-exec-2] Initializing Spring DispatcherServlet 'dispatcherServlet'
2024-07-08 13:40:25,330 INFO o.s.w.s.FrameworkServlet [http-nio-8081-exec-2] Initializing Servlet 'dispatcherServlet'
2024-07-08 13:40:25,331 INFO o.s.w.s.FrameworkServlet [http-nio-8081-exec-2] Completed initialization in 0 ms
2024-07-08 13:40:25,401 INFO o.a.k.c.c.AbstractConfig [http-nio-8081-exec-2] ProducerConfig values: 
	acks = -1
	auto.include.jmx.reporter = true
	batch.size = 16384
	bootstrap.servers = [localhost:9092]
	buffer.memory = 33554432
	client.dns.lookup = use_all_dns_ips
	client.id = producer-1
	compression.type = none
	connections.max.idle.ms = 540000
	delivery.timeout.ms = 120000
	enable.idempotence = true
	interceptor.classes = []
	key.serializer = class org.apache.kafka.common.serialization.StringSerializer
	linger.ms = 0
	max.block.ms = 60000
	max.in.flight.requests.per.connection = 5
	max.request.size = 1048576
	metadata.max.age.ms = 300000
	metadata.max.idle.ms = 300000
	metric.reporters = []
	metrics.num.samples = 2
	metrics.recording.level = INFO
	metrics.sample.window.ms = 30000
	partitioner.adaptive.partitioning.enable = true
	partitioner.availability.timeout.ms = 0
	partitioner.class = null
	partitioner.ignore.keys = false
	receive.buffer.bytes = 32768
	reconnect.backoff.max.ms = 1000
	reconnect.backoff.ms = 50
	request.timeout.ms = 30000
	retries = 2147483647
	retry.backoff.ms = 100
	sasl.client.callback.handler.class = null
	sasl.jaas.config = null
	sasl.kerberos.kinit.cmd = /usr/bin/kinit
	sasl.kerberos.min.time.before.relogin = 60000
	sasl.kerberos.service.name = null
	sasl.kerberos.ticket.renew.jitter = 0.05
	sasl.kerberos.ticket.renew.window.factor = 0.8
	sasl.login.callback.handler.class = null
	sasl.login.class = null
	sasl.login.connect.timeout.ms = null
	sasl.login.read.timeout.ms = null
	sasl.login.refresh.buffer.seconds = 300
	sasl.login.refresh.min.period.seconds = 60
	sasl.login.refresh.window.factor = 0.8
	sasl.login.refresh.window.jitter = 0.05
	sasl.login.retry.backoff.max.ms = 10000
	sasl.login.retry.backoff.ms = 100
	sasl.mechanism = GSSAPI
	sasl.oauthbearer.clock.skew.seconds = 30
	sasl.oauthbearer.expected.audience = null
	sasl.oauthbearer.expected.issuer = null
	sasl.oauthbearer.jwks.endpoint.refresh.ms = 3600000
	sasl.oauthbearer.jwks.endpoint.retry.backoff.max.ms = 10000
	sasl.oauthbearer.jwks.endpoint.retry.backoff.ms = 100
	sasl.oauthbearer.jwks.endpoint.url = null
	sasl.oauthbearer.scope.claim.name = scope
	sasl.oauthbearer.sub.claim.name = sub
	sasl.oauthbearer.token.endpoint.url = null
	security.protocol = PLAINTEXT
	security.providers = null
	send.buffer.bytes = 131072
	socket.connection.setup.timeout.max.ms = 30000
	socket.connection.setup.timeout.ms = 10000
	ssl.cipher.suites = null
	ssl.enabled.protocols = [TLSv1.2, TLSv1.3]
	ssl.endpoint.identification.algorithm = https
	ssl.engine.factory.class = null
	ssl.key.password = null
	ssl.keymanager.algorithm = SunX509
	ssl.keystore.certificate.chain = null
	ssl.keystore.key = null
	ssl.keystore.location = null
	ssl.keystore.password = null
	ssl.keystore.type = JKS
	ssl.protocol = TLSv1.3
	ssl.provider = null
	ssl.secure.random.implementation = null
	ssl.trustmanager.algorithm = PKIX
	ssl.truststore.certificates = null
	ssl.truststore.location = null
	ssl.truststore.password = null
	ssl.truststore.type = JKS
	transaction.timeout.ms = 60000
	transactional.id = null
	value.serializer = class org.springframework.kafka.support.serializer.JsonSerializer

2024-07-08 13:40:25,411 INFO o.a.k.c.p.KafkaProducer [http-nio-8081-exec-2] [Producer clientId=producer-1] Instantiated an idempotent producer.
2024-07-08 13:40:25,422 INFO o.a.k.c.u.AppInfoParser$AppInfo [http-nio-8081-exec-2] Kafka version: 3.6.2
2024-07-08 13:40:25,422 INFO o.a.k.c.u.AppInfoParser$AppInfo [http-nio-8081-exec-2] Kafka commitId: c4deed513057c94e
2024-07-08 13:40:25,422 INFO o.a.k.c.u.AppInfoParser$AppInfo [http-nio-8081-exec-2] Kafka startTimeMs: 1720420825422
2024-07-08 13:40:25,427 INFO o.a.k.c.Metadata [kafka-producer-network-thread | producer-1] [Producer clientId=producer-1] Cluster ID: HV0K0rtxSAer84v2T4r0OA
2024-07-08 13:40:25,428 INFO o.a.k.c.p.i.TransactionManager [kafka-producer-network-thread | producer-1] [Producer clientId=producer-1] ProducerId set to 2 with epoch 0
