2024-07-01 17:30:26,503 INFO o.s.o.j.AbstractEntityManagerFactoryBean [SpringApplicationShutdownHook] Closing JPA EntityManagerFactory for persistence unit 'default'
2024-07-01 17:30:26,508 INFO c.z.h.HikariDataSource [SpringApplicationShutdownHook] HikariPool-1 - Shutdown initiated...
2024-07-01 17:30:26,513 INFO c.z.h.HikariDataSource [SpringApplicationShutdownHook] HikariPool-1 - Shutdown completed.
2024-07-01 17:30:31,264 INFO o.s.b.StartupInfoLogger [main] Starting BinfoodApplication using Java 19.0.2 with PID 48124 (D:\nisa\Synrgy Academy 2024\synrgy7\F-BJV24001115-synrgy7-rah-binfood-ch7\target\classes started by user in D:\nisa\Synrgy Academy 2024\synrgy7\F-BJV24001115-synrgy7-rah-binfood-ch7)
2024-07-01 17:30:31,266 INFO o.s.b.SpringApplication [main] No active profile set, falling back to 1 default profile: "default"
2024-07-01 17:30:32,026 INFO o.s.d.r.c.RepositoryConfigurationDelegate [main] Bootstrapping Spring Data JPA repositories in DEFAULT mode.
2024-07-01 17:30:32,103 INFO o.s.d.r.c.RepositoryConfigurationDelegate [main] Finished Spring Data repository scanning in 72 ms. Found 6 JPA repository interfaces.
2024-07-01 17:30:32,493 INFO o.s.b.w.e.t.TomcatWebServer [main] Tomcat initialized with port 8081 (http)
2024-07-01 17:30:32,503 INFO o.a.j.l.DirectJDKLog [main] Initializing ProtocolHandler ["http-nio-8081"]
2024-07-01 17:30:32,505 INFO o.a.j.l.DirectJDKLog [main] Starting service [Tomcat]
2024-07-01 17:30:32,506 INFO o.a.j.l.DirectJDKLog [main] Starting Servlet engine: [Apache Tomcat/10.1.20]
2024-07-01 17:30:32,560 INFO o.a.j.l.DirectJDKLog [main] Initializing Spring embedded WebApplicationContext
2024-07-01 17:30:32,560 INFO o.s.b.w.s.c.ServletWebServerApplicationContext [main] Root WebApplicationContext: initialization completed in 1254 ms
2024-07-01 17:30:32,653 INFO o.h.j.i.u.LogHelper [main] HHH000204: Processing PersistenceUnitInfo [name: default]
2024-07-01 17:30:32,686 INFO o.h.Version [main] HHH000412: Hibernate ORM core version 6.4.4.Final
2024-07-01 17:30:32,742 INFO o.h.c.i.RegionFactoryInitiator [main] HHH000026: Second-level cache disabled
2024-07-01 17:30:32,901 INFO o.s.o.j.p.SpringPersistenceUnitInfo [main] No LoadTimeWeaver setup: ignoring JPA class transformer
2024-07-01 17:30:32,918 INFO c.z.h.HikariDataSource [main] HikariPool-1 - Starting...
2024-07-01 17:30:33,015 INFO c.z.h.p.HikariPool [main] HikariPool-1 - Added connection org.postgresql.jdbc.PgConnection@6de33fde
2024-07-01 17:30:33,017 INFO c.z.h.HikariDataSource [main] HikariPool-1 - Start completed.
2024-07-01 17:30:33,057 WARN o.h.e.j.d.i.DialectFactoryImpl [main] HHH90000025: PostgreSQLDialect does not need to be specified explicitly using 'hibernate.dialect' (remove the property setting and it will be selected by default)
2024-07-01 17:30:33,945 INFO o.h.e.t.j.p.i.JtaPlatformInitiator [main] HHH000489: No JTA platform available (set 'hibernate.transaction.jta.platform' to enable JTA platform integration)
2024-07-01 17:30:34,073 INFO o.s.o.j.AbstractEntityManagerFactoryBean [main] Initialized JPA EntityManagerFactory for persistence unit 'default'
2024-07-01 17:30:34,408 INFO o.s.d.j.r.q.QueryEnhancerFactory [main] Hibernate is in classpath; If applicable, HQL parser will be used.
2024-07-01 17:30:34,772 WARN o.s.b.a.o.j.JpaBaseConfiguration$JpaWebConfiguration [main] spring.jpa.open-in-view is enabled by default. Therefore, database queries may be performed during view rendering. Explicitly configure spring.jpa.open-in-view to disable this warning
2024-07-01 17:30:35,015 INFO o.s.s.w.DefaultSecurityFilterChain [main] Will secure any request with [org.springframework.security.web.session.DisableEncodeUrlFilter@29922188, org.springframework.security.web.context.request.async.WebAsyncManagerIntegrationFilter@6a5ed5f9, org.springframework.security.web.context.SecurityContextHolderFilter@75b05ec7, org.springframework.security.web.header.HeaderWriterFilter@2449dff5, org.springframework.web.filter.CorsFilter@6b8de9dc, org.springframework.security.web.authentication.logout.LogoutFilter@53e7cc08, org.springframework.security.oauth2.client.web.OAuth2AuthorizationRequestRedirectFilter@139e291e, org.springframework.security.oauth2.client.web.OAuth2LoginAuthenticationFilter@173a86ad, com.rahmi.binfood.security.JwtRequestFilter@6fb2b972, org.springframework.security.web.savedrequest.RequestCacheAwareFilter@4e0dec0c, org.springframework.security.web.servletapi.SecurityContextHolderAwareRequestFilter@3dd4f91d, org.springframework.security.web.authentication.AnonymousAuthenticationFilter@6a8fa30a, org.springframework.security.web.session.SessionManagementFilter@65a42136, org.springframework.security.web.access.ExceptionTranslationFilter@6e48dc84, org.springframework.security.web.access.intercept.AuthorizationFilter@4dba2d07]
2024-07-01 17:30:35,264 INFO o.a.j.l.DirectJDKLog [main] Starting ProtocolHandler ["http-nio-8081"]
2024-07-01 17:30:35,281 INFO o.s.b.w.e.t.TomcatWebServer [main] Tomcat started on port 8081 (http) with context path ''
2024-07-01 17:30:35,290 INFO o.s.b.StartupInfoLogger [main] Started BinfoodApplication in 4.488 seconds (process running for 5.112)
