2024-07-07 03:01:02,574 INFO o.s.o.j.AbstractEntityManagerFactoryBean [SpringApplicationShutdownHook] Closing JPA EntityManagerFactory for persistence unit 'default'
2024-07-07 03:01:02,579 INFO c.z.h.HikariDataSource [SpringApplicationShutdownHook] HikariPool-1 - Shutdown initiated...
2024-07-07 03:01:02,583 INFO c.z.h.HikariDataSource [SpringApplicationShutdownHook] HikariPool-1 - Shutdown completed.
2024-07-07 03:01:06,751 INFO o.s.b.StartupInfoLogger [main] Starting BinfoodApplication using Java 19.0.2 with PID 15412 (D:\nisa\Synrgy Academy 2024\synrgy7\F-BJV24001115-synrgy7-rah-binfood-ch7\target\classes started by user in D:\nisa\Synrgy Academy 2024\synrgy7\F-BJV24001115-synrgy7-rah-binfood-ch7)
2024-07-07 03:01:06,752 INFO o.s.b.SpringApplication [main] No active profile set, falling back to 1 default profile: "default"
2024-07-07 03:01:07,414 INFO o.s.d.r.c.RepositoryConfigurationDelegate [main] Bootstrapping Spring Data JPA repositories in DEFAULT mode.
2024-07-07 03:01:07,502 INFO o.s.d.r.c.RepositoryConfigurationDelegate [main] Finished Spring Data repository scanning in 79 ms. Found 6 JPA repository interfaces.
2024-07-07 03:01:07,847 INFO o.s.b.w.e.t.TomcatWebServer [main] Tomcat initialized with port 8081 (http)
2024-07-07 03:01:07,854 INFO o.a.j.l.DirectJDKLog [main] Initializing ProtocolHandler ["http-nio-8081"]
2024-07-07 03:01:07,855 INFO o.a.j.l.DirectJDKLog [main] Starting service [Tomcat]
2024-07-07 03:01:07,856 INFO o.a.j.l.DirectJDKLog [main] Starting Servlet engine: [Apache Tomcat/10.1.20]
2024-07-07 03:01:07,909 INFO o.a.j.l.DirectJDKLog [main] Initializing Spring embedded WebApplicationContext
2024-07-07 03:01:07,910 INFO o.s.b.w.s.c.ServletWebServerApplicationContext [main] Root WebApplicationContext: initialization completed in 1130 ms
2024-07-07 03:01:08,002 INFO o.h.j.i.u.LogHelper [main] HHH000204: Processing PersistenceUnitInfo [name: default]
2024-07-07 03:01:08,033 INFO o.h.Version [main] HHH000412: Hibernate ORM core version 6.4.4.Final
2024-07-07 03:01:08,071 INFO o.h.c.i.RegionFactoryInitiator [main] HHH000026: Second-level cache disabled
2024-07-07 03:01:08,217 INFO o.s.o.j.p.SpringPersistenceUnitInfo [main] No LoadTimeWeaver setup: ignoring JPA class transformer
2024-07-07 03:01:08,234 INFO c.z.h.HikariDataSource [main] HikariPool-1 - Starting...
2024-07-07 03:01:08,347 INFO c.z.h.p.HikariPool [main] HikariPool-1 - Added connection org.postgresql.jdbc.PgConnection@2c1a8529
2024-07-07 03:01:08,349 INFO c.z.h.HikariDataSource [main] HikariPool-1 - Start completed.
2024-07-07 03:01:08,373 WARN o.h.e.j.d.i.DialectFactoryImpl [main] HHH90000025: PostgreSQLDialect does not need to be specified explicitly using 'hibernate.dialect' (remove the property setting and it will be selected by default)
2024-07-07 03:01:09,101 INFO o.h.e.t.j.p.i.JtaPlatformInitiator [main] HHH000489: No JTA platform available (set 'hibernate.transaction.jta.platform' to enable JTA platform integration)
2024-07-07 03:01:09,195 INFO o.s.o.j.AbstractEntityManagerFactoryBean [main] Initialized JPA EntityManagerFactory for persistence unit 'default'
2024-07-07 03:01:09,531 WARN o.s.b.a.o.j.JpaBaseConfiguration$JpaWebConfiguration [main] spring.jpa.open-in-view is enabled by default. Therefore, database queries may be performed during view rendering. Explicitly configure spring.jpa.open-in-view to disable this warning
2024-07-07 03:01:09,636 INFO o.s.d.j.r.q.QueryEnhancerFactory [main] Hibernate is in classpath; If applicable, HQL parser will be used.
2024-07-07 03:01:09,991 INFO o.s.s.w.DefaultSecurityFilterChain [main] Will secure any request with [org.springframework.security.web.session.DisableEncodeUrlFilter@5b51a4c7, org.springframework.security.web.context.request.async.WebAsyncManagerIntegrationFilter@1a61721e, org.springframework.security.web.context.SecurityContextHolderFilter@7cb9295f, org.springframework.security.web.header.HeaderWriterFilter@6990f6af, org.springframework.web.filter.CorsFilter@6eb06667, org.springframework.security.web.authentication.logout.LogoutFilter@28516b2d, org.springframework.security.oauth2.client.web.OAuth2AuthorizationRequestRedirectFilter@20326436, org.springframework.security.oauth2.client.web.OAuth2LoginAuthenticationFilter@4bd1541f, com.rahmi.binfood.security.JwtRequestFilter@12bb8943, org.springframework.security.web.savedrequest.RequestCacheAwareFilter@8e654f7, org.springframework.security.web.servletapi.SecurityContextHolderAwareRequestFilter@18ea9bec, org.springframework.security.web.authentication.AnonymousAuthenticationFilter@2f0dae44, org.springframework.security.web.session.SessionManagementFilter@200ef05b, org.springframework.security.web.access.ExceptionTranslationFilter@2db55dec, org.springframework.security.web.access.intercept.AuthorizationFilter@1088b120]
2024-07-07 03:01:10,164 INFO o.a.j.l.DirectJDKLog [main] Starting ProtocolHandler ["http-nio-8081"]
2024-07-07 03:01:10,182 INFO o.s.b.w.e.t.TomcatWebServer [main] Tomcat started on port 8081 (http) with context path ''
2024-07-07 03:01:10,190 INFO o.s.b.StartupInfoLogger [main] Started BinfoodApplication in 3.795 seconds (process running for 4.262)
2024-07-07 03:01:24,599 INFO o.a.j.l.DirectJDKLog [http-nio-8081-exec-1] Initializing Spring DispatcherServlet 'dispatcherServlet'
2024-07-07 03:01:24,599 INFO o.s.w.s.FrameworkServlet [http-nio-8081-exec-1] Initializing Servlet 'dispatcherServlet'
2024-07-07 03:01:24,600 INFO o.s.w.s.FrameworkServlet [http-nio-8081-exec-1] Completed initialization in 1 ms
