2024-07-05 16:46:31,418 INFO o.s.b.StartupInfoLogger [main] Starting BinfoodApplication using Java 19.0.2 with PID 15400 (D:\nisa\Synrgy Academy 2024\synrgy7\F-BJV24001115-synrgy7-rah-binfood-ch7\target\classes started by user in D:\nisa\Synrgy Academy 2024\synrgy7\F-BJV24001115-synrgy7-rah-binfood-ch7)
2024-07-05 16:46:31,421 INFO o.s.b.SpringApplication [main] No active profile set, falling back to 1 default profile: "default"
2024-07-05 16:46:31,969 INFO o.s.d.r.c.RepositoryConfigurationDelegate [main] Bootstrapping Spring Data JPA repositories in DEFAULT mode.
2024-07-05 16:46:32,015 INFO o.s.d.r.c.RepositoryConfigurationDelegate [main] Finished Spring Data repository scanning in 42 ms. Found 6 JPA repository interfaces.
2024-07-05 16:46:32,318 INFO o.s.b.w.e.t.TomcatWebServer [main] Tomcat initialized with port 8081 (http)
2024-07-05 16:46:32,325 INFO o.a.j.l.DirectJDKLog [main] Initializing ProtocolHandler ["http-nio-8081"]
2024-07-05 16:46:32,326 INFO o.a.j.l.DirectJDKLog [main] Starting service [Tomcat]
2024-07-05 16:46:32,326 INFO o.a.j.l.DirectJDKLog [main] Starting Servlet engine: [Apache Tomcat/10.1.20]
2024-07-05 16:46:32,366 INFO o.a.j.l.DirectJDKLog [main] Initializing Spring embedded WebApplicationContext
2024-07-05 16:46:32,366 INFO o.s.b.w.s.c.ServletWebServerApplicationContext [main] Root WebApplicationContext: initialization completed in 920 ms
2024-07-05 16:46:32,442 INFO o.h.j.i.u.LogHelper [main] HHH000204: Processing PersistenceUnitInfo [name: default]
2024-07-05 16:46:32,475 INFO o.h.Version [main] HHH000412: Hibernate ORM core version 6.4.4.Final
2024-07-05 16:46:32,505 INFO o.h.c.i.RegionFactoryInitiator [main] HHH000026: Second-level cache disabled
2024-07-05 16:46:32,649 INFO o.s.o.j.p.SpringPersistenceUnitInfo [main] No LoadTimeWeaver setup: ignoring JPA class transformer
2024-07-05 16:46:32,667 INFO c.z.h.HikariDataSource [main] HikariPool-1 - Starting...
2024-07-05 16:46:32,765 INFO c.z.h.p.HikariPool [main] HikariPool-1 - Added connection org.postgresql.jdbc.PgConnection@45e639ee
2024-07-05 16:46:32,766 INFO c.z.h.HikariDataSource [main] HikariPool-1 - Start completed.
2024-07-05 16:46:32,788 WARN o.h.e.j.d.i.DialectFactoryImpl [main] HHH90000025: PostgreSQLDialect does not need to be specified explicitly using 'hibernate.dialect' (remove the property setting and it will be selected by default)
2024-07-05 16:46:33,465 INFO o.h.e.t.j.p.i.JtaPlatformInitiator [main] HHH000489: No JTA platform available (set 'hibernate.transaction.jta.platform' to enable JTA platform integration)
2024-07-05 16:46:33,549 INFO o.s.o.j.AbstractEntityManagerFactoryBean [main] Initialized JPA EntityManagerFactory for persistence unit 'default'
2024-07-05 16:46:33,817 INFO o.s.d.j.r.q.QueryEnhancerFactory [main] Hibernate is in classpath; If applicable, HQL parser will be used.
2024-07-05 16:46:34,111 WARN o.s.b.a.o.j.JpaBaseConfiguration$JpaWebConfiguration [main] spring.jpa.open-in-view is enabled by default. Therefore, database queries may be performed during view rendering. Explicitly configure spring.jpa.open-in-view to disable this warning
2024-07-05 16:46:34,316 INFO o.s.s.w.DefaultSecurityFilterChain [main] Will secure any request with [org.springframework.security.web.session.DisableEncodeUrlFilter@2f81d7f, org.springframework.security.web.context.request.async.WebAsyncManagerIntegrationFilter@265ef3d0, org.springframework.security.web.context.SecurityContextHolderFilter@21339b6f, org.springframework.security.web.header.HeaderWriterFilter@4c666872, org.springframework.web.filter.CorsFilter@761ac810, org.springframework.security.web.authentication.logout.LogoutFilter@64e6f678, org.springframework.security.oauth2.client.web.OAuth2AuthorizationRequestRedirectFilter@79fa9f97, org.springframework.security.oauth2.client.web.OAuth2LoginAuthenticationFilter@30e29c0c, com.rahmi.binfood.security.JwtRequestFilter@45f4c27c, org.springframework.security.web.savedrequest.RequestCacheAwareFilter@13088030, org.springframework.security.web.servletapi.SecurityContextHolderAwareRequestFilter@71e6bac0, org.springframework.security.web.authentication.AnonymousAuthenticationFilter@33212ae6, org.springframework.security.web.session.SessionManagementFilter@72117a6c, org.springframework.security.web.access.ExceptionTranslationFilter@746f5752, org.springframework.security.web.access.intercept.AuthorizationFilter@180466a9]
2024-07-05 16:46:34,505 INFO o.a.j.l.DirectJDKLog [main] Starting ProtocolHandler ["http-nio-8081"]
2024-07-05 16:46:34,515 INFO o.s.b.w.e.t.TomcatWebServer [main] Tomcat started on port 8081 (http) with context path ''
2024-07-05 16:46:34,523 INFO o.s.b.StartupInfoLogger [main] Started BinfoodApplication in 3.448 seconds (process running for 3.926)
2024-07-05 16:46:38,973 INFO o.a.j.l.DirectJDKLog [http-nio-8081-exec-1] Initializing Spring DispatcherServlet 'dispatcherServlet'
2024-07-05 16:46:38,974 INFO o.s.w.s.FrameworkServlet [http-nio-8081-exec-1] Initializing Servlet 'dispatcherServlet'
2024-07-05 16:46:38,975 INFO o.s.w.s.FrameworkServlet [http-nio-8081-exec-1] Completed initialization in 1 ms
