2024-07-07 03:06:18,172 INFO o.s.o.j.AbstractEntityManagerFactoryBean [SpringApplicationShutdownHook] Closing JPA EntityManagerFactory for persistence unit 'default'
2024-07-07 03:06:18,175 INFO c.z.h.HikariDataSource [SpringApplicationShutdownHook] HikariPool-1 - Shutdown initiated...
2024-07-07 03:06:18,178 INFO c.z.h.HikariDataSource [SpringApplicationShutdownHook] HikariPool-1 - Shutdown completed.
2024-07-07 13:06:52,099 INFO o.s.b.StartupInfoLogger [main] Starting BinfoodApplication using Java 19.0.2 with PID 24652 (D:\nisa\Synrgy Academy 2024\synrgy7\F-BJV24001115-synrgy7-rah-binfood-ch7\target\classes started by user in D:\nisa\Synrgy Academy 2024\synrgy7\F-BJV24001115-synrgy7-rah-binfood-ch7)
2024-07-07 13:06:52,164 INFO o.s.b.SpringApplication [main] No active profile set, falling back to 1 default profile: "default"
2024-07-07 13:06:53,086 INFO o.s.d.r.c.RepositoryConfigurationDelegate [main] Bootstrapping Spring Data JPA repositories in DEFAULT mode.
2024-07-07 13:06:53,175 INFO o.s.d.r.c.RepositoryConfigurationDelegate [main] Finished Spring Data repository scanning in 79 ms. Found 6 JPA repository interfaces.
2024-07-07 13:06:53,605 INFO o.s.b.w.e.t.TomcatWebServer [main] Tomcat initialized with port 8081 (http)
2024-07-07 13:06:53,615 INFO o.a.j.l.DirectJDKLog [main] Initializing ProtocolHandler ["http-nio-8081"]
2024-07-07 13:06:53,616 INFO o.a.j.l.DirectJDKLog [main] Starting service [Tomcat]
2024-07-07 13:06:53,616 INFO o.a.j.l.DirectJDKLog [main] Starting Servlet engine: [Apache Tomcat/10.1.20]
2024-07-07 13:06:53,678 INFO o.a.j.l.DirectJDKLog [main] Initializing Spring embedded WebApplicationContext
2024-07-07 13:06:53,678 INFO o.s.b.w.s.c.ServletWebServerApplicationContext [main] Root WebApplicationContext: initialization completed in 1393 ms
2024-07-07 13:06:53,784 INFO o.h.j.i.u.LogHelper [main] HHH000204: Processing PersistenceUnitInfo [name: default]
2024-07-07 13:06:53,851 INFO o.h.Version [main] HHH000412: Hibernate ORM core version 6.4.4.Final
2024-07-07 13:06:53,890 INFO o.h.c.i.RegionFactoryInitiator [main] HHH000026: Second-level cache disabled
2024-07-07 13:06:54,128 INFO o.s.o.j.p.SpringPersistenceUnitInfo [main] No LoadTimeWeaver setup: ignoring JPA class transformer
2024-07-07 13:06:54,154 INFO c.z.h.HikariDataSource [main] HikariPool-1 - Starting...
2024-07-07 13:06:54,348 INFO c.z.h.p.HikariPool [main] HikariPool-1 - Added connection org.postgresql.jdbc.PgConnection@6d7865d6
2024-07-07 13:06:54,349 INFO c.z.h.HikariDataSource [main] HikariPool-1 - Start completed.
2024-07-07 13:06:54,386 WARN o.h.e.j.d.i.DialectFactoryImpl [main] HHH90000025: PostgreSQLDialect does not need to be specified explicitly using 'hibernate.dialect' (remove the property setting and it will be selected by default)
2024-07-07 13:06:55,378 INFO o.h.e.t.j.p.i.JtaPlatformInitiator [main] HHH000489: No JTA platform available (set 'hibernate.transaction.jta.platform' to enable JTA platform integration)
2024-07-07 13:06:55,521 INFO o.s.o.j.AbstractEntityManagerFactoryBean [main] Initialized JPA EntityManagerFactory for persistence unit 'default'
2024-07-07 13:06:56,049 WARN o.s.b.a.o.j.JpaBaseConfiguration$JpaWebConfiguration [main] spring.jpa.open-in-view is enabled by default. Therefore, database queries may be performed during view rendering. Explicitly configure spring.jpa.open-in-view to disable this warning
2024-07-07 13:06:56,213 INFO o.s.d.j.r.q.QueryEnhancerFactory [main] Hibernate is in classpath; If applicable, HQL parser will be used.
2024-07-07 13:06:56,719 INFO o.s.s.w.DefaultSecurityFilterChain [main] Will secure any request with [org.springframework.security.web.session.DisableEncodeUrlFilter@1a61721e, org.springframework.security.web.context.request.async.WebAsyncManagerIntegrationFilter@6eb06667, org.springframework.security.web.context.SecurityContextHolderFilter@2b6282bb, org.springframework.security.web.header.HeaderWriterFilter@27d38370, org.springframework.web.filter.CorsFilter@2f0dae44, org.springframework.security.web.authentication.logout.LogoutFilter@2c7fb24c, org.springframework.security.oauth2.client.web.OAuth2AuthorizationRequestRedirectFilter@5faa0c51, org.springframework.security.oauth2.client.web.OAuth2LoginAuthenticationFilter@78f18a87, com.rahmi.binfood.security.JwtRequestFilter@2472ba04, org.springframework.security.web.savedrequest.RequestCacheAwareFilter@18ea9bec, org.springframework.security.web.servletapi.SecurityContextHolderAwareRequestFilter@2dacaa7f, org.springframework.security.web.authentication.AnonymousAuthenticationFilter@79ac50fe, org.springframework.security.web.session.SessionManagementFilter@298154d4, org.springframework.security.web.access.ExceptionTranslationFilter@3637e628, org.springframework.security.web.access.intercept.AuthorizationFilter@6b4133d0]
2024-07-07 13:06:56,954 INFO o.a.j.l.DirectJDKLog [main] Starting ProtocolHandler ["http-nio-8081"]
2024-07-07 13:06:56,969 INFO o.s.b.w.e.t.TomcatWebServer [main] Tomcat started on port 8081 (http) with context path ''
2024-07-07 13:06:56,978 INFO o.s.b.StartupInfoLogger [main] Started BinfoodApplication in 5.379 seconds (process running for 6.116)
2024-07-07 13:07:25,588 INFO o.a.j.l.DirectJDKLog [http-nio-8081-exec-2] Initializing Spring DispatcherServlet 'dispatcherServlet'
2024-07-07 13:07:25,589 INFO o.s.w.s.FrameworkServlet [http-nio-8081-exec-2] Initializing Servlet 'dispatcherServlet'
2024-07-07 13:07:25,590 INFO o.s.w.s.FrameworkServlet [http-nio-8081-exec-2] Completed initialization in 0 ms
