2024-07-07 13:35:10,237 INFO o.s.o.j.AbstractEntityManagerFactoryBean [SpringApplicationShutdownHook] Closing JPA EntityManagerFactory for persistence unit 'default'
2024-07-07 13:35:10,242 INFO c.z.h.HikariDataSource [SpringApplicationShutdownHook] HikariPool-1 - Shutdown initiated...
2024-07-07 13:35:10,244 INFO c.z.h.HikariDataSource [SpringApplicationShutdownHook] HikariPool-1 - Shutdown completed.
2024-07-07 13:35:13,789 INFO o.s.b.StartupInfoLogger [main] Starting BinfoodApplication using Java 19.0.2 with PID 10624 (D:\nisa\Synrgy Academy 2024\synrgy7\F-BJV24001115-synrgy7-rah-binfood-ch7\target\classes started by user in D:\nisa\Synrgy Academy 2024\synrgy7\F-BJV24001115-synrgy7-rah-binfood-ch7)
2024-07-07 13:35:13,790 INFO o.s.b.SpringApplication [main] No active profile set, falling back to 1 default profile: "default"
2024-07-07 13:35:14,364 INFO o.s.d.r.c.RepositoryConfigurationDelegate [main] Bootstrapping Spring Data JPA repositories in DEFAULT mode.
2024-07-07 13:35:14,428 INFO o.s.d.r.c.RepositoryConfigurationDelegate [main] Finished Spring Data repository scanning in 58 ms. Found 6 JPA repository interfaces.
2024-07-07 13:35:14,766 INFO o.s.b.w.e.t.TomcatWebServer [main] Tomcat initialized with port 8081 (http)
2024-07-07 13:35:14,773 INFO o.a.j.l.DirectJDKLog [main] Initializing ProtocolHandler ["http-nio-8081"]
2024-07-07 13:35:14,776 INFO o.a.j.l.DirectJDKLog [main] Starting service [Tomcat]
2024-07-07 13:35:14,776 INFO o.a.j.l.DirectJDKLog [main] Starting Servlet engine: [Apache Tomcat/10.1.20]
2024-07-07 13:35:14,823 INFO o.a.j.l.DirectJDKLog [main] Initializing Spring embedded WebApplicationContext
2024-07-07 13:35:14,824 INFO o.s.b.w.s.c.ServletWebServerApplicationContext [main] Root WebApplicationContext: initialization completed in 1009 ms
2024-07-07 13:35:14,910 INFO o.h.j.i.u.LogHelper [main] HHH000204: Processing PersistenceUnitInfo [name: default]
2024-07-07 13:35:14,939 INFO o.h.Version [main] HHH000412: Hibernate ORM core version 6.4.4.Final
2024-07-07 13:35:14,982 INFO o.h.c.i.RegionFactoryInitiator [main] HHH000026: Second-level cache disabled
2024-07-07 13:35:15,121 INFO o.s.o.j.p.SpringPersistenceUnitInfo [main] No LoadTimeWeaver setup: ignoring JPA class transformer
2024-07-07 13:35:15,139 INFO c.z.h.HikariDataSource [main] HikariPool-1 - Starting...
2024-07-07 13:35:15,257 INFO c.z.h.p.HikariPool [main] HikariPool-1 - Added connection org.postgresql.jdbc.PgConnection@45e639ee
2024-07-07 13:35:15,258 INFO c.z.h.HikariDataSource [main] HikariPool-1 - Start completed.
2024-07-07 13:35:15,286 WARN o.h.e.j.d.i.DialectFactoryImpl [main] HHH90000025: PostgreSQLDialect does not need to be specified explicitly using 'hibernate.dialect' (remove the property setting and it will be selected by default)
2024-07-07 13:35:15,991 INFO o.h.e.t.j.p.i.JtaPlatformInitiator [main] HHH000489: No JTA platform available (set 'hibernate.transaction.jta.platform' to enable JTA platform integration)
2024-07-07 13:35:16,091 INFO o.s.o.j.AbstractEntityManagerFactoryBean [main] Initialized JPA EntityManagerFactory for persistence unit 'default'
2024-07-07 13:35:16,436 WARN o.s.b.a.o.j.JpaBaseConfiguration$JpaWebConfiguration [main] spring.jpa.open-in-view is enabled by default. Therefore, database queries may be performed during view rendering. Explicitly configure spring.jpa.open-in-view to disable this warning
2024-07-07 13:35:16,541 INFO o.s.d.j.r.q.QueryEnhancerFactory [main] Hibernate is in classpath; If applicable, HQL parser will be used.
2024-07-07 13:35:16,973 INFO o.s.s.w.DefaultSecurityFilterChain [main] Will secure any request with [org.springframework.security.web.session.DisableEncodeUrlFilter@77cf9b08, org.springframework.security.web.context.request.async.WebAsyncManagerIntegrationFilter@20326436, org.springframework.security.web.context.SecurityContextHolderFilter@2db55dec, org.springframework.security.web.header.HeaderWriterFilter@45b221c7, org.springframework.web.filter.CorsFilter@5faa0c51, org.springframework.security.web.authentication.logout.LogoutFilter@2670435, org.springframework.security.oauth2.client.web.OAuth2AuthorizationRequestRedirectFilter@1b61c1, org.springframework.security.oauth2.client.web.OAuth2LoginAuthenticationFilter@66f62b8c, com.rahmi.binfood.security.JwtRequestFilter@1a0e5c0c, org.springframework.security.web.savedrequest.RequestCacheAwareFilter@6990f6af, org.springframework.security.web.servletapi.SecurityContextHolderAwareRequestFilter@27d38370, org.springframework.security.web.authentication.AnonymousAuthenticationFilter@404d90c5, org.springframework.security.web.session.SessionManagementFilter@7e38f55, org.springframework.security.web.access.ExceptionTranslationFilter@5698a866, org.springframework.security.web.access.intercept.AuthorizationFilter@50ade311]
2024-07-07 13:35:17,173 INFO o.a.j.l.DirectJDKLog [main] Starting ProtocolHandler ["http-nio-8081"]
2024-07-07 13:35:17,186 INFO o.s.b.w.e.t.TomcatWebServer [main] Tomcat started on port 8081 (http) with context path ''
2024-07-07 13:35:17,193 INFO o.s.b.StartupInfoLogger [main] Started BinfoodApplication in 3.744 seconds (process running for 4.344)
2024-07-07 13:35:19,013 INFO o.a.j.l.DirectJDKLog [http-nio-8081-exec-1] Initializing Spring DispatcherServlet 'dispatcherServlet'
2024-07-07 13:35:19,013 INFO o.s.w.s.FrameworkServlet [http-nio-8081-exec-1] Initializing Servlet 'dispatcherServlet'
2024-07-07 13:35:19,014 INFO o.s.w.s.FrameworkServlet [http-nio-8081-exec-1] Completed initialization in 1 ms
2024-07-07 13:36:01,210 INFO o.s.o.j.AbstractEntityManagerFactoryBean [SpringApplicationShutdownHook] Closing JPA EntityManagerFactory for persistence unit 'default'
2024-07-07 13:36:01,211 INFO c.z.h.HikariDataSource [SpringApplicationShutdownHook] HikariPool-1 - Shutdown initiated...
2024-07-07 13:36:01,213 INFO c.z.h.HikariDataSource [SpringApplicationShutdownHook] HikariPool-1 - Shutdown completed.
