2024-07-07 01:22:24,334 INFO o.s.b.StartupInfoLogger [main] Starting BinfoodApplication using Java 19.0.2 with PID 27200 (D:\nisa\Synrgy Academy 2024\synrgy7\F-BJV24001115-synrgy7-rah-binfood-ch7\target\classes started by user in D:\nisa\Synrgy Academy 2024\synrgy7\F-BJV24001115-synrgy7-rah-binfood-ch7)
2024-07-07 01:22:24,334 INFO o.s.b.SpringApplication [main] No active profile set, falling back to 1 default profile: "default"
2024-07-07 01:22:25,479 INFO o.s.d.r.c.RepositoryConfigurationDelegate [main] Bootstrapping Spring Data JPA repositories in DEFAULT mode.
2024-07-07 01:22:25,552 INFO o.s.d.r.c.RepositoryConfigurationDelegate [main] Finished Spring Data repository scanning in 68 ms. Found 6 JPA repository interfaces.
2024-07-07 01:22:25,981 INFO o.s.b.w.e.t.TomcatWebServer [main] Tomcat initialized with port 8081 (http)
2024-07-07 01:22:25,998 INFO o.a.j.l.DirectJDKLog [main] Initializing ProtocolHandler ["http-nio-8081"]
2024-07-07 01:22:26,000 INFO o.a.j.l.DirectJDKLog [main] Starting service [Tomcat]
2024-07-07 01:22:26,000 INFO o.a.j.l.DirectJDKLog [main] Starting Servlet engine: [Apache Tomcat/10.1.20]
2024-07-07 01:22:26,071 INFO o.a.j.l.DirectJDKLog [main] Initializing Spring embedded WebApplicationContext
2024-07-07 01:22:26,072 INFO o.s.b.w.s.c.ServletWebServerApplicationContext [main] Root WebApplicationContext: initialization completed in 1699 ms
2024-07-07 01:22:26,212 INFO o.h.j.i.u.LogHelper [main] HHH000204: Processing PersistenceUnitInfo [name: default]
2024-07-07 01:22:26,298 INFO o.h.Version [main] HHH000412: Hibernate ORM core version 6.4.4.Final
2024-07-07 01:22:26,338 INFO o.h.c.i.RegionFactoryInitiator [main] HHH000026: Second-level cache disabled
2024-07-07 01:22:26,575 INFO o.s.o.j.p.SpringPersistenceUnitInfo [main] No LoadTimeWeaver setup: ignoring JPA class transformer
2024-07-07 01:22:26,601 INFO c.z.h.HikariDataSource [main] HikariPool-1 - Starting...
2024-07-07 01:22:26,787 INFO c.z.h.p.HikariPool [main] HikariPool-1 - Added connection org.postgresql.jdbc.PgConnection@23d0944b
2024-07-07 01:22:26,790 INFO c.z.h.HikariDataSource [main] HikariPool-1 - Start completed.
2024-07-07 01:22:26,857 WARN o.h.e.j.d.i.DialectFactoryImpl [main] HHH90000025: PostgreSQLDialect does not need to be specified explicitly using 'hibernate.dialect' (remove the property setting and it will be selected by default)
2024-07-07 01:22:27,767 INFO o.h.e.t.j.p.i.JtaPlatformInitiator [main] HHH000489: No JTA platform available (set 'hibernate.transaction.jta.platform' to enable JTA platform integration)
2024-07-07 01:22:27,915 INFO o.s.o.j.AbstractEntityManagerFactoryBean [main] Initialized JPA EntityManagerFactory for persistence unit 'default'
2024-07-07 01:22:28,346 WARN o.s.b.a.o.j.JpaBaseConfiguration$JpaWebConfiguration [main] spring.jpa.open-in-view is enabled by default. Therefore, database queries may be performed during view rendering. Explicitly configure spring.jpa.open-in-view to disable this warning
2024-07-07 01:22:28,478 INFO o.s.d.j.r.q.QueryEnhancerFactory [main] Hibernate is in classpath; If applicable, HQL parser will be used.
2024-07-07 01:22:28,929 INFO o.s.s.w.DefaultSecurityFilterChain [main] Will secure any request with [org.springframework.security.web.session.DisableEncodeUrlFilter@404d90c5, org.springframework.security.web.context.request.async.WebAsyncManagerIntegrationFilter@4bd1541f, org.springframework.security.web.context.SecurityContextHolderFilter@27d38370, org.springframework.security.web.header.HeaderWriterFilter@334d96af, org.springframework.web.filter.CorsFilter@78f18a87, org.springframework.security.web.authentication.logout.LogoutFilter@4e22fdc0, org.springframework.security.oauth2.client.web.OAuth2AuthorizationRequestRedirectFilter@66f62b8c, org.springframework.security.oauth2.client.web.OAuth2LoginAuthenticationFilter@77cf9b08, com.rahmi.binfood.security.JwtRequestFilter@761ea1f5, org.springframework.security.web.savedrequest.RequestCacheAwareFilter@298154d4, org.springframework.security.web.servletapi.SecurityContextHolderAwareRequestFilter@474aeac5, org.springframework.security.web.authentication.AnonymousAuthenticationFilter@77b6d94c, org.springframework.security.web.session.SessionManagementFilter@2db55dec, org.springframework.security.web.access.ExceptionTranslationFilter@14abde3e, org.springframework.security.web.access.intercept.AuthorizationFilter@616e7884]
2024-07-07 01:22:29,125 INFO o.a.j.l.DirectJDKLog [main] Starting ProtocolHandler ["http-nio-8081"]
2024-07-07 01:22:29,139 INFO o.s.b.w.e.t.TomcatWebServer [main] Tomcat started on port 8081 (http) with context path ''
2024-07-07 01:22:29,146 INFO o.s.b.StartupInfoLogger [main] Started BinfoodApplication in 5.231 seconds (process running for 5.911)
2024-07-07 01:22:40,962 INFO o.a.j.l.DirectJDKLog [http-nio-8081-exec-7] Initializing Spring DispatcherServlet 'dispatcherServlet'
2024-07-07 01:22:40,963 INFO o.s.w.s.FrameworkServlet [http-nio-8081-exec-7] Initializing Servlet 'dispatcherServlet'
2024-07-07 01:22:40,966 INFO o.s.w.s.FrameworkServlet [http-nio-8081-exec-7] Completed initialization in 3 ms
