2024-07-07 02:37:10,858 INFO o.s.o.j.AbstractEntityManagerFactoryBean [SpringApplicationShutdownHook] Closing JPA EntityManagerFactory for persistence unit 'default'
2024-07-07 02:37:10,861 INFO c.z.h.HikariDataSource [SpringApplicationShutdownHook] HikariPool-1 - Shutdown initiated...
2024-07-07 02:37:10,863 INFO c.z.h.HikariDataSource [SpringApplicationShutdownHook] HikariPool-1 - Shutdown completed.
2024-07-07 02:37:14,683 INFO o.s.b.StartupInfoLogger [main] Starting BinfoodApplication using Java 19.0.2 with PID 17992 (D:\nisa\Synrgy Academy 2024\synrgy7\F-BJV24001115-synrgy7-rah-binfood-ch7\target\classes started by user in D:\nisa\Synrgy Academy 2024\synrgy7\F-BJV24001115-synrgy7-rah-binfood-ch7)
2024-07-07 02:37:14,685 INFO o.s.b.SpringApplication [main] No active profile set, falling back to 1 default profile: "default"
2024-07-07 02:37:15,307 INFO o.s.d.r.c.RepositoryConfigurationDelegate [main] Bootstrapping Spring Data JPA repositories in DEFAULT mode.
2024-07-07 02:37:15,375 INFO o.s.d.r.c.RepositoryConfigurationDelegate [main] Finished Spring Data repository scanning in 62 ms. Found 6 JPA repository interfaces.
2024-07-07 02:37:15,735 INFO o.s.b.w.e.t.TomcatWebServer [main] Tomcat initialized with port 8081 (http)
2024-07-07 02:37:15,743 INFO o.a.j.l.DirectJDKLog [main] Initializing ProtocolHandler ["http-nio-8081"]
2024-07-07 02:37:15,747 INFO o.a.j.l.DirectJDKLog [main] Starting service [Tomcat]
2024-07-07 02:37:15,747 INFO o.a.j.l.DirectJDKLog [main] Starting Servlet engine: [Apache Tomcat/10.1.20]
2024-07-07 02:37:15,799 INFO o.a.j.l.DirectJDKLog [main] Initializing Spring embedded WebApplicationContext
2024-07-07 02:37:15,800 INFO o.s.b.w.s.c.ServletWebServerApplicationContext [main] Root WebApplicationContext: initialization completed in 1090 ms
2024-07-07 02:37:15,892 INFO o.h.j.i.u.LogHelper [main] HHH000204: Processing PersistenceUnitInfo [name: default]
2024-07-07 02:37:15,926 INFO o.h.Version [main] HHH000412: Hibernate ORM core version 6.4.4.Final
2024-07-07 02:37:15,960 INFO o.h.c.i.RegionFactoryInitiator [main] HHH000026: Second-level cache disabled
2024-07-07 02:37:16,126 INFO o.s.o.j.p.SpringPersistenceUnitInfo [main] No LoadTimeWeaver setup: ignoring JPA class transformer
2024-07-07 02:37:16,145 INFO c.z.h.HikariDataSource [main] HikariPool-1 - Starting...
2024-07-07 02:37:16,271 INFO c.z.h.p.HikariPool [main] HikariPool-1 - Added connection org.postgresql.jdbc.PgConnection@4ac19bc6
2024-07-07 02:37:16,272 INFO c.z.h.HikariDataSource [main] HikariPool-1 - Start completed.
2024-07-07 02:37:16,296 WARN o.h.e.j.d.i.DialectFactoryImpl [main] HHH90000025: PostgreSQLDialect does not need to be specified explicitly using 'hibernate.dialect' (remove the property setting and it will be selected by default)
2024-07-07 02:37:17,073 INFO o.h.e.t.j.p.i.JtaPlatformInitiator [main] HHH000489: No JTA platform available (set 'hibernate.transaction.jta.platform' to enable JTA platform integration)
2024-07-07 02:37:17,176 INFO o.s.o.j.AbstractEntityManagerFactoryBean [main] Initialized JPA EntityManagerFactory for persistence unit 'default'
2024-07-07 02:37:17,536 WARN o.s.b.a.o.j.JpaBaseConfiguration$JpaWebConfiguration [main] spring.jpa.open-in-view is enabled by default. Therefore, database queries may be performed during view rendering. Explicitly configure spring.jpa.open-in-view to disable this warning
2024-07-07 02:37:17,656 INFO o.s.d.j.r.q.QueryEnhancerFactory [main] Hibernate is in classpath; If applicable, HQL parser will be used.
2024-07-07 02:37:18,048 INFO o.s.s.w.DefaultSecurityFilterChain [main] Will secure any request with [org.springframework.security.web.session.DisableEncodeUrlFilter@78f18a87, org.springframework.security.web.context.request.async.WebAsyncManagerIntegrationFilter@77b6d94c, org.springframework.security.web.context.SecurityContextHolderFilter@298154d4, org.springframework.security.web.header.HeaderWriterFilter@2db55dec, org.springframework.web.filter.CorsFilter@5b51a4c7, org.springframework.security.web.authentication.logout.LogoutFilter@43b9ef41, org.springframework.security.oauth2.client.web.OAuth2AuthorizationRequestRedirectFilter@3f040f9e, org.springframework.security.oauth2.client.web.OAuth2LoginAuthenticationFilter@5faa0c51, com.rahmi.binfood.security.JwtRequestFilter@7a91027c, org.springframework.security.web.savedrequest.RequestCacheAwareFilter@7cb9295f, org.springframework.security.web.servletapi.SecurityContextHolderAwareRequestFilter@2b6282bb, org.springframework.security.web.authentication.AnonymousAuthenticationFilter@1a61721e, org.springframework.security.web.session.SessionManagementFilter@6990f6af, org.springframework.security.web.access.ExceptionTranslationFilter@334d96af, org.springframework.security.web.access.intercept.AuthorizationFilter@51ce8293]
2024-07-07 02:37:18,238 INFO o.a.j.l.DirectJDKLog [main] Starting ProtocolHandler ["http-nio-8081"]
2024-07-07 02:37:18,252 INFO o.s.b.w.e.t.TomcatWebServer [main] Tomcat started on port 8081 (http) with context path ''
2024-07-07 02:37:18,261 INFO o.s.b.StartupInfoLogger [main] Started BinfoodApplication in 3.928 seconds (process running for 4.388)
2024-07-07 02:37:23,030 INFO o.a.j.l.DirectJDKLog [http-nio-8081-exec-2] Initializing Spring DispatcherServlet 'dispatcherServlet'
2024-07-07 02:37:23,030 INFO o.s.w.s.FrameworkServlet [http-nio-8081-exec-2] Initializing Servlet 'dispatcherServlet'
2024-07-07 02:37:23,031 INFO o.s.w.s.FrameworkServlet [http-nio-8081-exec-2] Completed initialization in 1 ms
