2024-07-07 01:39:33,063 INFO o.s.o.j.AbstractEntityManagerFactoryBean [SpringApplicationShutdownHook] Closing JPA EntityManagerFactory for persistence unit 'default'
2024-07-07 01:39:33,066 INFO c.z.h.HikariDataSource [SpringApplicationShutdownHook] HikariPool-1 - Shutdown initiated...
2024-07-07 01:39:33,068 INFO c.z.h.HikariDataSource [SpringApplicationShutdownHook] HikariPool-1 - Shutdown completed.
2024-07-07 01:39:36,565 INFO o.s.b.StartupInfoLogger [main] Starting BinfoodApplication using Java 19.0.2 with PID 9520 (D:\nisa\Synrgy Academy 2024\synrgy7\F-BJV24001115-synrgy7-rah-binfood-ch7\target\classes started by user in D:\nisa\Synrgy Academy 2024\synrgy7\F-BJV24001115-synrgy7-rah-binfood-ch7)
2024-07-07 01:39:36,567 INFO o.s.b.SpringApplication [main] No active profile set, falling back to 1 default profile: "default"
2024-07-07 01:39:37,186 INFO o.s.d.r.c.RepositoryConfigurationDelegate [main] Bootstrapping Spring Data JPA repositories in DEFAULT mode.
2024-07-07 01:39:37,239 INFO o.s.d.r.c.RepositoryConfigurationDelegate [main] Finished Spring Data repository scanning in 47 ms. Found 6 JPA repository interfaces.
2024-07-07 01:39:37,600 INFO o.s.b.w.e.t.TomcatWebServer [main] Tomcat initialized with port 8081 (http)
2024-07-07 01:39:37,609 INFO o.a.j.l.DirectJDKLog [main] Initializing ProtocolHandler ["http-nio-8081"]
2024-07-07 01:39:37,610 INFO o.a.j.l.DirectJDKLog [main] Starting service [Tomcat]
2024-07-07 01:39:37,611 INFO o.a.j.l.DirectJDKLog [main] Starting Servlet engine: [Apache Tomcat/10.1.20]
2024-07-07 01:39:37,658 INFO o.a.j.l.DirectJDKLog [main] Initializing Spring embedded WebApplicationContext
2024-07-07 01:39:37,658 INFO o.s.b.w.s.c.ServletWebServerApplicationContext [main] Root WebApplicationContext: initialization completed in 1062 ms
2024-07-07 01:39:37,742 INFO o.h.j.i.u.LogHelper [main] HHH000204: Processing PersistenceUnitInfo [name: default]
2024-07-07 01:39:37,774 INFO o.h.Version [main] HHH000412: Hibernate ORM core version 6.4.4.Final
2024-07-07 01:39:37,809 INFO o.h.c.i.RegionFactoryInitiator [main] HHH000026: Second-level cache disabled
2024-07-07 01:39:37,961 INFO o.s.o.j.p.SpringPersistenceUnitInfo [main] No LoadTimeWeaver setup: ignoring JPA class transformer
2024-07-07 01:39:37,979 INFO c.z.h.HikariDataSource [main] HikariPool-1 - Starting...
2024-07-07 01:39:38,098 INFO c.z.h.p.HikariPool [main] HikariPool-1 - Added connection org.postgresql.jdbc.PgConnection@5f20b6fe
2024-07-07 01:39:38,100 INFO c.z.h.HikariDataSource [main] HikariPool-1 - Start completed.
2024-07-07 01:39:38,126 WARN o.h.e.j.d.i.DialectFactoryImpl [main] HHH90000025: PostgreSQLDialect does not need to be specified explicitly using 'hibernate.dialect' (remove the property setting and it will be selected by default)
2024-07-07 01:39:38,858 INFO o.h.e.t.j.p.i.JtaPlatformInitiator [main] HHH000489: No JTA platform available (set 'hibernate.transaction.jta.platform' to enable JTA platform integration)
2024-07-07 01:39:38,952 INFO o.s.o.j.AbstractEntityManagerFactoryBean [main] Initialized JPA EntityManagerFactory for persistence unit 'default'
2024-07-07 01:39:39,272 WARN o.s.b.a.o.j.JpaBaseConfiguration$JpaWebConfiguration [main] spring.jpa.open-in-view is enabled by default. Therefore, database queries may be performed during view rendering. Explicitly configure spring.jpa.open-in-view to disable this warning
2024-07-07 01:39:39,374 INFO o.s.d.j.r.q.QueryEnhancerFactory [main] Hibernate is in classpath; If applicable, HQL parser will be used.
2024-07-07 01:39:39,735 INFO o.s.s.w.DefaultSecurityFilterChain [main] Will secure any request with [org.springframework.security.web.session.DisableEncodeUrlFilter@4c8ab21f, org.springframework.security.web.context.request.async.WebAsyncManagerIntegrationFilter@5248474e, org.springframework.security.web.context.SecurityContextHolderFilter@370e5bb9, org.springframework.security.web.header.HeaderWriterFilter@2c5157c9, org.springframework.web.filter.CorsFilter@3269ae62, org.springframework.security.web.authentication.logout.LogoutFilter@4ebefe31, org.springframework.security.oauth2.client.web.OAuth2AuthorizationRequestRedirectFilter@479f1d09, org.springframework.security.oauth2.client.web.OAuth2LoginAuthenticationFilter@47db20e0, com.rahmi.binfood.security.JwtRequestFilter@5aa2758a, org.springframework.security.web.savedrequest.RequestCacheAwareFilter@5739b804, org.springframework.security.web.servletapi.SecurityContextHolderAwareRequestFilter@2f48adcc, org.springframework.security.web.authentication.AnonymousAuthenticationFilter@259d5279, org.springframework.security.web.session.SessionManagementFilter@4bb747c1, org.springframework.security.web.access.ExceptionTranslationFilter@281f2d6c, org.springframework.security.web.access.intercept.AuthorizationFilter@761ac810]
2024-07-07 01:39:39,917 INFO o.a.j.l.DirectJDKLog [main] Starting ProtocolHandler ["http-nio-8081"]
2024-07-07 01:39:39,931 INFO o.s.b.w.e.t.TomcatWebServer [main] Tomcat started on port 8081 (http) with context path ''
2024-07-07 01:39:39,938 INFO o.s.b.StartupInfoLogger [main] Started BinfoodApplication in 3.716 seconds (process running for 4.172)
2024-07-07 01:39:43,135 INFO o.a.j.l.DirectJDKLog [http-nio-8081-exec-2] Initializing Spring DispatcherServlet 'dispatcherServlet'
2024-07-07 01:39:43,136 INFO o.s.w.s.FrameworkServlet [http-nio-8081-exec-2] Initializing Servlet 'dispatcherServlet'
2024-07-07 01:39:43,137 INFO o.s.w.s.FrameworkServlet [http-nio-8081-exec-2] Completed initialization in 1 ms
