2024-07-07 13:18:26,810 INFO o.s.o.j.AbstractEntityManagerFactoryBean [SpringApplicationShutdownHook] Closing JPA EntityManagerFactory for persistence unit 'default'
2024-07-07 13:18:26,814 INFO c.z.h.HikariDataSource [SpringApplicationShutdownHook] HikariPool-1 - Shutdown initiated...
2024-07-07 13:18:26,818 INFO c.z.h.HikariDataSource [SpringApplicationShutdownHook] HikariPool-1 - Shutdown completed.
2024-07-07 13:18:30,631 INFO o.s.b.StartupInfoLogger [main] Starting BinfoodApplication using Java 19.0.2 with PID 872 (D:\nisa\Synrgy Academy 2024\synrgy7\F-BJV24001115-synrgy7-rah-binfood-ch7\target\classes started by user in D:\nisa\Synrgy Academy 2024\synrgy7\F-BJV24001115-synrgy7-rah-binfood-ch7)
2024-07-07 13:18:30,633 INFO o.s.b.SpringApplication [main] No active profile set, falling back to 1 default profile: "default"
2024-07-07 13:18:31,284 INFO o.s.d.r.c.RepositoryConfigurationDelegate [main] Bootstrapping Spring Data JPA repositories in DEFAULT mode.
2024-07-07 13:18:31,350 INFO o.s.d.r.c.RepositoryConfigurationDelegate [main] Finished Spring Data repository scanning in 62 ms. Found 6 JPA repository interfaces.
2024-07-07 13:18:31,729 INFO o.s.b.w.e.t.TomcatWebServer [main] Tomcat initialized with port 8081 (http)
2024-07-07 13:18:31,736 INFO o.a.j.l.DirectJDKLog [main] Initializing ProtocolHandler ["http-nio-8081"]
2024-07-07 13:18:31,738 INFO o.a.j.l.DirectJDKLog [main] Starting service [Tomcat]
2024-07-07 13:18:31,740 INFO o.a.j.l.DirectJDKLog [main] Starting Servlet engine: [Apache Tomcat/10.1.20]
2024-07-07 13:18:31,789 INFO o.a.j.l.DirectJDKLog [main] Initializing Spring embedded WebApplicationContext
2024-07-07 13:18:31,789 INFO o.s.b.w.s.c.ServletWebServerApplicationContext [main] Root WebApplicationContext: initialization completed in 1126 ms
2024-07-07 13:18:31,892 INFO o.h.j.i.u.LogHelper [main] HHH000204: Processing PersistenceUnitInfo [name: default]
2024-07-07 13:18:31,925 INFO o.h.Version [main] HHH000412: Hibernate ORM core version 6.4.4.Final
2024-07-07 13:18:31,963 INFO o.h.c.i.RegionFactoryInitiator [main] HHH000026: Second-level cache disabled
2024-07-07 13:18:32,112 INFO o.s.o.j.p.SpringPersistenceUnitInfo [main] No LoadTimeWeaver setup: ignoring JPA class transformer
2024-07-07 13:18:32,130 INFO c.z.h.HikariDataSource [main] HikariPool-1 - Starting...
2024-07-07 13:18:32,245 INFO c.z.h.p.HikariPool [main] HikariPool-1 - Added connection org.postgresql.jdbc.PgConnection@49d543a9
2024-07-07 13:18:32,246 INFO c.z.h.HikariDataSource [main] HikariPool-1 - Start completed.
2024-07-07 13:18:32,270 WARN o.h.e.j.d.i.DialectFactoryImpl [main] HHH90000025: PostgreSQLDialect does not need to be specified explicitly using 'hibernate.dialect' (remove the property setting and it will be selected by default)
2024-07-07 13:18:33,052 INFO o.h.e.t.j.p.i.JtaPlatformInitiator [main] HHH000489: No JTA platform available (set 'hibernate.transaction.jta.platform' to enable JTA platform integration)
2024-07-07 13:18:33,149 INFO o.s.o.j.AbstractEntityManagerFactoryBean [main] Initialized JPA EntityManagerFactory for persistence unit 'default'
2024-07-07 13:18:33,528 WARN o.s.b.a.o.j.JpaBaseConfiguration$JpaWebConfiguration [main] spring.jpa.open-in-view is enabled by default. Therefore, database queries may be performed during view rendering. Explicitly configure spring.jpa.open-in-view to disable this warning
2024-07-07 13:18:33,646 INFO o.s.d.j.r.q.QueryEnhancerFactory [main] Hibernate is in classpath; If applicable, HQL parser will be used.
2024-07-07 13:18:34,043 INFO o.s.s.w.DefaultSecurityFilterChain [main] Will secure any request with [org.springframework.security.web.session.DisableEncodeUrlFilter@522fc67, org.springframework.security.web.context.request.async.WebAsyncManagerIntegrationFilter@479f1d09, org.springframework.security.web.context.SecurityContextHolderFilter@281f2d6c, org.springframework.security.web.header.HeaderWriterFilter@2b6282bb, org.springframework.web.filter.CorsFilter@5caf9ea4, org.springframework.security.web.authentication.logout.LogoutFilter@251ed676, org.springframework.security.oauth2.client.web.OAuth2AuthorizationRequestRedirectFilter@5b51a4c7, org.springframework.security.oauth2.client.web.OAuth2LoginAuthenticationFilter@2f0dae44, com.rahmi.binfood.security.JwtRequestFilter@761ea1f5, org.springframework.security.web.savedrequest.RequestCacheAwareFilter@2c5157c9, org.springframework.security.web.servletapi.SecurityContextHolderAwareRequestFilter@1a927db2, org.springframework.security.web.authentication.AnonymousAuthenticationFilter@55882ff2, org.springframework.security.web.session.SessionManagementFilter@18ea9bec, org.springframework.security.web.access.ExceptionTranslationFilter@474aeac5, org.springframework.security.web.access.intercept.AuthorizationFilter@400cb9ef]
2024-07-07 13:18:34,231 INFO o.a.j.l.DirectJDKLog [main] Starting ProtocolHandler ["http-nio-8081"]
2024-07-07 13:18:34,244 INFO o.s.b.w.e.t.TomcatWebServer [main] Tomcat started on port 8081 (http) with context path ''
2024-07-07 13:18:34,250 INFO o.s.b.StartupInfoLogger [main] Started BinfoodApplication in 3.995 seconds (process running for 4.536)
2024-07-07 13:18:40,398 INFO o.a.j.l.DirectJDKLog [http-nio-8081-exec-1] Initializing Spring DispatcherServlet 'dispatcherServlet'
2024-07-07 13:18:40,399 INFO o.s.w.s.FrameworkServlet [http-nio-8081-exec-1] Initializing Servlet 'dispatcherServlet'
2024-07-07 13:18:40,400 INFO o.s.w.s.FrameworkServlet [http-nio-8081-exec-1] Completed initialization in 1 ms
