2024-06-20 14:09:21,688 INFO o.s.o.j.AbstractEntityManagerFactoryBean [SpringApplicationShutdownHook] Closing JPA EntityManagerFactory for persistence unit 'default'
2024-06-20 14:09:21,692 INFO c.z.h.HikariDataSource [SpringApplicationShutdownHook] HikariPool-1 - Shutdown initiated...
2024-06-20 14:09:21,696 INFO c.z.h.HikariDataSource [SpringApplicationShutdownHook] HikariPool-1 - Shutdown completed.
2024-06-20 14:09:27,267 INFO o.s.b.StartupInfoLogger [main] Starting BinfoodApplication using Java 19.0.2 with PID 16668 (D:\nisa\Synrgy Academy 2024\synrgy7\F-BJV24001115-synrgy7-rah-binfood-ch6\target\classes started by user in D:\nisa\Synrgy Academy 2024\synrgy7\F-BJV24001115-synrgy7-rah-binfood-ch6)
2024-06-20 14:09:27,270 INFO o.s.b.SpringApplication [main] No active profile set, falling back to 1 default profile: "default"
2024-06-20 14:09:28,314 INFO o.s.d.r.c.RepositoryConfigurationDelegate [main] Bootstrapping Spring Data JPA repositories in DEFAULT mode.
2024-06-20 14:09:28,453 INFO o.s.d.r.c.RepositoryConfigurationDelegate [main] Finished Spring Data repository scanning in 129 ms. Found 6 JPA repository interfaces.
2024-06-20 14:09:29,131 INFO o.s.b.w.e.t.TomcatWebServer [main] Tomcat initialized with port 8081 (http)
2024-06-20 14:09:29,141 INFO o.a.j.l.DirectJDKLog [main] Initializing ProtocolHandler ["http-nio-8081"]
2024-06-20 14:09:29,144 INFO o.a.j.l.DirectJDKLog [main] Starting service [Tomcat]
2024-06-20 14:09:29,145 INFO o.a.j.l.DirectJDKLog [main] Starting Servlet engine: [Apache Tomcat/10.1.20]
2024-06-20 14:09:29,222 INFO o.a.j.l.DirectJDKLog [main] Initializing Spring embedded WebApplicationContext
2024-06-20 14:09:29,224 INFO o.s.b.w.s.c.ServletWebServerApplicationContext [main] Root WebApplicationContext: initialization completed in 1901 ms
2024-06-20 14:09:29,395 INFO o.h.j.i.u.LogHelper [main] HHH000204: Processing PersistenceUnitInfo [name: default]
2024-06-20 14:09:29,454 INFO o.h.Version [main] HHH000412: Hibernate ORM core version 6.4.4.Final
2024-06-20 14:09:29,508 INFO o.h.c.i.RegionFactoryInitiator [main] HHH000026: Second-level cache disabled
2024-06-20 14:09:29,734 INFO o.s.o.j.p.SpringPersistenceUnitInfo [main] No LoadTimeWeaver setup: ignoring JPA class transformer
2024-06-20 14:09:29,762 INFO c.z.h.HikariDataSource [main] HikariPool-1 - Starting...
2024-06-20 14:09:29,958 INFO c.z.h.p.HikariPool [main] HikariPool-1 - Added connection org.postgresql.jdbc.PgConnection@7f4f1536
2024-06-20 14:09:29,960 INFO c.z.h.HikariDataSource [main] HikariPool-1 - Start completed.
2024-06-20 14:09:29,997 WARN o.h.e.j.d.i.DialectFactoryImpl [main] HHH90000025: PostgreSQLDialect does not need to be specified explicitly using 'hibernate.dialect' (remove the property setting and it will be selected by default)
2024-06-20 14:09:31,105 INFO o.h.e.t.j.p.i.JtaPlatformInitiator [main] HHH000489: No JTA platform available (set 'hibernate.transaction.jta.platform' to enable JTA platform integration)
2024-06-20 14:09:31,257 INFO o.s.o.j.AbstractEntityManagerFactoryBean [main] Initialized JPA EntityManagerFactory for persistence unit 'default'
2024-06-20 14:09:31,885 WARN o.s.b.a.o.j.JpaBaseConfiguration$JpaWebConfiguration [main] spring.jpa.open-in-view is enabled by default. Therefore, database queries may be performed during view rendering. Explicitly configure spring.jpa.open-in-view to disable this warning
2024-06-20 14:09:32,046 INFO o.s.d.j.r.q.QueryEnhancerFactory [main] Hibernate is in classpath; If applicable, HQL parser will be used.
2024-06-20 14:09:32,655 INFO o.s.s.w.DefaultSecurityFilterChain [main] Will secure any request with [org.springframework.security.web.session.DisableEncodeUrlFilter@69eb88a7, org.springframework.security.web.context.request.async.WebAsyncManagerIntegrationFilter@2db15764, org.springframework.security.web.context.SecurityContextHolderFilter@7d9587b3, org.springframework.security.web.header.HeaderWriterFilter@1a120e41, org.springframework.web.filter.CorsFilter@7d727123, org.springframework.security.web.authentication.logout.LogoutFilter@2889d997, org.springframework.security.oauth2.client.web.OAuth2AuthorizationRequestRedirectFilter@7980eb2, org.springframework.security.oauth2.client.web.OAuth2LoginAuthenticationFilter@3eff5c32, com.rahmi.binfood.security.JwtRequestFilter@4a7427f9, org.springframework.security.web.savedrequest.RequestCacheAwareFilter@75f2a654, org.springframework.security.web.servletapi.SecurityContextHolderAwareRequestFilter@5680228, org.springframework.security.web.authentication.AnonymousAuthenticationFilter@48446968, org.springframework.security.web.session.SessionManagementFilter@7a7b6556, org.springframework.security.web.access.ExceptionTranslationFilter@71b38b11, org.springframework.security.web.access.intercept.AuthorizationFilter@424c8ebe]
2024-06-20 14:09:32,955 INFO o.a.j.l.DirectJDKLog [main] Starting ProtocolHandler ["http-nio-8081"]
2024-06-20 14:09:32,976 INFO o.s.b.w.e.t.TomcatWebServer [main] Tomcat started on port 8081 (http) with context path ''
2024-06-20 14:09:32,989 INFO o.s.b.StartupInfoLogger [main] Started BinfoodApplication in 6.364 seconds (process running for 6.841)
2024-06-20 14:09:40,544 INFO o.a.j.l.DirectJDKLog [http-nio-8081-exec-1] Initializing Spring DispatcherServlet 'dispatcherServlet'
2024-06-20 14:09:40,544 INFO o.s.w.s.FrameworkServlet [http-nio-8081-exec-1] Initializing Servlet 'dispatcherServlet'
2024-06-20 14:09:40,552 INFO o.s.w.s.FrameworkServlet [http-nio-8081-exec-1] Completed initialization in 8 ms
