2024-07-07 01:30:22,367 INFO o.s.o.j.AbstractEntityManagerFactoryBean [SpringApplicationShutdownHook] Closing JPA EntityManagerFactory for persistence unit 'default'
2024-07-07 01:30:22,371 INFO c.z.h.HikariDataSource [SpringApplicationShutdownHook] HikariPool-1 - Shutdown initiated...
2024-07-07 01:30:22,373 INFO c.z.h.HikariDataSource [SpringApplicationShutdownHook] HikariPool-1 - Shutdown completed.
2024-07-07 01:30:25,788 INFO o.s.b.StartupInfoLogger [main] Starting BinfoodApplication using Java 19.0.2 with PID 1620 (D:\nisa\Synrgy Academy 2024\synrgy7\F-BJV24001115-synrgy7-rah-binfood-ch7\target\classes started by user in D:\nisa\Synrgy Academy 2024\synrgy7\F-BJV24001115-synrgy7-rah-binfood-ch7)
2024-07-07 01:30:25,789 INFO o.s.b.SpringApplication [main] No active profile set, falling back to 1 default profile: "default"
2024-07-07 01:30:26,391 INFO o.s.d.r.c.RepositoryConfigurationDelegate [main] Bootstrapping Spring Data JPA repositories in DEFAULT mode.
2024-07-07 01:30:26,454 INFO o.s.d.r.c.RepositoryConfigurationDelegate [main] Finished Spring Data repository scanning in 58 ms. Found 6 JPA repository interfaces.
2024-07-07 01:30:26,806 INFO o.s.b.w.e.t.TomcatWebServer [main] Tomcat initialized with port 8081 (http)
2024-07-07 01:30:26,816 INFO o.a.j.l.DirectJDKLog [main] Initializing ProtocolHandler ["http-nio-8081"]
2024-07-07 01:30:26,819 INFO o.a.j.l.DirectJDKLog [main] Starting service [Tomcat]
2024-07-07 01:30:26,819 INFO o.a.j.l.DirectJDKLog [main] Starting Servlet engine: [Apache Tomcat/10.1.20]
2024-07-07 01:30:26,871 INFO o.a.j.l.DirectJDKLog [main] Initializing Spring embedded WebApplicationContext
2024-07-07 01:30:26,871 INFO o.s.b.w.s.c.ServletWebServerApplicationContext [main] Root WebApplicationContext: initialization completed in 1056 ms
2024-07-07 01:30:26,959 INFO o.h.j.i.u.LogHelper [main] HHH000204: Processing PersistenceUnitInfo [name: default]
2024-07-07 01:30:26,990 INFO o.h.Version [main] HHH000412: Hibernate ORM core version 6.4.4.Final
2024-07-07 01:30:27,024 INFO o.h.c.i.RegionFactoryInitiator [main] HHH000026: Second-level cache disabled
2024-07-07 01:30:27,174 INFO o.s.o.j.p.SpringPersistenceUnitInfo [main] No LoadTimeWeaver setup: ignoring JPA class transformer
2024-07-07 01:30:27,191 INFO c.z.h.HikariDataSource [main] HikariPool-1 - Starting...
2024-07-07 01:30:27,303 INFO c.z.h.p.HikariPool [main] HikariPool-1 - Added connection org.postgresql.jdbc.PgConnection@2c1a8529
2024-07-07 01:30:27,305 INFO c.z.h.HikariDataSource [main] HikariPool-1 - Start completed.
2024-07-07 01:30:27,328 WARN o.h.e.j.d.i.DialectFactoryImpl [main] HHH90000025: PostgreSQLDialect does not need to be specified explicitly using 'hibernate.dialect' (remove the property setting and it will be selected by default)
2024-07-07 01:30:28,039 INFO o.h.e.t.j.p.i.JtaPlatformInitiator [main] HHH000489: No JTA platform available (set 'hibernate.transaction.jta.platform' to enable JTA platform integration)
2024-07-07 01:30:28,137 INFO o.s.o.j.AbstractEntityManagerFactoryBean [main] Initialized JPA EntityManagerFactory for persistence unit 'default'
2024-07-07 01:30:28,470 WARN o.s.b.a.o.j.JpaBaseConfiguration$JpaWebConfiguration [main] spring.jpa.open-in-view is enabled by default. Therefore, database queries may be performed during view rendering. Explicitly configure spring.jpa.open-in-view to disable this warning
2024-07-07 01:30:28,573 INFO o.s.d.j.r.q.QueryEnhancerFactory [main] Hibernate is in classpath; If applicable, HQL parser will be used.
2024-07-07 01:30:28,941 INFO o.s.s.w.DefaultSecurityFilterChain [main] Will secure any request with [org.springframework.security.web.session.DisableEncodeUrlFilter@20326436, org.springframework.security.web.context.request.async.WebAsyncManagerIntegrationFilter@5faa0c51, org.springframework.security.web.context.SecurityContextHolderFilter@3637e628, org.springframework.security.web.header.HeaderWriterFilter@14abde3e, org.springframework.web.filter.CorsFilter@404d90c5, org.springframework.security.web.authentication.logout.LogoutFilter@682bff78, org.springframework.security.oauth2.client.web.OAuth2AuthorizationRequestRedirectFilter@3a571d3e, org.springframework.security.oauth2.client.web.OAuth2LoginAuthenticationFilter@3db84bfa, com.rahmi.binfood.security.JwtRequestFilter@12bb8943, org.springframework.security.web.savedrequest.RequestCacheAwareFilter@27d38370, org.springframework.security.web.servletapi.SecurityContextHolderAwareRequestFilter@200ef05b, org.springframework.security.web.authentication.AnonymousAuthenticationFilter@4bd1541f, org.springframework.security.web.session.SessionManagementFilter@334d96af, org.springframework.security.web.access.ExceptionTranslationFilter@1c6ab85, org.springframework.security.web.access.intercept.AuthorizationFilter@191d69a]
2024-07-07 01:30:29,117 INFO o.a.j.l.DirectJDKLog [main] Starting ProtocolHandler ["http-nio-8081"]
2024-07-07 01:30:29,128 INFO o.s.b.w.e.t.TomcatWebServer [main] Tomcat started on port 8081 (http) with context path ''
2024-07-07 01:30:29,135 INFO o.s.b.StartupInfoLogger [main] Started BinfoodApplication in 3.701 seconds (process running for 4.164)
2024-07-07 01:30:33,311 INFO o.a.j.l.DirectJDKLog [http-nio-8081-exec-1] Initializing Spring DispatcherServlet 'dispatcherServlet'
2024-07-07 01:30:33,312 INFO o.s.w.s.FrameworkServlet [http-nio-8081-exec-1] Initializing Servlet 'dispatcherServlet'
2024-07-07 01:30:33,312 INFO o.s.w.s.FrameworkServlet [http-nio-8081-exec-1] Completed initialization in 0 ms
