2024-06-19 21:35:02,077 INFO o.s.o.j.AbstractEntityManagerFactoryBean [SpringApplicationShutdownHook] Closing JPA EntityManagerFactory for persistence unit 'default'
2024-06-19 21:35:02,081 INFO c.z.h.HikariDataSource [SpringApplicationShutdownHook] HikariPool-1 - Shutdown initiated...
2024-06-19 21:35:02,088 INFO c.z.h.HikariDataSource [SpringApplicationShutdownHook] HikariPool-1 - Shutdown completed.
2024-06-19 21:35:06,388 INFO o.s.b.StartupInfoLogger [main] Starting BinfoodApplication using Java 19.0.2 with PID 29032 (D:\nisa\Synrgy Academy 2024\synrgy7\F-BJV24001115-synrgy7-rah-binfood-ch6\target\classes started by user in D:\nisa\Synrgy Academy 2024\synrgy7\F-BJV24001115-synrgy7-rah-binfood-ch6)
2024-06-19 21:35:06,390 INFO o.s.b.SpringApplication [main] No active profile set, falling back to 1 default profile: "default"
2024-06-19 21:35:07,197 INFO o.s.d.r.c.RepositoryConfigurationDelegate [main] Bootstrapping Spring Data JPA repositories in DEFAULT mode.
2024-06-19 21:35:07,282 INFO o.s.d.r.c.RepositoryConfigurationDelegate [main] Finished Spring Data repository scanning in 78 ms. Found 6 JPA repository interfaces.
2024-06-19 21:35:07,856 INFO o.s.b.w.e.t.TomcatWebServer [main] Tomcat initialized with port 8081 (http)
2024-06-19 21:35:07,866 INFO o.a.j.l.DirectJDKLog [main] Initializing ProtocolHandler ["http-nio-8081"]
2024-06-19 21:35:07,868 INFO o.a.j.l.DirectJDKLog [main] Starting service [Tomcat]
2024-06-19 21:35:07,868 INFO o.a.j.l.DirectJDKLog [main] Starting Servlet engine: [Apache Tomcat/10.1.20]
2024-06-19 21:35:07,939 INFO o.a.j.l.DirectJDKLog [main] Initializing Spring embedded WebApplicationContext
2024-06-19 21:35:07,940 INFO o.s.b.w.s.c.ServletWebServerApplicationContext [main] Root WebApplicationContext: initialization completed in 1504 ms
2024-06-19 21:35:08,077 INFO o.h.j.i.u.LogHelper [main] HHH000204: Processing PersistenceUnitInfo [name: default]
2024-06-19 21:35:08,130 INFO o.h.Version [main] HHH000412: Hibernate ORM core version 6.4.4.Final
2024-06-19 21:35:08,168 INFO o.h.c.i.RegionFactoryInitiator [main] HHH000026: Second-level cache disabled
2024-06-19 21:35:08,335 INFO o.s.o.j.p.SpringPersistenceUnitInfo [main] No LoadTimeWeaver setup: ignoring JPA class transformer
2024-06-19 21:35:08,360 INFO c.z.h.HikariDataSource [main] HikariPool-1 - Starting...
2024-06-19 21:35:08,523 INFO c.z.h.p.HikariPool [main] HikariPool-1 - Added connection org.postgresql.jdbc.PgConnection@7e4ac598
2024-06-19 21:35:08,524 INFO c.z.h.HikariDataSource [main] HikariPool-1 - Start completed.
2024-06-19 21:35:08,555 WARN o.h.e.j.d.i.DialectFactoryImpl [main] HHH90000025: PostgreSQLDialect does not need to be specified explicitly using 'hibernate.dialect' (remove the property setting and it will be selected by default)
2024-06-19 21:35:09,579 INFO o.h.e.t.j.p.i.JtaPlatformInitiator [main] HHH000489: No JTA platform available (set 'hibernate.transaction.jta.platform' to enable JTA platform integration)
2024-06-19 21:35:09,716 INFO o.s.o.j.AbstractEntityManagerFactoryBean [main] Initialized JPA EntityManagerFactory for persistence unit 'default'
2024-06-19 21:35:10,240 WARN o.s.b.a.o.j.JpaBaseConfiguration$JpaWebConfiguration [main] spring.jpa.open-in-view is enabled by default. Therefore, database queries may be performed during view rendering. Explicitly configure spring.jpa.open-in-view to disable this warning
2024-06-19 21:35:10,401 INFO o.s.d.j.r.q.QueryEnhancerFactory [main] Hibernate is in classpath; If applicable, HQL parser will be used.
2024-06-19 21:35:11,052 INFO o.s.s.w.DefaultSecurityFilterChain [main] Will secure any request with [org.springframework.security.web.session.DisableEncodeUrlFilter@2c3762c7, org.springframework.security.web.context.request.async.WebAsyncManagerIntegrationFilter@6cd0f9a4, org.springframework.security.web.context.SecurityContextHolderFilter@7207cb8b, org.springframework.security.web.header.HeaderWriterFilter@147c00c7, org.springframework.web.filter.CorsFilter@4d992634, org.springframework.security.web.authentication.logout.LogoutFilter@1d1a706, com.rahmi.binfood.security.JwtRequestFilter@48dc9950, org.springframework.security.web.savedrequest.RequestCacheAwareFilter@3b4a77be, org.springframework.security.web.servletapi.SecurityContextHolderAwareRequestFilter@1ff55410, org.springframework.security.web.authentication.AnonymousAuthenticationFilter@2d487df4, org.springframework.security.web.session.SessionManagementFilter@5b71ccf2, org.springframework.security.web.access.ExceptionTranslationFilter@18a9762, org.springframework.security.web.access.intercept.AuthorizationFilter@2e6dc94c]
2024-06-19 21:35:11,369 INFO o.a.j.l.DirectJDKLog [main] Starting ProtocolHandler ["http-nio-8081"]
2024-06-19 21:35:11,386 INFO o.s.b.w.e.t.TomcatWebServer [main] Tomcat started on port 8081 (http) with context path ''
2024-06-19 21:35:11,398 INFO o.s.b.StartupInfoLogger [main] Started BinfoodApplication in 5.491 seconds (process running for 5.875)
2024-06-19 21:36:20,010 INFO o.s.o.j.AbstractEntityManagerFactoryBean [SpringApplicationShutdownHook] Closing JPA EntityManagerFactory for persistence unit 'default'
2024-06-19 21:36:20,013 INFO c.z.h.HikariDataSource [SpringApplicationShutdownHook] HikariPool-1 - Shutdown initiated...
2024-06-19 21:36:20,023 INFO c.z.h.HikariDataSource [SpringApplicationShutdownHook] HikariPool-1 - Shutdown completed.
