2024-06-18 20:56:14,247 INFO o.s.o.j.AbstractEntityManagerFactoryBean [SpringApplicationShutdownHook] Closing JPA EntityManagerFactory for persistence unit 'default'
2024-06-18 20:56:14,253 INFO c.z.h.HikariDataSource [SpringApplicationShutdownHook] HikariPool-1 - Shutdown initiated...
2024-06-18 20:56:14,259 INFO c.z.h.HikariDataSource [SpringApplicationShutdownHook] HikariPool-1 - Shutdown completed.
2024-06-18 20:56:19,685 INFO o.s.b.StartupInfoLogger [main] Starting BinfoodApplication using Java 19.0.2 with PID 40808 (D:\nisa\Synrgy Academy 2024\synrgy7\F-BJV24001115-synrgy7-rah-binfood-ch6\target\classes started by user in D:\nisa\Synrgy Academy 2024\synrgy7\F-BJV24001115-synrgy7-rah-binfood-ch6)
2024-06-18 20:56:19,688 INFO o.s.b.SpringApplication [main] No active profile set, falling back to 1 default profile: "default"
2024-06-18 20:56:20,766 INFO o.s.d.r.c.RepositoryConfigurationDelegate [main] Bootstrapping Spring Data JPA repositories in DEFAULT mode.
2024-06-18 20:56:20,844 INFO o.s.d.r.c.RepositoryConfigurationDelegate [main] Finished Spring Data repository scanning in 72 ms. Found 6 JPA repository interfaces.
2024-06-18 20:56:21,515 INFO o.s.b.w.e.t.TomcatWebServer [main] Tomcat initialized with port 8081 (http)
2024-06-18 20:56:21,528 INFO o.a.j.l.DirectJDKLog [main] Initializing ProtocolHandler ["http-nio-8081"]
2024-06-18 20:56:21,530 INFO o.a.j.l.DirectJDKLog [main] Starting service [Tomcat]
2024-06-18 20:56:21,530 INFO o.a.j.l.DirectJDKLog [main] Starting Servlet engine: [Apache Tomcat/10.1.20]
2024-06-18 20:56:21,602 INFO o.a.j.l.DirectJDKLog [main] Initializing Spring embedded WebApplicationContext
2024-06-18 20:56:21,604 INFO o.s.b.w.s.c.ServletWebServerApplicationContext [main] Root WebApplicationContext: initialization completed in 1853 ms
2024-06-18 20:56:21,802 INFO o.h.j.i.u.LogHelper [main] HHH000204: Processing PersistenceUnitInfo [name: default]
2024-06-18 20:56:21,881 INFO o.h.Version [main] HHH000412: Hibernate ORM core version 6.4.4.Final
2024-06-18 20:56:21,941 INFO o.h.c.i.RegionFactoryInitiator [main] HHH000026: Second-level cache disabled
2024-06-18 20:56:22,202 INFO o.s.o.j.p.SpringPersistenceUnitInfo [main] No LoadTimeWeaver setup: ignoring JPA class transformer
2024-06-18 20:56:22,234 INFO c.z.h.HikariDataSource [main] HikariPool-1 - Starting...
2024-06-18 20:56:22,523 INFO c.z.h.p.HikariPool [main] HikariPool-1 - Added connection org.postgresql.jdbc.PgConnection@269c7104
2024-06-18 20:56:22,526 INFO c.z.h.HikariDataSource [main] HikariPool-1 - Start completed.
2024-06-18 20:56:22,578 WARN o.h.e.j.d.i.DialectFactoryImpl [main] HHH90000025: PostgreSQLDialect does not need to be specified explicitly using 'hibernate.dialect' (remove the property setting and it will be selected by default)
2024-06-18 20:56:24,081 INFO o.h.e.t.j.p.i.JtaPlatformInitiator [main] HHH000489: No JTA platform available (set 'hibernate.transaction.jta.platform' to enable JTA platform integration)
2024-06-18 20:56:24,237 INFO o.s.o.j.AbstractEntityManagerFactoryBean [main] Initialized JPA EntityManagerFactory for persistence unit 'default'
2024-06-18 20:56:24,861 WARN o.s.b.a.o.j.JpaBaseConfiguration$JpaWebConfiguration [main] spring.jpa.open-in-view is enabled by default. Therefore, database queries may be performed during view rendering. Explicitly configure spring.jpa.open-in-view to disable this warning
2024-06-18 20:56:25,029 INFO o.s.d.j.r.q.QueryEnhancerFactory [main] Hibernate is in classpath; If applicable, HQL parser will be used.
2024-06-18 20:56:26,026 INFO o.s.s.w.DefaultSecurityFilterChain [main] Will secure any request with [org.springframework.security.web.session.DisableEncodeUrlFilter@167da81d, org.springframework.security.web.context.request.async.WebAsyncManagerIntegrationFilter@24c6a471, org.springframework.security.web.context.SecurityContextHolderFilter@1ca6323c, org.springframework.security.web.header.HeaderWriterFilter@3c0640fa, org.springframework.web.filter.CorsFilter@1fce17b8, org.springframework.security.web.authentication.logout.LogoutFilter@3841e77a, com.rahmi.binfood.security.JwtRequestFilter@25c98637, org.springframework.security.web.savedrequest.RequestCacheAwareFilter@42bb0492, org.springframework.security.web.servletapi.SecurityContextHolderAwareRequestFilter@6eed5b68, org.springframework.security.web.authentication.AnonymousAuthenticationFilter@190677c6, org.springframework.security.web.session.SessionManagementFilter@3d70dab8, org.springframework.security.web.access.ExceptionTranslationFilter@628721ba, org.springframework.security.web.access.intercept.AuthorizationFilter@37b0a724]
2024-06-18 20:56:26,504 INFO o.a.j.l.DirectJDKLog [main] Starting ProtocolHandler ["http-nio-8081"]
2024-06-18 20:56:26,529 INFO o.s.b.w.e.t.TomcatWebServer [main] Tomcat started on port 8081 (http) with context path ''
2024-06-18 20:56:26,550 INFO o.s.b.StartupInfoLogger [main] Started BinfoodApplication in 7.545 seconds (process running for 8.047)
2024-06-18 20:56:29,188 INFO o.a.j.l.DirectJDKLog [http-nio-8081-exec-2] Initializing Spring DispatcherServlet 'dispatcherServlet'
2024-06-18 20:56:29,189 INFO o.s.w.s.FrameworkServlet [http-nio-8081-exec-2] Initializing Servlet 'dispatcherServlet'
2024-06-18 20:56:29,190 INFO o.s.w.s.FrameworkServlet [http-nio-8081-exec-2] Completed initialization in 1 ms
