2024-07-07 13:22:13,492 INFO o.s.o.j.AbstractEntityManagerFactoryBean [SpringApplicationShutdownHook] Closing JPA EntityManagerFactory for persistence unit 'default'
2024-07-07 13:22:13,495 INFO c.z.h.HikariDataSource [SpringApplicationShutdownHook] HikariPool-1 - Shutdown initiated...
2024-07-07 13:22:13,499 INFO c.z.h.HikariDataSource [SpringApplicationShutdownHook] HikariPool-1 - Shutdown completed.
2024-07-07 13:22:17,230 INFO o.s.b.StartupInfoLogger [main] Starting BinfoodApplication using Java 19.0.2 with PID 652 (D:\nisa\Synrgy Academy 2024\synrgy7\F-BJV24001115-synrgy7-rah-binfood-ch7\target\classes started by user in D:\nisa\Synrgy Academy 2024\synrgy7\F-BJV24001115-synrgy7-rah-binfood-ch7)
2024-07-07 13:22:17,232 INFO o.s.b.SpringApplication [main] No active profile set, falling back to 1 default profile: "default"
2024-07-07 13:22:17,826 INFO o.s.d.r.c.RepositoryConfigurationDelegate [main] Bootstrapping Spring Data JPA repositories in DEFAULT mode.
2024-07-07 13:22:17,892 INFO o.s.d.r.c.RepositoryConfigurationDelegate [main] Finished Spring Data repository scanning in 60 ms. Found 6 JPA repository interfaces.
2024-07-07 13:22:18,235 INFO o.s.b.w.e.t.TomcatWebServer [main] Tomcat initialized with port 8081 (http)
2024-07-07 13:22:18,242 INFO o.a.j.l.DirectJDKLog [main] Initializing ProtocolHandler ["http-nio-8081"]
2024-07-07 13:22:18,243 INFO o.a.j.l.DirectJDKLog [main] Starting service [Tomcat]
2024-07-07 13:22:18,243 INFO o.a.j.l.DirectJDKLog [main] Starting Servlet engine: [Apache Tomcat/10.1.20]
2024-07-07 13:22:18,291 INFO o.a.j.l.DirectJDKLog [main] Initializing Spring embedded WebApplicationContext
2024-07-07 13:22:18,292 INFO o.s.b.w.s.c.ServletWebServerApplicationContext [main] Root WebApplicationContext: initialization completed in 1031 ms
2024-07-07 13:22:18,379 INFO o.h.j.i.u.LogHelper [main] HHH000204: Processing PersistenceUnitInfo [name: default]
2024-07-07 13:22:18,413 INFO o.h.Version [main] HHH000412: Hibernate ORM core version 6.4.4.Final
2024-07-07 13:22:18,449 INFO o.h.c.i.RegionFactoryInitiator [main] HHH000026: Second-level cache disabled
2024-07-07 13:22:18,598 INFO o.s.o.j.p.SpringPersistenceUnitInfo [main] No LoadTimeWeaver setup: ignoring JPA class transformer
2024-07-07 13:22:18,648 INFO c.z.h.HikariDataSource [main] HikariPool-1 - Starting...
2024-07-07 13:22:18,767 INFO c.z.h.p.HikariPool [main] HikariPool-1 - Added connection org.postgresql.jdbc.PgConnection@77f03916
2024-07-07 13:22:18,769 INFO c.z.h.HikariDataSource [main] HikariPool-1 - Start completed.
2024-07-07 13:22:18,791 WARN o.h.e.j.d.i.DialectFactoryImpl [main] HHH90000025: PostgreSQLDialect does not need to be specified explicitly using 'hibernate.dialect' (remove the property setting and it will be selected by default)
2024-07-07 13:22:19,549 INFO o.h.e.t.j.p.i.JtaPlatformInitiator [main] HHH000489: No JTA platform available (set 'hibernate.transaction.jta.platform' to enable JTA platform integration)
2024-07-07 13:22:19,665 INFO o.s.o.j.AbstractEntityManagerFactoryBean [main] Initialized JPA EntityManagerFactory for persistence unit 'default'
2024-07-07 13:22:20,064 WARN o.s.b.a.o.j.JpaBaseConfiguration$JpaWebConfiguration [main] spring.jpa.open-in-view is enabled by default. Therefore, database queries may be performed during view rendering. Explicitly configure spring.jpa.open-in-view to disable this warning
2024-07-07 13:22:20,176 INFO o.s.d.j.r.q.QueryEnhancerFactory [main] Hibernate is in classpath; If applicable, HQL parser will be used.
2024-07-07 13:22:20,601 INFO o.s.s.w.DefaultSecurityFilterChain [main] Will secure any request with [org.springframework.security.web.session.DisableEncodeUrlFilter@5b51a4c7, org.springframework.security.web.context.request.async.WebAsyncManagerIntegrationFilter@1a61721e, org.springframework.security.web.context.SecurityContextHolderFilter@7cb9295f, org.springframework.security.web.header.HeaderWriterFilter@6990f6af, org.springframework.web.filter.CorsFilter@6eb06667, org.springframework.security.web.authentication.logout.LogoutFilter@28516b2d, org.springframework.security.oauth2.client.web.OAuth2AuthorizationRequestRedirectFilter@20326436, org.springframework.security.oauth2.client.web.OAuth2LoginAuthenticationFilter@4bd1541f, com.rahmi.binfood.security.JwtRequestFilter@47f677a4, org.springframework.security.web.savedrequest.RequestCacheAwareFilter@8e654f7, org.springframework.security.web.servletapi.SecurityContextHolderAwareRequestFilter@18ea9bec, org.springframework.security.web.authentication.AnonymousAuthenticationFilter@2f0dae44, org.springframework.security.web.session.SessionManagementFilter@200ef05b, org.springframework.security.web.access.ExceptionTranslationFilter@2db55dec, org.springframework.security.web.access.intercept.AuthorizationFilter@1088b120]
2024-07-07 13:22:20,810 INFO o.a.j.l.DirectJDKLog [main] Starting ProtocolHandler ["http-nio-8081"]
2024-07-07 13:22:20,822 INFO o.s.b.w.e.t.TomcatWebServer [main] Tomcat started on port 8081 (http) with context path ''
2024-07-07 13:22:20,830 INFO o.s.b.StartupInfoLogger [main] Started BinfoodApplication in 3.955 seconds (process running for 4.439)
2024-07-07 13:22:43,228 INFO o.a.j.l.DirectJDKLog [http-nio-8081-exec-2] Initializing Spring DispatcherServlet 'dispatcherServlet'
2024-07-07 13:22:43,228 INFO o.s.w.s.FrameworkServlet [http-nio-8081-exec-2] Initializing Servlet 'dispatcherServlet'
2024-07-07 13:22:43,229 INFO o.s.w.s.FrameworkServlet [http-nio-8081-exec-2] Completed initialization in 1 ms
