2024-06-19 19:33:50,742 INFO o.s.b.StartupInfoLogger [main] Starting BinfoodApplication using Java 19.0.2 with PID 39388 (D:\nisa\Synrgy Academy 2024\synrgy7\F-BJV24001115-synrgy7-rah-binfood-ch6\target\classes started by user in D:\nisa\Synrgy Academy 2024\synrgy7\F-BJV24001115-synrgy7-rah-binfood-ch6)
2024-06-19 19:33:50,747 INFO o.s.b.SpringApplication [main] No active profile set, falling back to 1 default profile: "default"
2024-06-19 19:33:51,750 INFO o.s.d.r.c.RepositoryConfigurationDelegate [main] Bootstrapping Spring Data JPA repositories in DEFAULT mode.
2024-06-19 19:33:51,834 INFO o.s.d.r.c.RepositoryConfigurationDelegate [main] Finished Spring Data repository scanning in 75 ms. Found 6 JPA repository interfaces.
2024-06-19 19:33:52,463 INFO o.s.b.w.e.t.TomcatWebServer [main] Tomcat initialized with port 8081 (http)
2024-06-19 19:33:52,485 INFO o.a.j.l.DirectJDKLog [main] Initializing ProtocolHandler ["http-nio-8081"]
2024-06-19 19:33:52,489 INFO o.a.j.l.DirectJDKLog [main] Starting service [Tomcat]
2024-06-19 19:33:52,490 INFO o.a.j.l.DirectJDKLog [main] Starting Servlet engine: [Apache Tomcat/10.1.20]
2024-06-19 19:33:52,567 INFO o.a.j.l.DirectJDKLog [main] Initializing Spring embedded WebApplicationContext
2024-06-19 19:33:52,568 INFO o.s.b.w.s.c.ServletWebServerApplicationContext [main] Root WebApplicationContext: initialization completed in 1713 ms
2024-06-19 19:33:52,740 INFO o.h.j.i.u.LogHelper [main] HHH000204: Processing PersistenceUnitInfo [name: default]
2024-06-19 19:33:52,807 INFO o.h.Version [main] HHH000412: Hibernate ORM core version 6.4.4.Final
2024-06-19 19:33:52,848 INFO o.h.c.i.RegionFactoryInitiator [main] HHH000026: Second-level cache disabled
2024-06-19 19:33:53,075 INFO o.s.o.j.p.SpringPersistenceUnitInfo [main] No LoadTimeWeaver setup: ignoring JPA class transformer
2024-06-19 19:33:53,120 INFO c.z.h.HikariDataSource [main] HikariPool-1 - Starting...
2024-06-19 19:33:53,479 INFO c.z.h.p.HikariPool [main] HikariPool-1 - Added connection org.postgresql.jdbc.PgConnection@269c7104
2024-06-19 19:33:53,484 INFO c.z.h.HikariDataSource [main] HikariPool-1 - Start completed.
2024-06-19 19:33:53,566 WARN o.h.e.j.d.i.DialectFactoryImpl [main] HHH90000025: PostgreSQLDialect does not need to be specified explicitly using 'hibernate.dialect' (remove the property setting and it will be selected by default)
2024-06-19 19:33:55,119 INFO o.h.e.t.j.p.i.JtaPlatformInitiator [main] HHH000489: No JTA platform available (set 'hibernate.transaction.jta.platform' to enable JTA platform integration)
2024-06-19 19:33:55,444 INFO o.s.o.j.AbstractEntityManagerFactoryBean [main] Initialized JPA EntityManagerFactory for persistence unit 'default'
2024-06-19 19:33:56,092 WARN o.s.b.a.o.j.JpaBaseConfiguration$JpaWebConfiguration [main] spring.jpa.open-in-view is enabled by default. Therefore, database queries may be performed during view rendering. Explicitly configure spring.jpa.open-in-view to disable this warning
2024-06-19 19:33:56,258 INFO o.s.d.j.r.q.QueryEnhancerFactory [main] Hibernate is in classpath; If applicable, HQL parser will be used.
2024-06-19 19:33:57,101 INFO o.s.s.w.DefaultSecurityFilterChain [main] Will secure any request with [org.springframework.security.web.session.DisableEncodeUrlFilter@24c6a471, org.springframework.security.web.context.request.async.WebAsyncManagerIntegrationFilter@1fce17b8, org.springframework.security.web.context.SecurityContextHolderFilter@27b89e0a, org.springframework.security.web.header.HeaderWriterFilter@3c67b7a9, org.springframework.web.filter.CorsFilter@190677c6, org.springframework.security.web.authentication.logout.LogoutFilter@d2161b6, com.rahmi.binfood.security.JwtRequestFilter@2ef63b6d, org.springframework.security.web.savedrequest.RequestCacheAwareFilter@6eed5b68, org.springframework.security.web.servletapi.SecurityContextHolderAwareRequestFilter@4377b35b, org.springframework.security.web.authentication.AnonymousAuthenticationFilter@62c019bb, org.springframework.security.web.session.SessionManagementFilter@53e6c017, org.springframework.security.web.access.ExceptionTranslationFilter@67d8e214, org.springframework.security.web.access.intercept.AuthorizationFilter@36d1ac55]
2024-06-19 19:33:57,529 INFO o.a.j.l.DirectJDKLog [main] Starting ProtocolHandler ["http-nio-8081"]
2024-06-19 19:33:57,560 INFO o.s.b.w.e.t.TomcatWebServer [main] Tomcat started on port 8081 (http) with context path ''
2024-06-19 19:33:57,571 INFO o.s.b.StartupInfoLogger [main] Started BinfoodApplication in 7.36 seconds (process running for 7.995)
2024-06-19 20:05:55,257 INFO o.a.j.l.DirectJDKLog [http-nio-8081-exec-2] Initializing Spring DispatcherServlet 'dispatcherServlet'
2024-06-19 20:05:55,261 INFO o.s.w.s.FrameworkServlet [http-nio-8081-exec-2] Initializing Servlet 'dispatcherServlet'
2024-06-19 20:05:55,267 INFO o.s.w.s.FrameworkServlet [http-nio-8081-exec-2] Completed initialization in 5 ms
2024-06-19 21:18:25,663 INFO o.s.o.j.AbstractEntityManagerFactoryBean [SpringApplicationShutdownHook] Closing JPA EntityManagerFactory for persistence unit 'default'
2024-06-19 21:18:25,707 INFO c.z.h.HikariDataSource [SpringApplicationShutdownHook] HikariPool-1 - Shutdown initiated...
2024-06-19 21:18:25,721 INFO c.z.h.HikariDataSource [SpringApplicationShutdownHook] HikariPool-1 - Shutdown completed.
