2024-06-20 12:43:21,373 INFO o.s.o.j.AbstractEntityManagerFactoryBean [SpringApplicationShutdownHook] Closing JPA EntityManagerFactory for persistence unit 'default'
2024-06-20 12:43:21,380 INFO c.z.h.HikariDataSource [SpringApplicationShutdownHook] HikariPool-1 - Shutdown initiated...
2024-06-20 12:43:21,385 INFO c.z.h.HikariDataSource [SpringApplicationShutdownHook] HikariPool-1 - Shutdown completed.
2024-06-20 12:43:27,257 INFO o.s.b.StartupInfoLogger [main] Starting BinfoodApplication using Java 19.0.2 with PID 42380 (D:\nisa\Synrgy Academy 2024\synrgy7\F-BJV24001115-synrgy7-rah-binfood-ch6\target\classes started by user in D:\nisa\Synrgy Academy 2024\synrgy7\F-BJV24001115-synrgy7-rah-binfood-ch6)
2024-06-20 12:43:27,261 INFO o.s.b.SpringApplication [main] No active profile set, falling back to 1 default profile: "default"
2024-06-20 12:43:28,662 INFO o.s.d.r.c.RepositoryConfigurationDelegate [main] Bootstrapping Spring Data JPA repositories in DEFAULT mode.
2024-06-20 12:43:28,807 INFO o.s.d.r.c.RepositoryConfigurationDelegate [main] Finished Spring Data repository scanning in 134 ms. Found 6 JPA repository interfaces.
2024-06-20 12:43:29,846 INFO o.s.b.w.e.t.TomcatWebServer [main] Tomcat initialized with port 8081 (http)
2024-06-20 12:43:29,867 INFO o.a.j.l.DirectJDKLog [main] Initializing ProtocolHandler ["http-nio-8081"]
2024-06-20 12:43:29,871 INFO o.a.j.l.DirectJDKLog [main] Starting service [Tomcat]
2024-06-20 12:43:29,872 INFO o.a.j.l.DirectJDKLog [main] Starting Servlet engine: [Apache Tomcat/10.1.20]
2024-06-20 12:43:29,998 INFO o.a.j.l.DirectJDKLog [main] Initializing Spring embedded WebApplicationContext
2024-06-20 12:43:30,001 INFO o.s.b.w.s.c.ServletWebServerApplicationContext [main] Root WebApplicationContext: initialization completed in 2680 ms
2024-06-20 12:43:30,513 INFO o.h.j.i.u.LogHelper [main] HHH000204: Processing PersistenceUnitInfo [name: default]
2024-06-20 12:43:30,647 INFO o.h.Version [main] HHH000412: Hibernate ORM core version 6.4.4.Final
2024-06-20 12:43:30,745 INFO o.h.c.i.RegionFactoryInitiator [main] HHH000026: Second-level cache disabled
2024-06-20 12:43:31,530 INFO o.s.o.j.p.SpringPersistenceUnitInfo [main] No LoadTimeWeaver setup: ignoring JPA class transformer
2024-06-20 12:43:31,589 INFO c.z.h.HikariDataSource [main] HikariPool-1 - Starting...
2024-06-20 12:43:31,956 INFO c.z.h.p.HikariPool [main] HikariPool-1 - Added connection org.postgresql.jdbc.PgConnection@3cb195dd
2024-06-20 12:43:31,959 INFO c.z.h.HikariDataSource [main] HikariPool-1 - Start completed.
2024-06-20 12:43:32,027 WARN o.h.e.j.d.i.DialectFactoryImpl [main] HHH90000025: PostgreSQLDialect does not need to be specified explicitly using 'hibernate.dialect' (remove the property setting and it will be selected by default)
2024-06-20 12:43:33,587 INFO o.s.b.StartupInfoLogger [main] Starting BinfoodApplication using Java 19.0.2 with PID 16308 (D:\nisa\Synrgy Academy 2024\synrgy7\F-BJV24001115-synrgy7-rah-binfood-ch6\target\classes started by user in D:\nisa\Synrgy Academy 2024\synrgy7\F-BJV24001115-synrgy7-rah-binfood-ch6)
2024-06-20 12:43:33,591 INFO o.s.b.SpringApplication [main] No active profile set, falling back to 1 default profile: "default"
2024-06-20 12:43:33,995 INFO o.h.e.t.j.p.i.JtaPlatformInitiator [main] HHH000489: No JTA platform available (set 'hibernate.transaction.jta.platform' to enable JTA platform integration)
2024-06-20 12:43:34,268 INFO o.s.o.j.AbstractEntityManagerFactoryBean [main] Initialized JPA EntityManagerFactory for persistence unit 'default'
2024-06-20 12:43:35,710 WARN o.s.b.a.o.j.JpaBaseConfiguration$JpaWebConfiguration [main] spring.jpa.open-in-view is enabled by default. Therefore, database queries may be performed during view rendering. Explicitly configure spring.jpa.open-in-view to disable this warning
2024-06-20 12:43:35,768 INFO o.s.d.r.c.RepositoryConfigurationDelegate [main] Bootstrapping Spring Data JPA repositories in DEFAULT mode.
2024-06-20 12:43:35,906 INFO o.s.d.r.c.RepositoryConfigurationDelegate [main] Finished Spring Data repository scanning in 125 ms. Found 6 JPA repository interfaces.
2024-06-20 12:43:35,940 INFO o.s.d.j.r.q.QueryEnhancerFactory [main] Hibernate is in classpath; If applicable, HQL parser will be used.
2024-06-20 12:43:37,030 INFO o.s.s.w.DefaultSecurityFilterChain [main] Will secure any request with [org.springframework.security.web.session.DisableEncodeUrlFilter@5ffae42f, org.springframework.security.web.context.request.async.WebAsyncManagerIntegrationFilter@58182d7, org.springframework.security.web.context.SecurityContextHolderFilter@4fe0aa21, org.springframework.security.web.header.HeaderWriterFilter@497d9489, org.springframework.web.filter.CorsFilter@1eedf268, org.springframework.security.web.authentication.logout.LogoutFilter@6dd0d9a2, org.springframework.security.oauth2.client.web.OAuth2AuthorizationRequestRedirectFilter@7aafac17, org.springframework.security.oauth2.client.web.OAuth2LoginAuthenticationFilter@4603845b, com.rahmi.binfood.security.JwtRequestFilter@3829306d, org.springframework.security.web.savedrequest.RequestCacheAwareFilter@22fb3dde, org.springframework.security.web.servletapi.SecurityContextHolderAwareRequestFilter@38682845, org.springframework.security.web.authentication.AnonymousAuthenticationFilter@654322b0, org.springframework.security.web.session.SessionManagementFilter@6bbb3ec8, org.springframework.security.web.access.ExceptionTranslationFilter@745e1fb7, org.springframework.security.web.access.intercept.AuthorizationFilter@2889d997]
2024-06-20 12:43:37,060 INFO o.s.b.w.e.t.TomcatWebServer [main] Tomcat initialized with port 8081 (http)
2024-06-20 12:43:37,221 INFO o.s.b.w.s.c.ServletWebServerApplicationContext [main] Root WebApplicationContext: initialization completed in 3528 ms
2024-06-20 12:43:37,515 INFO o.a.j.l.DirectJDKLog [main] Starting ProtocolHandler ["http-nio-8081"]
2024-06-20 12:43:37,519 INFO o.h.j.i.u.LogHelper [main] HHH000204: Processing PersistenceUnitInfo [name: default]
2024-06-20 12:43:37,542 INFO o.s.b.w.e.t.TomcatWebServer [main] Tomcat started on port 8081 (http) with context path ''
2024-06-20 12:43:37,560 INFO o.s.b.StartupInfoLogger [main] Started BinfoodApplication in 11.004 seconds (process running for 11.559)
2024-06-20 12:43:37,606 INFO o.h.Version [main] HHH000412: Hibernate ORM core version 6.4.4.Final
2024-06-20 12:43:37,659 INFO o.h.c.i.RegionFactoryInitiator [main] HHH000026: Second-level cache disabled
2024-06-20 12:43:37,886 INFO o.s.o.j.p.SpringPersistenceUnitInfo [main] No LoadTimeWeaver setup: ignoring JPA class transformer
2024-06-20 12:43:37,920 INFO c.z.h.HikariDataSource [main] HikariPool-1 - Starting...
2024-06-20 12:43:38,151 INFO c.z.h.p.HikariPool [main] HikariPool-1 - Added connection org.postgresql.jdbc.PgConnection@12670e55
2024-06-20 12:43:38,153 INFO c.z.h.HikariDataSource [main] HikariPool-1 - Start completed.
2024-06-20 12:43:38,202 WARN o.h.e.j.d.i.DialectFactoryImpl [main] HHH90000025: PostgreSQLDialect does not need to be specified explicitly using 'hibernate.dialect' (remove the property setting and it will be selected by default)
2024-06-20 12:43:39,329 INFO o.h.e.t.j.p.i.JtaPlatformInitiator [main] HHH000489: No JTA platform available (set 'hibernate.transaction.jta.platform' to enable JTA platform integration)
2024-06-20 12:43:39,496 INFO o.s.o.j.AbstractEntityManagerFactoryBean [main] Initialized JPA EntityManagerFactory for persistence unit 'default'
2024-06-20 12:43:40,186 WARN o.s.b.a.o.j.JpaBaseConfiguration$JpaWebConfiguration [main] spring.jpa.open-in-view is enabled by default. Therefore, database queries may be performed during view rendering. Explicitly configure spring.jpa.open-in-view to disable this warning
2024-06-20 12:43:40,361 INFO o.s.d.j.r.q.QueryEnhancerFactory [main] Hibernate is in classpath; If applicable, HQL parser will be used.
2024-06-20 12:43:41,008 INFO o.s.s.w.DefaultSecurityFilterChain [main] Will secure any request with [org.springframework.security.web.session.DisableEncodeUrlFilter@5f7cc6fd, org.springframework.security.web.context.request.async.WebAsyncManagerIntegrationFilter@2b35dde3, org.springframework.security.web.context.SecurityContextHolderFilter@71669835, org.springframework.security.web.header.HeaderWriterFilter@2a68932b, org.springframework.web.filter.CorsFilter@276511ca, org.springframework.security.web.authentication.logout.LogoutFilter@38682845, org.springframework.security.oauth2.client.web.OAuth2AuthorizationRequestRedirectFilter@7951a08c, org.springframework.security.oauth2.client.web.OAuth2LoginAuthenticationFilter@6a53cddc, com.rahmi.binfood.security.JwtRequestFilter@5fb05c07, org.springframework.security.web.savedrequest.RequestCacheAwareFilter@130901fd, org.springframework.security.web.servletapi.SecurityContextHolderAwareRequestFilter@659f5f32, org.springframework.security.web.authentication.AnonymousAuthenticationFilter@62ee32c6, org.springframework.security.web.session.SessionManagementFilter@18f37d6e, org.springframework.security.web.access.ExceptionTranslationFilter@60ee6f76, org.springframework.security.web.access.intercept.AuthorizationFilter@5680228]
2024-06-20 12:43:41,235 INFO o.s.o.j.AbstractEntityManagerFactoryBean [SpringApplicationShutdownHook] Closing JPA EntityManagerFactory for persistence unit 'default'
2024-06-20 12:43:41,240 INFO c.z.h.HikariDataSource [SpringApplicationShutdownHook] HikariPool-1 - Shutdown initiated...
2024-06-20 12:43:41,254 INFO c.z.h.HikariDataSource [SpringApplicationShutdownHook] HikariPool-1 - Shutdown completed.
2024-06-20 12:43:41,429 INFO o.s.b.w.e.t.TomcatWebServer [main] Tomcat started on port 8081 (http) with context path ''
2024-06-20 12:43:41,446 INFO o.s.b.StartupInfoLogger [main] Started BinfoodApplication in 8.795 seconds (process running for 9.991)
2024-06-20 12:43:41,468 INFO o.s.o.j.AbstractEntityManagerFactoryBean [SpringApplicationShutdownHook] Closing JPA EntityManagerFactory for persistence unit 'default'
2024-06-20 12:43:41,471 INFO c.z.h.HikariDataSource [SpringApplicationShutdownHook] HikariPool-1 - Shutdown initiated...
2024-06-20 12:43:41,474 INFO c.z.h.HikariDataSource [SpringApplicationShutdownHook] HikariPool-1 - Shutdown completed.
