2024-06-20 12:09:13,857 INFO o.s.b.StartupInfoLogger [main] Starting BinfoodApplication using Java 19.0.2 with PID 43496 (D:\nisa\Synrgy Academy 2024\synrgy7\F-BJV24001115-synrgy7-rah-binfood-ch6\target\classes started by user in D:\nisa\Synrgy Academy 2024\synrgy7\F-BJV24001115-synrgy7-rah-binfood-ch6)
2024-06-20 12:09:13,861 INFO o.s.b.SpringApplication [main] No active profile set, falling back to 1 default profile: "default"
2024-06-20 12:09:15,011 INFO o.s.d.r.c.RepositoryConfigurationDelegate [main] Bootstrapping Spring Data JPA repositories in DEFAULT mode.
2024-06-20 12:09:15,124 INFO o.s.d.r.c.RepositoryConfigurationDelegate [main] Finished Spring Data repository scanning in 102 ms. Found 6 JPA repository interfaces.
2024-06-20 12:09:15,875 INFO o.s.b.w.e.t.TomcatWebServer [main] Tomcat initialized with port 8081 (http)
2024-06-20 12:09:15,891 INFO o.a.j.l.DirectJDKLog [main] Initializing ProtocolHandler ["http-nio-8081"]
2024-06-20 12:09:15,895 INFO o.a.j.l.DirectJDKLog [main] Starting service [Tomcat]
2024-06-20 12:09:15,895 INFO o.a.j.l.DirectJDKLog [main] Starting Servlet engine: [Apache Tomcat/10.1.20]
2024-06-20 12:09:15,987 INFO o.a.j.l.DirectJDKLog [main] Initializing Spring embedded WebApplicationContext
2024-06-20 12:09:15,989 INFO o.s.b.w.s.c.ServletWebServerApplicationContext [main] Root WebApplicationContext: initialization completed in 2080 ms
2024-06-20 12:09:16,213 INFO o.h.j.i.u.LogHelper [main] HHH000204: Processing PersistenceUnitInfo [name: default]
2024-06-20 12:09:16,318 INFO o.h.Version [main] HHH000412: Hibernate ORM core version 6.4.4.Final
2024-06-20 12:09:16,391 INFO o.h.c.i.RegionFactoryInitiator [main] HHH000026: Second-level cache disabled
2024-06-20 12:09:16,792 INFO o.s.o.j.p.SpringPersistenceUnitInfo [main] No LoadTimeWeaver setup: ignoring JPA class transformer
2024-06-20 12:09:16,840 INFO c.z.h.HikariDataSource [main] HikariPool-1 - Starting...
2024-06-20 12:09:17,213 INFO c.z.h.p.HikariPool [main] HikariPool-1 - Added connection org.postgresql.jdbc.PgConnection@13dd7887
2024-06-20 12:09:17,216 INFO c.z.h.HikariDataSource [main] HikariPool-1 - Start completed.
2024-06-20 12:09:17,282 WARN o.h.e.j.d.i.DialectFactoryImpl [main] HHH90000025: PostgreSQLDialect does not need to be specified explicitly using 'hibernate.dialect' (remove the property setting and it will be selected by default)
2024-06-20 12:09:18,792 INFO o.h.e.t.j.p.i.JtaPlatformInitiator [main] HHH000489: No JTA platform available (set 'hibernate.transaction.jta.platform' to enable JTA platform integration)
2024-06-20 12:09:19,020 INFO o.s.o.j.AbstractEntityManagerFactoryBean [main] Initialized JPA EntityManagerFactory for persistence unit 'default'
2024-06-20 12:09:19,786 WARN o.s.b.a.o.j.JpaBaseConfiguration$JpaWebConfiguration [main] spring.jpa.open-in-view is enabled by default. Therefore, database queries may be performed during view rendering. Explicitly configure spring.jpa.open-in-view to disable this warning
2024-06-20 12:09:20,006 INFO o.s.d.j.r.q.QueryEnhancerFactory [main] Hibernate is in classpath; If applicable, HQL parser will be used.
2024-06-20 12:09:20,842 INFO o.s.s.w.DefaultSecurityFilterChain [main] Will secure any request with [org.springframework.security.web.session.DisableEncodeUrlFilter@53251e03, org.springframework.security.web.context.request.async.WebAsyncManagerIntegrationFilter@5ffae42f, org.springframework.security.web.context.SecurityContextHolderFilter@414b785c, org.springframework.security.web.header.HeaderWriterFilter@4d484961, org.springframework.web.filter.CorsFilter@58182d7, org.springframework.security.web.authentication.logout.LogoutFilter@796eeafb, org.springframework.security.oauth2.client.web.OAuth2AuthorizationRequestRedirectFilter@1f664881, org.springframework.security.oauth2.client.web.OAuth2LoginAuthenticationFilter@6b8cfbeb, com.rahmi.binfood.security.JwtRequestFilter@706c2726, org.springframework.security.web.savedrequest.RequestCacheAwareFilter@7d1f906b, org.springframework.security.web.servletapi.SecurityContextHolderAwareRequestFilter@22fb3dde, org.springframework.security.web.authentication.AnonymousAuthenticationFilter@1eedf268, org.springframework.security.web.session.SessionManagementFilter@6f9c272b, org.springframework.security.web.access.ExceptionTranslationFilter@65a86de0, org.springframework.security.web.access.intercept.AuthorizationFilter@73602e88]
2024-06-20 12:09:21,271 INFO o.a.j.l.DirectJDKLog [main] Starting ProtocolHandler ["http-nio-8081"]
2024-06-20 12:09:21,304 INFO o.s.b.w.e.t.TomcatWebServer [main] Tomcat started on port 8081 (http) with context path ''
2024-06-20 12:09:21,329 INFO o.s.b.StartupInfoLogger [main] Started BinfoodApplication in 8.214 seconds (process running for 8.845)
2024-06-20 12:09:21,412 INFO o.a.j.l.DirectJDKLog [http-nio-8081-exec-1] Initializing Spring DispatcherServlet 'dispatcherServlet'
2024-06-20 12:09:21,412 INFO o.s.w.s.FrameworkServlet [http-nio-8081-exec-1] Initializing Servlet 'dispatcherServlet'
2024-06-20 12:09:21,414 INFO o.s.w.s.FrameworkServlet [http-nio-8081-exec-1] Completed initialization in 2 ms
