2024-06-20 12:35:49,266 INFO o.s.o.j.AbstractEntityManagerFactoryBean [SpringApplicationShutdownHook] Closing JPA EntityManagerFactory for persistence unit 'default'
2024-06-20 12:35:49,269 INFO c.z.h.HikariDataSource [SpringApplicationShutdownHook] HikariPool-1 - Shutdown initiated...
2024-06-20 12:35:49,275 INFO c.z.h.HikariDataSource [SpringApplicationShutdownHook] HikariPool-1 - Shutdown completed.
2024-06-20 12:35:54,867 INFO o.s.b.StartupInfoLogger [main] Starting BinfoodApplication using Java 19.0.2 with PID 40380 (D:\nisa\Synrgy Academy 2024\synrgy7\F-BJV24001115-synrgy7-rah-binfood-ch6\target\classes started by user in D:\nisa\Synrgy Academy 2024\synrgy7\F-BJV24001115-synrgy7-rah-binfood-ch6)
2024-06-20 12:35:54,870 INFO o.s.b.SpringApplication [main] No active profile set, falling back to 1 default profile: "default"
2024-06-20 12:35:55,873 INFO o.s.d.r.c.RepositoryConfigurationDelegate [main] Bootstrapping Spring Data JPA repositories in DEFAULT mode.
2024-06-20 12:35:55,960 INFO o.s.d.r.c.RepositoryConfigurationDelegate [main] Finished Spring Data repository scanning in 81 ms. Found 6 JPA repository interfaces.
2024-06-20 12:35:56,586 INFO o.s.b.w.e.t.TomcatWebServer [main] Tomcat initialized with port 8081 (http)
2024-06-20 12:35:56,597 INFO o.a.j.l.DirectJDKLog [main] Initializing ProtocolHandler ["http-nio-8081"]
2024-06-20 12:35:56,600 INFO o.a.j.l.DirectJDKLog [main] Starting service [Tomcat]
2024-06-20 12:35:56,601 INFO o.a.j.l.DirectJDKLog [main] Starting Servlet engine: [Apache Tomcat/10.1.20]
2024-06-20 12:35:56,675 INFO o.a.j.l.DirectJDKLog [main] Initializing Spring embedded WebApplicationContext
2024-06-20 12:35:56,676 INFO o.s.b.w.s.c.ServletWebServerApplicationContext [main] Root WebApplicationContext: initialization completed in 1762 ms
2024-06-20 12:35:56,852 INFO o.h.j.i.u.LogHelper [main] HHH000204: Processing PersistenceUnitInfo [name: default]
2024-06-20 12:35:56,921 INFO o.h.Version [main] HHH000412: Hibernate ORM core version 6.4.4.Final
2024-06-20 12:35:56,988 INFO o.h.c.i.RegionFactoryInitiator [main] HHH000026: Second-level cache disabled
2024-06-20 12:35:57,234 INFO o.s.o.j.p.SpringPersistenceUnitInfo [main] No LoadTimeWeaver setup: ignoring JPA class transformer
2024-06-20 12:35:57,269 INFO c.z.h.HikariDataSource [main] HikariPool-1 - Starting...
2024-06-20 12:35:57,475 INFO c.z.h.p.HikariPool [main] HikariPool-1 - Added connection org.postgresql.jdbc.PgConnection@44de8e00
2024-06-20 12:35:57,477 INFO c.z.h.HikariDataSource [main] HikariPool-1 - Start completed.
2024-06-20 12:35:57,510 WARN o.h.e.j.d.i.DialectFactoryImpl [main] HHH90000025: PostgreSQLDialect does not need to be specified explicitly using 'hibernate.dialect' (remove the property setting and it will be selected by default)
2024-06-20 12:35:58,572 INFO o.h.e.t.j.p.i.JtaPlatformInitiator [main] HHH000489: No JTA platform available (set 'hibernate.transaction.jta.platform' to enable JTA platform integration)
2024-06-20 12:35:58,720 INFO o.s.o.j.AbstractEntityManagerFactoryBean [main] Initialized JPA EntityManagerFactory for persistence unit 'default'
2024-06-20 12:35:59,325 WARN o.s.b.a.o.j.JpaBaseConfiguration$JpaWebConfiguration [main] spring.jpa.open-in-view is enabled by default. Therefore, database queries may be performed during view rendering. Explicitly configure spring.jpa.open-in-view to disable this warning
2024-06-20 12:35:59,471 INFO o.s.d.j.r.q.QueryEnhancerFactory [main] Hibernate is in classpath; If applicable, HQL parser will be used.
2024-06-20 12:36:00,092 INFO o.s.s.w.DefaultSecurityFilterChain [main] Will secure any request with [org.springframework.security.web.session.DisableEncodeUrlFilter@6d9069ab, org.springframework.security.web.context.request.async.WebAsyncManagerIntegrationFilter@648ec9f4, org.springframework.security.web.context.SecurityContextHolderFilter@72933ccb, org.springframework.security.web.header.HeaderWriterFilter@414b785c, org.springframework.web.filter.CorsFilter@158119bf, org.springframework.security.web.authentication.logout.LogoutFilter@68769265, org.springframework.security.oauth2.client.web.OAuth2AuthorizationRequestRedirectFilter@414b5798, org.springframework.security.oauth2.client.web.OAuth2LoginAuthenticationFilter@58182d7, com.rahmi.binfood.security.JwtRequestFilter@641255d1, org.springframework.security.web.savedrequest.RequestCacheAwareFilter@8e0b048, org.springframework.security.web.servletapi.SecurityContextHolderAwareRequestFilter@71b38b11, org.springframework.security.web.authentication.AnonymousAuthenticationFilter@69abff1d, org.springframework.security.web.session.SessionManagementFilter@7d1f906b, org.springframework.security.web.access.ExceptionTranslationFilter@6bbb3ec8, org.springframework.security.web.access.intercept.AuthorizationFilter@6a53cddc]
2024-06-20 12:36:00,386 INFO o.a.j.l.DirectJDKLog [main] Starting ProtocolHandler ["http-nio-8081"]
2024-06-20 12:36:00,408 INFO o.s.b.w.e.t.TomcatWebServer [main] Tomcat started on port 8081 (http) with context path ''
2024-06-20 12:36:00,421 INFO o.s.b.StartupInfoLogger [main] Started BinfoodApplication in 6.184 seconds (process running for 6.674)
2024-06-20 12:36:14,555 INFO o.s.o.j.AbstractEntityManagerFactoryBean [SpringApplicationShutdownHook] Closing JPA EntityManagerFactory for persistence unit 'default'
2024-06-20 12:36:14,560 INFO c.z.h.HikariDataSource [SpringApplicationShutdownHook] HikariPool-1 - Shutdown initiated...
2024-06-20 12:36:14,568 INFO c.z.h.HikariDataSource [SpringApplicationShutdownHook] HikariPool-1 - Shutdown completed.
