2024-07-05 16:45:38,255 INFO o.s.o.j.AbstractEntityManagerFactoryBean [SpringApplicationShutdownHook] Closing JPA EntityManagerFactory for persistence unit 'default'
2024-07-05 16:45:38,257 INFO c.z.h.HikariDataSource [SpringApplicationShutdownHook] HikariPool-1 - Shutdown initiated...
2024-07-05 16:45:38,260 INFO c.z.h.HikariDataSource [SpringApplicationShutdownHook] HikariPool-1 - Shutdown completed.
2024-07-05 16:45:42,173 INFO o.s.b.StartupInfoLogger [main] Starting BinfoodApplication using Java 19.0.2 with PID 23956 (D:\nisa\Synrgy Academy 2024\synrgy7\F-BJV24001115-synrgy7-rah-binfood-ch7\target\classes started by user in D:\nisa\Synrgy Academy 2024\synrgy7\F-BJV24001115-synrgy7-rah-binfood-ch7)
2024-07-05 16:45:42,175 INFO o.s.b.SpringApplication [main] No active profile set, falling back to 1 default profile: "default"
2024-07-05 16:45:42,828 INFO o.s.d.r.c.RepositoryConfigurationDelegate [main] Bootstrapping Spring Data JPA repositories in DEFAULT mode.
2024-07-05 16:45:42,902 INFO o.s.d.r.c.RepositoryConfigurationDelegate [main] Finished Spring Data repository scanning in 68 ms. Found 6 JPA repository interfaces.
2024-07-05 16:45:43,372 INFO o.s.b.w.e.t.TomcatWebServer [main] Tomcat initialized with port 8081 (http)
2024-07-05 16:45:43,381 INFO o.a.j.l.DirectJDKLog [main] Initializing ProtocolHandler ["http-nio-8081"]
2024-07-05 16:45:43,383 INFO o.a.j.l.DirectJDKLog [main] Starting service [Tomcat]
2024-07-05 16:45:43,383 INFO o.a.j.l.DirectJDKLog [main] Starting Servlet engine: [Apache Tomcat/10.1.20]
2024-07-05 16:45:43,440 INFO o.a.j.l.DirectJDKLog [main] Initializing Spring embedded WebApplicationContext
2024-07-05 16:45:43,440 INFO o.s.b.w.s.c.ServletWebServerApplicationContext [main] Root WebApplicationContext: initialization completed in 1231 ms
2024-07-05 16:45:43,542 INFO o.h.j.i.u.LogHelper [main] HHH000204: Processing PersistenceUnitInfo [name: default]
2024-07-05 16:45:43,581 INFO o.h.Version [main] HHH000412: Hibernate ORM core version 6.4.4.Final
2024-07-05 16:45:43,620 INFO o.h.c.i.RegionFactoryInitiator [main] HHH000026: Second-level cache disabled
2024-07-05 16:45:43,786 INFO o.s.o.j.p.SpringPersistenceUnitInfo [main] No LoadTimeWeaver setup: ignoring JPA class transformer
2024-07-05 16:45:43,805 INFO c.z.h.HikariDataSource [main] HikariPool-1 - Starting...
2024-07-05 16:45:43,947 INFO c.z.h.p.HikariPool [main] HikariPool-1 - Added connection org.postgresql.jdbc.PgConnection@2c1a8529
2024-07-05 16:45:43,949 INFO c.z.h.HikariDataSource [main] HikariPool-1 - Start completed.
2024-07-05 16:45:43,991 WARN o.h.e.j.d.i.DialectFactoryImpl [main] HHH90000025: PostgreSQLDialect does not need to be specified explicitly using 'hibernate.dialect' (remove the property setting and it will be selected by default)
2024-07-05 16:45:44,805 INFO o.h.e.t.j.p.i.JtaPlatformInitiator [main] HHH000489: No JTA platform available (set 'hibernate.transaction.jta.platform' to enable JTA platform integration)
2024-07-05 16:45:44,931 INFO o.s.o.j.AbstractEntityManagerFactoryBean [main] Initialized JPA EntityManagerFactory for persistence unit 'default'
2024-07-05 16:45:45,377 INFO o.s.d.j.r.q.QueryEnhancerFactory [main] Hibernate is in classpath; If applicable, HQL parser will be used.
2024-07-05 16:45:45,803 WARN o.s.b.a.o.j.JpaBaseConfiguration$JpaWebConfiguration [main] spring.jpa.open-in-view is enabled by default. Therefore, database queries may be performed during view rendering. Explicitly configure spring.jpa.open-in-view to disable this warning
2024-07-05 16:45:46,096 INFO o.s.s.w.DefaultSecurityFilterChain [main] Will secure any request with [org.springframework.security.web.session.DisableEncodeUrlFilter@33212ae6, org.springframework.security.web.context.request.async.WebAsyncManagerIntegrationFilter@7170da18, org.springframework.security.web.context.SecurityContextHolderFilter@71e6bac0, org.springframework.security.web.header.HeaderWriterFilter@71b75f99, org.springframework.web.filter.CorsFilter@20616795, org.springframework.security.web.authentication.logout.LogoutFilter@4bb747c1, org.springframework.security.oauth2.client.web.OAuth2AuthorizationRequestRedirectFilter@30e29c0c, org.springframework.security.oauth2.client.web.OAuth2LoginAuthenticationFilter@2f81d7f, com.rahmi.binfood.security.JwtRequestFilter@12bb8943, org.springframework.security.web.savedrequest.RequestCacheAwareFilter@5698a866, org.springframework.security.web.servletapi.SecurityContextHolderAwareRequestFilter@1c6ab85, org.springframework.security.web.authentication.AnonymousAuthenticationFilter@1b61c1, org.springframework.security.web.session.SessionManagementFilter@21339b6f, org.springframework.security.web.access.ExceptionTranslationFilter@7c4a7770, org.springframework.security.web.access.intercept.AuthorizationFilter@7528ece2]
2024-07-05 16:45:46,332 INFO o.a.j.l.DirectJDKLog [main] Starting ProtocolHandler ["http-nio-8081"]
2024-07-05 16:45:46,345 INFO o.s.b.w.e.t.TomcatWebServer [main] Tomcat started on port 8081 (http) with context path ''
2024-07-05 16:45:46,355 INFO o.s.b.StartupInfoLogger [main] Started BinfoodApplication in 4.55 seconds (process running for 5.045)
2024-07-05 16:45:48,272 INFO o.a.j.l.DirectJDKLog [http-nio-8081-exec-1] Initializing Spring DispatcherServlet 'dispatcherServlet'
2024-07-05 16:45:48,272 INFO o.s.w.s.FrameworkServlet [http-nio-8081-exec-1] Initializing Servlet 'dispatcherServlet'
2024-07-05 16:45:48,273 INFO o.s.w.s.FrameworkServlet [http-nio-8081-exec-1] Completed initialization in 0 ms
2024-07-05 16:46:28,147 INFO o.s.o.j.AbstractEntityManagerFactoryBean [SpringApplicationShutdownHook] Closing JPA EntityManagerFactory for persistence unit 'default'
2024-07-05 16:46:28,148 INFO c.z.h.HikariDataSource [SpringApplicationShutdownHook] HikariPool-1 - Shutdown initiated...
2024-07-05 16:46:28,150 INFO c.z.h.HikariDataSource [SpringApplicationShutdownHook] HikariPool-1 - Shutdown completed.
