2024-06-20 14:04:32,359 INFO o.s.o.j.AbstractEntityManagerFactoryBean [SpringApplicationShutdownHook] Closing JPA EntityManagerFactory for persistence unit 'default'
2024-06-20 14:04:32,370 INFO c.z.h.HikariDataSource [SpringApplicationShutdownHook] HikariPool-1 - Shutdown initiated...
2024-06-20 14:04:32,380 INFO c.z.h.HikariDataSource [SpringApplicationShutdownHook] HikariPool-1 - Shutdown completed.
2024-06-20 14:04:38,060 INFO o.s.b.StartupInfoLogger [main] Starting BinfoodApplication using Java 19.0.2 with PID 51548 (D:\nisa\Synrgy Academy 2024\synrgy7\F-BJV24001115-synrgy7-rah-binfood-ch6\target\classes started by user in D:\nisa\Synrgy Academy 2024\synrgy7\F-BJV24001115-synrgy7-rah-binfood-ch6)
2024-06-20 14:04:38,063 INFO o.s.b.SpringApplication [main] No active profile set, falling back to 1 default profile: "default"
2024-06-20 14:04:39,103 INFO o.s.d.r.c.RepositoryConfigurationDelegate [main] Bootstrapping Spring Data JPA repositories in DEFAULT mode.
2024-06-20 14:04:39,185 INFO o.s.d.r.c.RepositoryConfigurationDelegate [main] Finished Spring Data repository scanning in 75 ms. Found 6 JPA repository interfaces.
2024-06-20 14:04:39,807 INFO o.s.b.w.e.t.TomcatWebServer [main] Tomcat initialized with port 8081 (http)
2024-06-20 14:04:39,817 INFO o.a.j.l.DirectJDKLog [main] Initializing ProtocolHandler ["http-nio-8081"]
2024-06-20 14:04:39,820 INFO o.a.j.l.DirectJDKLog [main] Starting service [Tomcat]
2024-06-20 14:04:39,820 INFO o.a.j.l.DirectJDKLog [main] Starting Servlet engine: [Apache Tomcat/10.1.20]
2024-06-20 14:04:39,910 INFO o.a.j.l.DirectJDKLog [main] Initializing Spring embedded WebApplicationContext
2024-06-20 14:04:39,912 INFO o.s.b.w.s.c.ServletWebServerApplicationContext [main] Root WebApplicationContext: initialization completed in 1790 ms
2024-06-20 14:04:40,096 INFO o.h.j.i.u.LogHelper [main] HHH000204: Processing PersistenceUnitInfo [name: default]
2024-06-20 14:04:40,163 INFO o.h.Version [main] HHH000412: Hibernate ORM core version 6.4.4.Final
2024-06-20 14:04:40,225 INFO o.h.c.i.RegionFactoryInitiator [main] HHH000026: Second-level cache disabled
2024-06-20 14:04:40,448 INFO o.s.o.j.p.SpringPersistenceUnitInfo [main] No LoadTimeWeaver setup: ignoring JPA class transformer
2024-06-20 14:04:40,480 INFO c.z.h.HikariDataSource [main] HikariPool-1 - Starting...
2024-06-20 14:04:40,714 INFO c.z.h.p.HikariPool [main] HikariPool-1 - Added connection org.postgresql.jdbc.PgConnection@210635fd
2024-06-20 14:04:40,717 INFO c.z.h.HikariDataSource [main] HikariPool-1 - Start completed.
2024-06-20 14:04:40,771 WARN o.h.e.j.d.i.DialectFactoryImpl [main] HHH90000025: PostgreSQLDialect does not need to be specified explicitly using 'hibernate.dialect' (remove the property setting and it will be selected by default)
2024-06-20 14:04:41,932 INFO o.h.e.t.j.p.i.JtaPlatformInitiator [main] HHH000489: No JTA platform available (set 'hibernate.transaction.jta.platform' to enable JTA platform integration)
2024-06-20 14:04:42,065 INFO o.s.o.j.AbstractEntityManagerFactoryBean [main] Initialized JPA EntityManagerFactory for persistence unit 'default'
2024-06-20 14:04:42,690 WARN o.s.b.a.o.j.JpaBaseConfiguration$JpaWebConfiguration [main] spring.jpa.open-in-view is enabled by default. Therefore, database queries may be performed during view rendering. Explicitly configure spring.jpa.open-in-view to disable this warning
2024-06-20 14:04:42,850 INFO o.s.d.j.r.q.QueryEnhancerFactory [main] Hibernate is in classpath; If applicable, HQL parser will be used.
2024-06-20 14:04:43,469 INFO o.s.s.w.DefaultSecurityFilterChain [main] Will secure any request with [org.springframework.security.web.session.DisableEncodeUrlFilter@158119bf, org.springframework.security.web.context.request.async.WebAsyncManagerIntegrationFilter@69abff1d, org.springframework.security.web.context.SecurityContextHolderFilter@8e0b048, org.springframework.security.web.header.HeaderWriterFilter@7d1f906b, org.springframework.web.filter.CorsFilter@7980eb2, org.springframework.security.web.authentication.logout.LogoutFilter@69f35d31, org.springframework.security.oauth2.client.web.OAuth2AuthorizationRequestRedirectFilter@5ffae42f, org.springframework.security.oauth2.client.web.OAuth2LoginAuthenticationFilter@654322b0, com.rahmi.binfood.security.JwtRequestFilter@28effa3f, org.springframework.security.web.savedrequest.RequestCacheAwareFilter@1a2d8488, org.springframework.security.web.servletapi.SecurityContextHolderAwareRequestFilter@1a120e41, org.springframework.security.web.authentication.AnonymousAuthenticationFilter@15cba6dc, org.springframework.security.web.session.SessionManagementFilter@38682845, org.springframework.security.web.access.ExceptionTranslationFilter@414b785c, org.springframework.security.web.access.intercept.AuthorizationFilter@54422189]
2024-06-20 14:04:43,757 INFO o.a.j.l.DirectJDKLog [main] Starting ProtocolHandler ["http-nio-8081"]
2024-06-20 14:04:43,781 INFO o.s.b.w.e.t.TomcatWebServer [main] Tomcat started on port 8081 (http) with context path ''
2024-06-20 14:04:43,791 INFO o.s.b.StartupInfoLogger [main] Started BinfoodApplication in 6.388 seconds (process running for 6.923)
2024-06-20 14:05:06,306 INFO o.a.j.l.DirectJDKLog [http-nio-8081-exec-1] Initializing Spring DispatcherServlet 'dispatcherServlet'
2024-06-20 14:05:06,314 INFO o.s.w.s.FrameworkServlet [http-nio-8081-exec-1] Initializing Servlet 'dispatcherServlet'
2024-06-20 14:05:06,314 INFO o.s.w.s.FrameworkServlet [http-nio-8081-exec-1] Completed initialization in 0 ms
