2024-06-20 12:40:07,806 INFO o.s.o.j.AbstractEntityManagerFactoryBean [SpringApplicationShutdownHook] Closing JPA EntityManagerFactory for persistence unit 'default'
2024-06-20 12:40:07,816 INFO c.z.h.HikariDataSource [SpringApplicationShutdownHook] HikariPool-1 - Shutdown initiated...
2024-06-20 12:40:07,822 INFO c.z.h.HikariDataSource [SpringApplicationShutdownHook] HikariPool-1 - Shutdown completed.
2024-06-20 12:40:14,149 INFO o.s.b.StartupInfoLogger [main] Starting BinfoodApplication using Java 19.0.2 with PID 40036 (D:\nisa\Synrgy Academy 2024\synrgy7\F-BJV24001115-synrgy7-rah-binfood-ch6\target\classes started by user in D:\nisa\Synrgy Academy 2024\synrgy7\F-BJV24001115-synrgy7-rah-binfood-ch6)
2024-06-20 12:40:14,152 INFO o.s.b.SpringApplication [main] No active profile set, falling back to 1 default profile: "default"
2024-06-20 12:40:15,218 INFO o.s.d.r.c.RepositoryConfigurationDelegate [main] Bootstrapping Spring Data JPA repositories in DEFAULT mode.
2024-06-20 12:40:15,315 INFO o.s.d.r.c.RepositoryConfigurationDelegate [main] Finished Spring Data repository scanning in 91 ms. Found 6 JPA repository interfaces.
2024-06-20 12:40:15,933 INFO o.s.b.w.e.t.TomcatWebServer [main] Tomcat initialized with port 8081 (http)
2024-06-20 12:40:15,946 INFO o.a.j.l.DirectJDKLog [main] Initializing ProtocolHandler ["http-nio-8081"]
2024-06-20 12:40:15,949 INFO o.a.j.l.DirectJDKLog [main] Starting service [Tomcat]
2024-06-20 12:40:15,950 INFO o.a.j.l.DirectJDKLog [main] Starting Servlet engine: [Apache Tomcat/10.1.20]
2024-06-20 12:40:16,022 INFO o.a.j.l.DirectJDKLog [main] Initializing Spring embedded WebApplicationContext
2024-06-20 12:40:16,023 INFO o.s.b.w.s.c.ServletWebServerApplicationContext [main] Root WebApplicationContext: initialization completed in 1806 ms
2024-06-20 12:40:16,199 INFO o.h.j.i.u.LogHelper [main] HHH000204: Processing PersistenceUnitInfo [name: default]
2024-06-20 12:40:16,256 INFO o.h.Version [main] HHH000412: Hibernate ORM core version 6.4.4.Final
2024-06-20 12:40:16,308 INFO o.h.c.i.RegionFactoryInitiator [main] HHH000026: Second-level cache disabled
2024-06-20 12:40:16,532 INFO o.s.o.j.p.SpringPersistenceUnitInfo [main] No LoadTimeWeaver setup: ignoring JPA class transformer
2024-06-20 12:40:16,560 INFO c.z.h.HikariDataSource [main] HikariPool-1 - Starting...
2024-06-20 12:40:16,739 INFO c.z.h.p.HikariPool [main] HikariPool-1 - Added connection org.postgresql.jdbc.PgConnection@4d825dbe
2024-06-20 12:40:16,741 INFO c.z.h.HikariDataSource [main] HikariPool-1 - Start completed.
2024-06-20 12:40:16,782 WARN o.h.e.j.d.i.DialectFactoryImpl [main] HHH90000025: PostgreSQLDialect does not need to be specified explicitly using 'hibernate.dialect' (remove the property setting and it will be selected by default)
2024-06-20 12:40:17,885 INFO o.h.e.t.j.p.i.JtaPlatformInitiator [main] HHH000489: No JTA platform available (set 'hibernate.transaction.jta.platform' to enable JTA platform integration)
2024-06-20 12:40:18,064 INFO o.s.o.j.AbstractEntityManagerFactoryBean [main] Initialized JPA EntityManagerFactory for persistence unit 'default'
2024-06-20 12:40:18,720 WARN o.s.b.a.o.j.JpaBaseConfiguration$JpaWebConfiguration [main] spring.jpa.open-in-view is enabled by default. Therefore, database queries may be performed during view rendering. Explicitly configure spring.jpa.open-in-view to disable this warning
2024-06-20 12:40:18,903 INFO o.s.d.j.r.q.QueryEnhancerFactory [main] Hibernate is in classpath; If applicable, HQL parser will be used.
2024-06-20 12:40:19,588 INFO o.s.s.w.DefaultSecurityFilterChain [main] Will secure any request with [org.springframework.security.web.session.DisableEncodeUrlFilter@648ec9f4, org.springframework.security.web.context.request.async.WebAsyncManagerIntegrationFilter@158119bf, org.springframework.security.web.context.SecurityContextHolderFilter@730e663a, org.springframework.security.web.header.HeaderWriterFilter@4fe0aa21, org.springframework.web.filter.CorsFilter@69abff1d, org.springframework.security.web.authentication.logout.LogoutFilter@5e9355a6, org.springframework.security.oauth2.client.web.OAuth2AuthorizationRequestRedirectFilter@53251e03, org.springframework.security.oauth2.client.web.OAuth2LoginAuthenticationFilter@1eedf268, com.rahmi.binfood.security.JwtRequestFilter@53086bdc, org.springframework.security.web.savedrequest.RequestCacheAwareFilter@71b38b11, org.springframework.security.web.servletapi.SecurityContextHolderAwareRequestFilter@1a2d8488, org.springframework.security.web.authentication.AnonymousAuthenticationFilter@7980eb2, org.springframework.security.web.session.SessionManagementFilter@22fb3dde, org.springframework.security.web.access.ExceptionTranslationFilter@64b7719f, org.springframework.security.web.access.intercept.AuthorizationFilter@1e7245da]
2024-06-20 12:40:19,877 INFO o.a.j.l.DirectJDKLog [main] Starting ProtocolHandler ["http-nio-8081"]
2024-06-20 12:40:19,901 INFO o.s.b.w.e.t.TomcatWebServer [main] Tomcat started on port 8081 (http) with context path ''
2024-06-20 12:40:19,909 INFO o.s.b.StartupInfoLogger [main] Started BinfoodApplication in 6.486 seconds (process running for 7.125)
2024-06-20 12:40:39,719 INFO o.a.j.l.DirectJDKLog [http-nio-8081-exec-1] Initializing Spring DispatcherServlet 'dispatcherServlet'
2024-06-20 12:40:39,727 INFO o.s.w.s.FrameworkServlet [http-nio-8081-exec-1] Initializing Servlet 'dispatcherServlet'
2024-06-20 12:40:39,727 INFO o.s.w.s.FrameworkServlet [http-nio-8081-exec-1] Completed initialization in 0 ms
