2024-06-23 22:24:04,350 INFO o.s.b.StartupInfoLogger [main] Starting BinfoodApplication using Java 19.0.2 with PID 16716 (D:\nisa\Synrgy Academy 2024\synrgy7\F-BJV24001115-synrgy7-rah-binfood-ch6\target\classes started by user in D:\nisa\Synrgy Academy 2024\synrgy7\F-BJV24001115-synrgy7-rah-binfood-ch6)
2024-06-23 22:24:04,355 INFO o.s.b.SpringApplication [main] No active profile set, falling back to 1 default profile: "default"
2024-06-23 22:24:05,327 INFO o.s.d.r.c.RepositoryConfigurationDelegate [main] Bootstrapping Spring Data JPA repositories in DEFAULT mode.
2024-06-23 22:24:05,417 INFO o.s.d.r.c.RepositoryConfigurationDelegate [main] Finished Spring Data repository scanning in 85 ms. Found 6 JPA repository interfaces.
2024-06-23 22:24:06,071 INFO o.s.b.w.e.t.TomcatWebServer [main] Tomcat initialized with port 8081 (http)
2024-06-23 22:24:06,082 INFO o.a.j.l.DirectJDKLog [main] Initializing ProtocolHandler ["http-nio-8081"]
2024-06-23 22:24:06,085 INFO o.a.j.l.DirectJDKLog [main] Starting service [Tomcat]
2024-06-23 22:24:06,085 INFO o.a.j.l.DirectJDKLog [main] Starting Servlet engine: [Apache Tomcat/10.1.20]
2024-06-23 22:24:06,149 INFO o.a.j.l.DirectJDKLog [main] Initializing Spring embedded WebApplicationContext
2024-06-23 22:24:06,150 INFO o.s.b.w.s.c.ServletWebServerApplicationContext [main] Root WebApplicationContext: initialization completed in 1748 ms
2024-06-23 22:24:06,328 INFO o.h.j.i.u.LogHelper [main] HHH000204: Processing PersistenceUnitInfo [name: default]
2024-06-23 22:24:06,378 INFO o.h.Version [main] HHH000412: Hibernate ORM core version 6.4.4.Final
2024-06-23 22:24:06,416 INFO o.h.c.i.RegionFactoryInitiator [main] HHH000026: Second-level cache disabled
2024-06-23 22:24:06,639 INFO o.s.o.j.p.SpringPersistenceUnitInfo [main] No LoadTimeWeaver setup: ignoring JPA class transformer
2024-06-23 22:24:06,674 INFO c.z.h.HikariDataSource [main] HikariPool-1 - Starting...
2024-06-23 22:24:07,005 INFO c.z.h.p.HikariPool [main] HikariPool-1 - Added connection org.postgresql.jdbc.PgConnection@6efd0a6e
2024-06-23 22:24:07,007 INFO c.z.h.HikariDataSource [main] HikariPool-1 - Start completed.
2024-06-23 22:24:07,046 WARN o.h.e.j.d.i.DialectFactoryImpl [main] HHH90000025: PostgreSQLDialect does not need to be specified explicitly using 'hibernate.dialect' (remove the property setting and it will be selected by default)
2024-06-23 22:24:08,121 INFO o.h.e.t.j.p.i.JtaPlatformInitiator [main] HHH000489: No JTA platform available (set 'hibernate.transaction.jta.platform' to enable JTA platform integration)
2024-06-23 22:24:08,231 INFO o.s.o.j.AbstractEntityManagerFactoryBean [main] Initialized JPA EntityManagerFactory for persistence unit 'default'
2024-06-23 22:24:08,916 WARN o.s.b.a.o.j.JpaBaseConfiguration$JpaWebConfiguration [main] spring.jpa.open-in-view is enabled by default. Therefore, database queries may be performed during view rendering. Explicitly configure spring.jpa.open-in-view to disable this warning
2024-06-23 22:24:09,086 INFO o.s.d.j.r.q.QueryEnhancerFactory [main] Hibernate is in classpath; If applicable, HQL parser will be used.
2024-06-23 22:24:09,782 INFO o.s.s.w.DefaultSecurityFilterChain [main] Will secure any request with [org.springframework.security.web.session.DisableEncodeUrlFilter@3fcc58f8, org.springframework.security.web.context.request.async.WebAsyncManagerIntegrationFilter@51f714d1, org.springframework.security.web.context.SecurityContextHolderFilter@73ec417b, org.springframework.security.web.header.HeaderWriterFilter@7a213820, org.springframework.web.filter.CorsFilter@77e8492f, org.springframework.security.web.authentication.logout.LogoutFilter@5ce50c82, org.springframework.security.oauth2.client.web.OAuth2AuthorizationRequestRedirectFilter@62ee32c6, org.springframework.security.oauth2.client.web.OAuth2LoginAuthenticationFilter@51a7ee4e, com.rahmi.binfood.security.JwtRequestFilter@321558f8, org.springframework.security.web.savedrequest.RequestCacheAwareFilter@46984524, org.springframework.security.web.servletapi.SecurityContextHolderAwareRequestFilter@65a86de0, org.springframework.security.web.authentication.AnonymousAuthenticationFilter@1263d20d, org.springframework.security.web.session.SessionManagementFilter@210b4145, org.springframework.security.web.access.ExceptionTranslationFilter@3e0575a2, org.springframework.security.web.access.intercept.AuthorizationFilter@6dd0d9a2]
2024-06-23 22:24:10,111 INFO o.a.j.l.DirectJDKLog [main] Starting ProtocolHandler ["http-nio-8081"]
2024-06-23 22:24:10,134 INFO o.s.b.w.e.t.TomcatWebServer [main] Tomcat started on port 8081 (http) with context path ''
2024-06-23 22:24:10,147 INFO o.s.b.StartupInfoLogger [main] Started BinfoodApplication in 6.416 seconds (process running for 6.876)
2024-06-23 22:44:14,683 INFO o.s.o.j.AbstractEntityManagerFactoryBean [SpringApplicationShutdownHook] Closing JPA EntityManagerFactory for persistence unit 'default'
2024-06-23 22:44:14,686 INFO c.z.h.HikariDataSource [SpringApplicationShutdownHook] HikariPool-1 - Shutdown initiated...
2024-06-23 22:44:14,689 INFO c.z.h.HikariDataSource [SpringApplicationShutdownHook] HikariPool-1 - Shutdown completed.
