2024-06-20 12:43:45,915 INFO o.s.b.StartupInfoLogger [main] Starting BinfoodApplication using Java 19.0.2 with PID 35044 (D:\nisa\Synrgy Academy 2024\synrgy7\F-BJV24001115-synrgy7-rah-binfood-ch6\target\classes started by user in D:\nisa\Synrgy Academy 2024\synrgy7\F-BJV24001115-synrgy7-rah-binfood-ch6)
2024-06-20 12:43:45,919 INFO o.s.b.SpringApplication [main] No active profile set, falling back to 1 default profile: "default"
2024-06-20 12:43:46,978 INFO o.s.d.r.c.RepositoryConfigurationDelegate [main] Bootstrapping Spring Data JPA repositories in DEFAULT mode.
2024-06-20 12:43:47,074 INFO o.s.d.r.c.RepositoryConfigurationDelegate [main] Finished Spring Data repository scanning in 88 ms. Found 6 JPA repository interfaces.
2024-06-20 12:43:47,934 INFO o.s.b.w.e.t.TomcatWebServer [main] Tomcat initialized with port 8081 (http)
2024-06-20 12:43:47,948 INFO o.a.j.l.DirectJDKLog [main] Initializing ProtocolHandler ["http-nio-8081"]
2024-06-20 12:43:47,951 INFO o.a.j.l.DirectJDKLog [main] Starting service [Tomcat]
2024-06-20 12:43:47,952 INFO o.a.j.l.DirectJDKLog [main] Starting Servlet engine: [Apache Tomcat/10.1.20]
2024-06-20 12:43:48,033 INFO o.a.j.l.DirectJDKLog [main] Initializing Spring embedded WebApplicationContext
2024-06-20 12:43:48,034 INFO o.s.b.w.s.c.ServletWebServerApplicationContext [main] Root WebApplicationContext: initialization completed in 2066 ms
2024-06-20 12:43:48,234 INFO o.h.j.i.u.LogHelper [main] HHH000204: Processing PersistenceUnitInfo [name: default]
2024-06-20 12:43:48,298 INFO o.h.Version [main] HHH000412: Hibernate ORM core version 6.4.4.Final
2024-06-20 12:43:48,362 INFO o.h.c.i.RegionFactoryInitiator [main] HHH000026: Second-level cache disabled
2024-06-20 12:43:48,657 INFO o.s.o.j.p.SpringPersistenceUnitInfo [main] No LoadTimeWeaver setup: ignoring JPA class transformer
2024-06-20 12:43:48,699 INFO c.z.h.HikariDataSource [main] HikariPool-1 - Starting...
2024-06-20 12:43:48,934 INFO c.z.h.p.HikariPool [main] HikariPool-1 - Added connection org.postgresql.jdbc.PgConnection@67ceeffd
2024-06-20 12:43:48,937 INFO c.z.h.HikariDataSource [main] HikariPool-1 - Start completed.
2024-06-20 12:43:48,990 WARN o.h.e.j.d.i.DialectFactoryImpl [main] HHH90000025: PostgreSQLDialect does not need to be specified explicitly using 'hibernate.dialect' (remove the property setting and it will be selected by default)
2024-06-20 12:43:50,139 INFO o.h.e.t.j.p.i.JtaPlatformInitiator [main] HHH000489: No JTA platform available (set 'hibernate.transaction.jta.platform' to enable JTA platform integration)
2024-06-20 12:43:50,273 INFO o.s.o.j.AbstractEntityManagerFactoryBean [main] Initialized JPA EntityManagerFactory for persistence unit 'default'
2024-06-20 12:43:50,882 WARN o.s.b.a.o.j.JpaBaseConfiguration$JpaWebConfiguration [main] spring.jpa.open-in-view is enabled by default. Therefore, database queries may be performed during view rendering. Explicitly configure spring.jpa.open-in-view to disable this warning
2024-06-20 12:43:51,033 INFO o.s.d.j.r.q.QueryEnhancerFactory [main] Hibernate is in classpath; If applicable, HQL parser will be used.
2024-06-20 12:43:51,632 INFO o.s.s.w.DefaultSecurityFilterChain [main] Will secure any request with [org.springframework.security.web.session.DisableEncodeUrlFilter@5f83b506, org.springframework.security.web.context.request.async.WebAsyncManagerIntegrationFilter@59294447, org.springframework.security.web.context.SecurityContextHolderFilter@5f8c319, org.springframework.security.web.header.HeaderWriterFilter@75f2a654, org.springframework.web.filter.CorsFilter@1377af49, org.springframework.security.web.authentication.logout.LogoutFilter@5f7cc6fd, org.springframework.security.oauth2.client.web.OAuth2AuthorizationRequestRedirectFilter@2db15764, org.springframework.security.oauth2.client.web.OAuth2LoginAuthenticationFilter@7ddf7e77, com.rahmi.binfood.security.JwtRequestFilter@5418a659, org.springframework.security.web.savedrequest.RequestCacheAwareFilter@5d6de24e, org.springframework.security.web.servletapi.SecurityContextHolderAwareRequestFilter@3acd06b0, org.springframework.security.web.authentication.AnonymousAuthenticationFilter@1b3639a1, org.springframework.security.web.session.SessionManagementFilter@5411a529, org.springframework.security.web.access.ExceptionTranslationFilter@7d9587b3, org.springframework.security.web.access.intercept.AuthorizationFilter@260d878a]
2024-06-20 12:43:51,944 INFO o.a.j.l.DirectJDKLog [main] Starting ProtocolHandler ["http-nio-8081"]
2024-06-20 12:43:51,965 INFO o.s.b.w.e.t.TomcatWebServer [main] Tomcat started on port 8081 (http) with context path ''
2024-06-20 12:43:51,977 INFO o.s.b.StartupInfoLogger [main] Started BinfoodApplication in 6.733 seconds (process running for 7.226)
2024-06-20 12:44:22,725 INFO o.a.j.l.DirectJDKLog [http-nio-8081-exec-2] Initializing Spring DispatcherServlet 'dispatcherServlet'
2024-06-20 12:44:22,725 INFO o.s.w.s.FrameworkServlet [http-nio-8081-exec-2] Initializing Servlet 'dispatcherServlet'
2024-06-20 12:44:22,725 INFO o.s.w.s.FrameworkServlet [http-nio-8081-exec-2] Completed initialization in 0 ms
