2024-06-20 12:56:04,961 INFO o.s.o.j.AbstractEntityManagerFactoryBean [SpringApplicationShutdownHook] Closing JPA EntityManagerFactory for persistence unit 'default'
2024-06-20 12:56:04,967 INFO c.z.h.HikariDataSource [SpringApplicationShutdownHook] HikariPool-1 - Shutdown initiated...
2024-06-20 12:56:04,978 INFO c.z.h.HikariDataSource [SpringApplicationShutdownHook] HikariPool-1 - Shutdown completed.
2024-06-20 12:56:10,574 INFO o.s.b.StartupInfoLogger [main] Starting BinfoodApplication using Java 19.0.2 with PID 32888 (D:\nisa\Synrgy Academy 2024\synrgy7\F-BJV24001115-synrgy7-rah-binfood-ch6\target\classes started by user in D:\nisa\Synrgy Academy 2024\synrgy7\F-BJV24001115-synrgy7-rah-binfood-ch6)
2024-06-20 12:56:10,577 INFO o.s.b.SpringApplication [main] No active profile set, falling back to 1 default profile: "default"
2024-06-20 12:56:11,705 INFO o.s.d.r.c.RepositoryConfigurationDelegate [main] Bootstrapping Spring Data JPA repositories in DEFAULT mode.
2024-06-20 12:56:11,790 INFO o.s.d.r.c.RepositoryConfigurationDelegate [main] Finished Spring Data repository scanning in 78 ms. Found 6 JPA repository interfaces.
2024-06-20 12:56:12,572 INFO o.s.b.w.e.t.TomcatWebServer [main] Tomcat initialized with port 8081 (http)
2024-06-20 12:56:12,584 INFO o.a.j.l.DirectJDKLog [main] Initializing ProtocolHandler ["http-nio-8081"]
2024-06-20 12:56:12,587 INFO o.a.j.l.DirectJDKLog [main] Starting service [Tomcat]
2024-06-20 12:56:12,588 INFO o.a.j.l.DirectJDKLog [main] Starting Servlet engine: [Apache Tomcat/10.1.20]
2024-06-20 12:56:12,662 INFO o.a.j.l.DirectJDKLog [main] Initializing Spring embedded WebApplicationContext
2024-06-20 12:56:12,663 INFO o.s.b.w.s.c.ServletWebServerApplicationContext [main] Root WebApplicationContext: initialization completed in 2036 ms
2024-06-20 12:56:12,834 INFO o.h.j.i.u.LogHelper [main] HHH000204: Processing PersistenceUnitInfo [name: default]
2024-06-20 12:56:12,889 INFO o.h.Version [main] HHH000412: Hibernate ORM core version 6.4.4.Final
2024-06-20 12:56:12,943 INFO o.h.c.i.RegionFactoryInitiator [main] HHH000026: Second-level cache disabled
2024-06-20 12:56:13,185 INFO o.s.o.j.p.SpringPersistenceUnitInfo [main] No LoadTimeWeaver setup: ignoring JPA class transformer
2024-06-20 12:56:13,220 INFO c.z.h.HikariDataSource [main] HikariPool-1 - Starting...
2024-06-20 12:56:13,416 INFO c.z.h.p.HikariPool [main] HikariPool-1 - Added connection org.postgresql.jdbc.PgConnection@24615687
2024-06-20 12:56:13,418 INFO c.z.h.HikariDataSource [main] HikariPool-1 - Start completed.
2024-06-20 12:56:13,449 WARN o.h.e.j.d.i.DialectFactoryImpl [main] HHH90000025: PostgreSQLDialect does not need to be specified explicitly using 'hibernate.dialect' (remove the property setting and it will be selected by default)
2024-06-20 12:56:14,560 INFO o.h.e.t.j.p.i.JtaPlatformInitiator [main] HHH000489: No JTA platform available (set 'hibernate.transaction.jta.platform' to enable JTA platform integration)
2024-06-20 12:56:14,725 INFO o.s.o.j.AbstractEntityManagerFactoryBean [main] Initialized JPA EntityManagerFactory for persistence unit 'default'
2024-06-20 12:56:15,462 WARN o.s.b.a.o.j.JpaBaseConfiguration$JpaWebConfiguration [main] spring.jpa.open-in-view is enabled by default. Therefore, database queries may be performed during view rendering. Explicitly configure spring.jpa.open-in-view to disable this warning
2024-06-20 12:56:15,611 INFO o.s.d.j.r.q.QueryEnhancerFactory [main] Hibernate is in classpath; If applicable, HQL parser will be used.
2024-06-20 12:56:16,239 INFO o.s.s.w.DefaultSecurityFilterChain [main] Will secure any request with [org.springframework.security.web.session.DisableEncodeUrlFilter@31e08c61, org.springframework.security.web.context.request.async.WebAsyncManagerIntegrationFilter@69eb88a7, org.springframework.security.web.context.SecurityContextHolderFilter@6eec092, org.springframework.security.web.header.HeaderWriterFilter@1a2d8488, org.springframework.web.filter.CorsFilter@2db15764, org.springframework.security.web.authentication.logout.LogoutFilter@73602e88, org.springframework.security.oauth2.client.web.OAuth2AuthorizationRequestRedirectFilter@69abff1d, org.springframework.security.oauth2.client.web.OAuth2LoginAuthenticationFilter@81a193b, com.rahmi.binfood.auth.JwtRequestFilter@55a29589, org.springframework.security.web.savedrequest.RequestCacheAwareFilter@5ce50c82, org.springframework.security.web.servletapi.SecurityContextHolderAwareRequestFilter@75f2a654, org.springframework.security.web.authentication.AnonymousAuthenticationFilter@7d727123, org.springframework.security.web.session.SessionManagementFilter@17fd9fbb, org.springframework.security.web.access.ExceptionTranslationFilter@8e0b048, org.springframework.security.web.access.intercept.AuthorizationFilter@51a7ee4e]
2024-06-20 12:56:16,534 INFO o.a.j.l.DirectJDKLog [main] Starting ProtocolHandler ["http-nio-8081"]
2024-06-20 12:56:16,558 INFO o.s.b.w.e.t.TomcatWebServer [main] Tomcat started on port 8081 (http) with context path ''
2024-06-20 12:56:16,566 INFO o.s.b.StartupInfoLogger [main] Started BinfoodApplication in 6.662 seconds (process running for 7.163)
2024-06-20 12:56:31,524 INFO o.a.j.l.DirectJDKLog [http-nio-8081-exec-1] Initializing Spring DispatcherServlet 'dispatcherServlet'
2024-06-20 12:56:31,532 INFO o.s.w.s.FrameworkServlet [http-nio-8081-exec-1] Initializing Servlet 'dispatcherServlet'
2024-06-20 12:56:31,535 INFO o.s.w.s.FrameworkServlet [http-nio-8081-exec-1] Completed initialization in 3 ms
