2024-06-19 21:36:23,197 INFO o.s.b.StartupInfoLogger [main] Starting BinfoodApplication using Java 19.0.2 with PID 47784 (D:\nisa\Synrgy Academy 2024\synrgy7\F-BJV24001115-synrgy7-rah-binfood-ch6\target\classes started by user in D:\nisa\Synrgy Academy 2024\synrgy7\F-BJV24001115-synrgy7-rah-binfood-ch6)
2024-06-19 21:36:23,201 INFO o.s.b.SpringApplication [main] No active profile set, falling back to 1 default profile: "default"
2024-06-19 21:36:24,400 INFO o.s.d.r.c.RepositoryConfigurationDelegate [main] Bootstrapping Spring Data JPA repositories in DEFAULT mode.
2024-06-19 21:36:24,480 INFO o.s.d.r.c.RepositoryConfigurationDelegate [main] Finished Spring Data repository scanning in 73 ms. Found 6 JPA repository interfaces.
2024-06-19 21:36:25,105 INFO o.s.b.w.e.t.TomcatWebServer [main] Tomcat initialized with port 8081 (http)
2024-06-19 21:36:25,115 INFO o.a.j.l.DirectJDKLog [main] Initializing ProtocolHandler ["http-nio-8081"]
2024-06-19 21:36:25,119 INFO o.a.j.l.DirectJDKLog [main] Starting service [Tomcat]
2024-06-19 21:36:25,119 INFO o.a.j.l.DirectJDKLog [main] Starting Servlet engine: [Apache Tomcat/10.1.20]
2024-06-19 21:36:25,185 INFO o.a.j.l.DirectJDKLog [main] Initializing Spring embedded WebApplicationContext
2024-06-19 21:36:25,186 INFO o.s.b.w.s.c.ServletWebServerApplicationContext [main] Root WebApplicationContext: initialization completed in 1891 ms
2024-06-19 21:36:25,353 INFO o.h.j.i.u.LogHelper [main] HHH000204: Processing PersistenceUnitInfo [name: default]
2024-06-19 21:36:25,409 INFO o.h.Version [main] HHH000412: Hibernate ORM core version 6.4.4.Final
2024-06-19 21:36:25,446 INFO o.h.c.i.RegionFactoryInitiator [main] HHH000026: Second-level cache disabled
2024-06-19 21:36:25,623 INFO o.s.o.j.p.SpringPersistenceUnitInfo [main] No LoadTimeWeaver setup: ignoring JPA class transformer
2024-06-19 21:36:25,645 INFO c.z.h.HikariDataSource [main] HikariPool-1 - Starting...
2024-06-19 21:36:25,821 INFO c.z.h.p.HikariPool [main] HikariPool-1 - Added connection org.postgresql.jdbc.PgConnection@250a946
2024-06-19 21:36:25,822 INFO c.z.h.HikariDataSource [main] HikariPool-1 - Start completed.
2024-06-19 21:36:25,852 WARN o.h.e.j.d.i.DialectFactoryImpl [main] HHH90000025: PostgreSQLDialect does not need to be specified explicitly using 'hibernate.dialect' (remove the property setting and it will be selected by default)
2024-06-19 21:36:26,746 INFO o.h.e.t.j.p.i.JtaPlatformInitiator [main] HHH000489: No JTA platform available (set 'hibernate.transaction.jta.platform' to enable JTA platform integration)
2024-06-19 21:36:26,888 INFO o.s.o.j.AbstractEntityManagerFactoryBean [main] Initialized JPA EntityManagerFactory for persistence unit 'default'
2024-06-19 21:36:27,433 WARN o.s.b.a.o.j.JpaBaseConfiguration$JpaWebConfiguration [main] spring.jpa.open-in-view is enabled by default. Therefore, database queries may be performed during view rendering. Explicitly configure spring.jpa.open-in-view to disable this warning
2024-06-19 21:36:27,544 INFO o.s.d.j.r.q.QueryEnhancerFactory [main] Hibernate is in classpath; If applicable, HQL parser will be used.
2024-06-19 21:36:28,021 INFO o.s.s.w.DefaultSecurityFilterChain [main] Will secure any request with [org.springframework.security.web.session.DisableEncodeUrlFilter@1272f6d9, org.springframework.security.web.context.request.async.WebAsyncManagerIntegrationFilter@50aa482f, org.springframework.security.web.context.SecurityContextHolderFilter@7c3920a7, org.springframework.security.web.header.HeaderWriterFilter@3c2406dd, org.springframework.web.filter.CorsFilter@2835574b, org.springframework.security.web.authentication.logout.LogoutFilter@835718b, com.rahmi.binfood.security.JwtRequestFilter@5f32de90, org.springframework.security.web.savedrequest.RequestCacheAwareFilter@2df05bd1, org.springframework.security.web.servletapi.SecurityContextHolderAwareRequestFilter@6d821475, org.springframework.security.web.authentication.AnonymousAuthenticationFilter@63fcbf75, org.springframework.security.web.session.SessionManagementFilter@5926f291, org.springframework.security.web.access.ExceptionTranslationFilter@43c25e89, org.springframework.security.web.access.intercept.AuthorizationFilter@142ac60e]
2024-06-19 21:36:28,304 INFO o.a.j.l.DirectJDKLog [main] Starting ProtocolHandler ["http-nio-8081"]
2024-06-19 21:36:28,323 INFO o.s.b.w.e.t.TomcatWebServer [main] Tomcat started on port 8081 (http) with context path ''
2024-06-19 21:36:28,332 INFO o.s.b.StartupInfoLogger [main] Started BinfoodApplication in 5.85 seconds (process running for 6.301)
2024-06-19 21:36:31,982 INFO o.a.j.l.DirectJDKLog [http-nio-8081-exec-2] Initializing Spring DispatcherServlet 'dispatcherServlet'
2024-06-19 21:36:31,982 INFO o.s.w.s.FrameworkServlet [http-nio-8081-exec-2] Initializing Servlet 'dispatcherServlet'
2024-06-19 21:36:31,984 INFO o.s.w.s.FrameworkServlet [http-nio-8081-exec-2] Completed initialization in 2 ms
2024-06-19 21:40:28,537 INFO o.s.o.j.AbstractEntityManagerFactoryBean [SpringApplicationShutdownHook] Closing JPA EntityManagerFactory for persistence unit 'default'
2024-06-19 21:40:28,540 INFO c.z.h.HikariDataSource [SpringApplicationShutdownHook] HikariPool-1 - Shutdown initiated...
2024-06-19 21:40:28,544 INFO c.z.h.HikariDataSource [SpringApplicationShutdownHook] HikariPool-1 - Shutdown completed.
