2024-06-20 12:36:18,764 INFO o.s.b.StartupInfoLogger [main] Starting BinfoodApplication using Java 19.0.2 with PID 51264 (D:\nisa\Synrgy Academy 2024\synrgy7\F-BJV24001115-synrgy7-rah-binfood-ch6\target\classes started by user in D:\nisa\Synrgy Academy 2024\synrgy7\F-BJV24001115-synrgy7-rah-binfood-ch6)
2024-06-20 12:36:18,769 INFO o.s.b.SpringApplication [main] No active profile set, falling back to 1 default profile: "default"
2024-06-20 12:36:19,808 INFO o.s.d.r.c.RepositoryConfigurationDelegate [main] Bootstrapping Spring Data JPA repositories in DEFAULT mode.
2024-06-20 12:36:19,898 INFO o.s.d.r.c.RepositoryConfigurationDelegate [main] Finished Spring Data repository scanning in 80 ms. Found 6 JPA repository interfaces.
2024-06-20 12:36:20,826 INFO o.s.b.w.e.t.TomcatWebServer [main] Tomcat initialized with port 8081 (http)
2024-06-20 12:36:20,842 INFO o.a.j.l.DirectJDKLog [main] Initializing ProtocolHandler ["http-nio-8081"]
2024-06-20 12:36:20,845 INFO o.a.j.l.DirectJDKLog [main] Starting service [Tomcat]
2024-06-20 12:36:20,845 INFO o.a.j.l.DirectJDKLog [main] Starting Servlet engine: [Apache Tomcat/10.1.20]
2024-06-20 12:36:20,935 INFO o.a.j.l.DirectJDKLog [main] Initializing Spring embedded WebApplicationContext
2024-06-20 12:36:20,935 INFO o.s.b.w.s.c.ServletWebServerApplicationContext [main] Root WebApplicationContext: initialization completed in 2115 ms
2024-06-20 12:36:21,127 INFO o.h.j.i.u.LogHelper [main] HHH000204: Processing PersistenceUnitInfo [name: default]
2024-06-20 12:36:21,209 INFO o.h.Version [main] HHH000412: Hibernate ORM core version 6.4.4.Final
2024-06-20 12:36:21,251 INFO o.h.c.i.RegionFactoryInitiator [main] HHH000026: Second-level cache disabled
2024-06-20 12:36:21,520 INFO o.s.o.j.p.SpringPersistenceUnitInfo [main] No LoadTimeWeaver setup: ignoring JPA class transformer
2024-06-20 12:36:21,554 INFO c.z.h.HikariDataSource [main] HikariPool-1 - Starting...
2024-06-20 12:36:21,896 INFO c.z.h.p.HikariPool [main] HikariPool-1 - Added connection org.postgresql.jdbc.PgConnection@780129bc
2024-06-20 12:36:21,905 INFO c.z.h.HikariDataSource [main] HikariPool-1 - Start completed.
2024-06-20 12:36:21,945 WARN o.h.e.j.d.i.DialectFactoryImpl [main] HHH90000025: PostgreSQLDialect does not need to be specified explicitly using 'hibernate.dialect' (remove the property setting and it will be selected by default)
2024-06-20 12:36:23,092 INFO o.h.e.t.j.p.i.JtaPlatformInitiator [main] HHH000489: No JTA platform available (set 'hibernate.transaction.jta.platform' to enable JTA platform integration)
2024-06-20 12:36:23,247 INFO o.s.o.j.AbstractEntityManagerFactoryBean [main] Initialized JPA EntityManagerFactory for persistence unit 'default'
2024-06-20 12:36:23,913 WARN o.s.b.a.o.j.JpaBaseConfiguration$JpaWebConfiguration [main] spring.jpa.open-in-view is enabled by default. Therefore, database queries may be performed during view rendering. Explicitly configure spring.jpa.open-in-view to disable this warning
2024-06-20 12:36:24,091 INFO o.s.d.j.r.q.QueryEnhancerFactory [main] Hibernate is in classpath; If applicable, HQL parser will be used.
2024-06-20 12:36:24,760 INFO o.s.s.w.DefaultSecurityFilterChain [main] Will secure any request with [org.springframework.security.web.session.DisableEncodeUrlFilter@5ffae42f, org.springframework.security.web.context.request.async.WebAsyncManagerIntegrationFilter@58182d7, org.springframework.security.web.context.SecurityContextHolderFilter@4fe0aa21, org.springframework.security.web.header.HeaderWriterFilter@497d9489, org.springframework.web.filter.CorsFilter@1eedf268, org.springframework.security.web.authentication.logout.LogoutFilter@6dd0d9a2, org.springframework.security.oauth2.client.web.OAuth2AuthorizationRequestRedirectFilter@7aafac17, org.springframework.security.oauth2.client.web.OAuth2LoginAuthenticationFilter@4603845b, com.rahmi.binfood.security.JwtRequestFilter@40ecead5, org.springframework.security.web.savedrequest.RequestCacheAwareFilter@22fb3dde, org.springframework.security.web.servletapi.SecurityContextHolderAwareRequestFilter@38682845, org.springframework.security.web.authentication.AnonymousAuthenticationFilter@654322b0, org.springframework.security.web.session.SessionManagementFilter@6bbb3ec8, org.springframework.security.web.access.ExceptionTranslationFilter@745e1fb7, org.springframework.security.web.access.intercept.AuthorizationFilter@2889d997]
2024-06-20 12:36:25,098 INFO o.a.j.l.DirectJDKLog [main] Starting ProtocolHandler ["http-nio-8081"]
2024-06-20 12:36:25,117 INFO o.s.b.w.e.t.TomcatWebServer [main] Tomcat started on port 8081 (http) with context path ''
2024-06-20 12:36:25,132 INFO o.s.b.StartupInfoLogger [main] Started BinfoodApplication in 7.03 seconds (process running for 7.634)
2024-06-20 12:36:25,343 INFO o.a.j.l.DirectJDKLog [http-nio-8081-exec-1] Initializing Spring DispatcherServlet 'dispatcherServlet'
2024-06-20 12:36:25,343 INFO o.s.w.s.FrameworkServlet [http-nio-8081-exec-1] Initializing Servlet 'dispatcherServlet'
2024-06-20 12:36:25,343 INFO o.s.w.s.FrameworkServlet [http-nio-8081-exec-1] Completed initialization in 0 ms
