2024-07-15 16:16:34,851 INFO o.a.k.c.NetworkClient [org.springframework.kafka.KafkaListenerEndpointContainer#0-0-C-1] [Consumer clientId=consumer-group_id-1, groupId=group_id] Node 0 disconnected.
2024-07-15 16:16:34,855 WARN o.a.k.c.NetworkClient [org.springframework.kafka.KafkaListenerEndpointContainer#0-0-C-1] [Consumer clientId=consumer-group_id-1, groupId=group_id] Connection to node 0 (LAPTOP-FNABH9KU/192.168.1.21:9092) could not be established. Broker may not be available.
2024-07-15 16:16:34,855 INFO o.a.k.c.FetchSessionHandler [org.springframework.kafka.KafkaListenerEndpointContainer#0-0-C-1] [Consumer clientId=consumer-group_id-1, groupId=group_id] Error sending fetch request (sessionId=1729200573, epoch=INITIAL) to node 0:
org.apache.kafka.common.errors.DisconnectException: null
2024-07-15 16:16:37,228 INFO o.a.k.c.NetworkClient [org.springframework.kafka.KafkaListenerEndpointContainer#0-0-C-1] [Consumer clientId=consumer-group_id-1, groupId=group_id] Node 0 disconnected.
2024-07-15 16:16:37,228 WARN o.a.k.c.NetworkClient [org.springframework.kafka.KafkaListenerEndpointContainer#0-0-C-1] [Consumer clientId=consumer-group_id-1, groupId=group_id] Connection to node 0 (LAPTOP-FNABH9KU/192.168.1.21:9092) could not be established. Broker may not be available.
2024-07-15 16:16:40,215 INFO o.a.k.c.NetworkClient [org.springframework.kafka.KafkaListenerEndpointContainer#0-0-C-1] [Consumer clientId=consumer-group_id-1, groupId=group_id] Node 0 disconnected.
2024-07-15 16:16:40,215 WARN o.a.k.c.NetworkClient [org.springframework.kafka.KafkaListenerEndpointContainer#0-0-C-1] [Consumer clientId=consumer-group_id-1, groupId=group_id] Connection to node 0 (LAPTOP-FNABH9KU/192.168.1.21:9092) could not be established. Broker may not be available.
2024-07-15 16:16:40,215 INFO o.a.k.c.FetchSessionHandler [org.springframework.kafka.KafkaListenerEndpointContainer#0-0-C-1] [Consumer clientId=consumer-group_id-1, groupId=group_id] Error sending fetch request (sessionId=1729200573, epoch=INITIAL) to node 0:
org.apache.kafka.common.errors.DisconnectException: null
2024-07-15 16:16:43,257 INFO o.a.k.c.NetworkClient [org.springframework.kafka.KafkaListenerEndpointContainer#0-0-C-1] [Consumer clientId=consumer-group_id-1, groupId=group_id] Node 0 disconnected.
2024-07-15 16:16:43,257 WARN o.a.k.c.NetworkClient [org.springframework.kafka.KafkaListenerEndpointContainer#0-0-C-1] [Consumer clientId=consumer-group_id-1, groupId=group_id] Connection to node 0 (LAPTOP-FNABH9KU/192.168.1.21:9092) could not be established. Broker may not be available.
2024-07-15 16:16:46,358 INFO o.a.k.c.NetworkClient [org.springframework.kafka.KafkaListenerEndpointContainer#0-0-C-1] [Consumer clientId=consumer-group_id-1, groupId=group_id] Node 0 disconnected.
2024-07-15 16:16:46,359 WARN o.a.k.c.NetworkClient [org.springframework.kafka.KafkaListenerEndpointContainer#0-0-C-1] [Consumer clientId=consumer-group_id-1, groupId=group_id] Connection to node 0 (LAPTOP-FNABH9KU/192.168.1.21:9092) could not be established. Broker may not be available.
2024-07-15 16:16:49,560 INFO o.a.k.c.NetworkClient [org.springframework.kafka.KafkaListenerEndpointContainer#0-0-C-1] [Consumer clientId=consumer-group_id-1, groupId=group_id] Node 0 disconnected.
2024-07-15 16:16:49,561 WARN o.a.k.c.NetworkClient [org.springframework.kafka.KafkaListenerEndpointContainer#0-0-C-1] [Consumer clientId=consumer-group_id-1, groupId=group_id] Connection to node 0 (LAPTOP-FNABH9KU/192.168.1.21:9092) could not be established. Broker may not be available.
2024-07-15 16:16:49,561 INFO o.a.k.c.FetchSessionHandler [org.springframework.kafka.KafkaListenerEndpointContainer#0-0-C-1] [Consumer clientId=consumer-group_id-1, groupId=group_id] Error sending fetch request (sessionId=1729200573, epoch=INITIAL) to node 0:
org.apache.kafka.common.errors.DisconnectException: null
2024-07-15 16:16:52,555 INFO o.a.k.c.NetworkClient [org.springframework.kafka.KafkaListenerEndpointContainer#0-0-C-1] [Consumer clientId=consumer-group_id-1, groupId=group_id] Node 0 disconnected.
2024-07-15 16:16:52,557 WARN o.a.k.c.NetworkClient [org.springframework.kafka.KafkaListenerEndpointContainer#0-0-C-1] [Consumer clientId=consumer-group_id-1, groupId=group_id] Connection to node 0 (LAPTOP-FNABH9KU/192.168.1.21:9092) could not be established. Broker may not be available.
2024-07-15 16:16:54,595 INFO o.q.c.QuartzScheduler [SpringApplicationShutdownHook] Scheduler quartzScheduler_$_NON_CLUSTERED paused.
2024-07-15 16:16:54,596 INFO o.a.k.c.c.i.ConsumerCoordinator [org.springframework.kafka.KafkaListenerEndpointContainer#0-0-C-1] [Consumer clientId=consumer-group_id-1, groupId=group_id] Revoke previously assigned partitions binfood_topic-0
2024-07-15 16:16:54,596 INFO o.s.c.l.LogAccessor [org.springframework.kafka.KafkaListenerEndpointContainer#0-0-C-1] group_id: partitions revoked: [binfood_topic-0]
2024-07-15 16:16:54,596 INFO o.a.k.c.c.i.AbstractCoordinator [org.springframework.kafka.KafkaListenerEndpointContainer#0-0-C-1] [Consumer clientId=consumer-group_id-1, groupId=group_id] Resetting generation and member id due to: consumer pro-actively leaving the group
2024-07-15 16:16:54,596 INFO o.a.k.c.c.i.AbstractCoordinator [org.springframework.kafka.KafkaListenerEndpointContainer#0-0-C-1] [Consumer clientId=consumer-group_id-1, groupId=group_id] Request joining group due to: consumer pro-actively leaving the group
2024-07-15 16:16:54,596 INFO o.a.k.c.c.KafkaConsumer [org.springframework.kafka.KafkaListenerEndpointContainer#0-0-C-1] [Consumer clientId=consumer-group_id-1, groupId=group_id] Unsubscribed all topics or patterns and assigned partitions
2024-07-15 16:16:54,596 INFO o.a.k.c.c.i.AbstractCoordinator [org.springframework.kafka.KafkaListenerEndpointContainer#0-0-C-1] [Consumer clientId=consumer-group_id-1, groupId=group_id] Resetting generation and member id due to: consumer pro-actively leaving the group
2024-07-15 16:16:54,596 INFO o.a.k.c.c.i.AbstractCoordinator [org.springframework.kafka.KafkaListenerEndpointContainer#0-0-C-1] [Consumer clientId=consumer-group_id-1, groupId=group_id] Request joining group due to: consumer pro-actively leaving the group
2024-07-15 16:16:55,594 INFO o.a.k.c.NetworkClient [org.springframework.kafka.KafkaListenerEndpointContainer#0-0-C-1] [Consumer clientId=consumer-group_id-1, groupId=group_id] Node 0 disconnected.
2024-07-15 16:16:55,594 WARN o.a.k.c.NetworkClient [org.springframework.kafka.KafkaListenerEndpointContainer#0-0-C-1] [Consumer clientId=consumer-group_id-1, groupId=group_id] Connection to node 0 (LAPTOP-FNABH9KU/192.168.1.21:9092) could not be established. Broker may not be available.
2024-07-15 16:16:55,594 INFO o.a.k.c.FetchSessionHandler [org.springframework.kafka.KafkaListenerEndpointContainer#0-0-C-1] [Consumer clientId=consumer-group_id-1, groupId=group_id] Error sending fetch request (sessionId=1729200573, epoch=FINAL) to node 0:
org.apache.kafka.common.errors.DisconnectException: null
2024-07-15 16:16:55,594 INFO o.a.k.c.m.Metrics [org.springframework.kafka.KafkaListenerEndpointContainer#0-0-C-1] Metrics scheduler closed
2024-07-15 16:16:55,594 INFO o.a.k.c.m.Metrics [org.springframework.kafka.KafkaListenerEndpointContainer#0-0-C-1] Closing reporter org.apache.kafka.common.metrics.JmxReporter
2024-07-15 16:16:55,594 INFO o.a.k.c.m.Metrics [org.springframework.kafka.KafkaListenerEndpointContainer#0-0-C-1] Metrics reporters closed
2024-07-15 16:16:55,594 INFO o.a.k.c.u.AppInfoParser [org.springframework.kafka.KafkaListenerEndpointContainer#0-0-C-1] App info kafka.consumer for consumer-group_id-1 unregistered
2024-07-15 16:16:55,594 INFO o.s.c.l.LogAccessor [org.springframework.kafka.KafkaListenerEndpointContainer#0-0-C-1] group_id: Consumer stopped
2024-07-15 16:16:55,625 INFO o.s.c.l.LogAccessor [SpringApplicationShutdownHook] Removing {logging-channel-adapter:_org.springframework.integration.errorLogger} as a subscriber to the 'errorChannel' channel
2024-07-15 16:16:55,625 INFO o.s.c.l.LogAccessor [SpringApplicationShutdownHook] Channel 'binfood.errorChannel' has 0 subscriber(s).
2024-07-15 16:16:55,625 INFO o.s.c.l.LogAccessor [SpringApplicationShutdownHook] stopped bean '_org.springframework.integration.errorLogger'
2024-07-15 16:16:55,625 INFO o.s.s.q.SchedulerFactoryBean [SpringApplicationShutdownHook] Shutting down Quartz Scheduler
2024-07-15 16:16:55,625 INFO o.q.c.QuartzScheduler [SpringApplicationShutdownHook] Scheduler quartzScheduler_$_NON_CLUSTERED shutting down.
2024-07-15 16:16:55,625 INFO o.q.c.QuartzScheduler [SpringApplicationShutdownHook] Scheduler quartzScheduler_$_NON_CLUSTERED paused.
2024-07-15 16:16:55,625 INFO o.q.c.QuartzScheduler [SpringApplicationShutdownHook] Scheduler quartzScheduler_$_NON_CLUSTERED shutdown complete.
2024-07-15 16:16:55,631 INFO o.s.o.j.AbstractEntityManagerFactoryBean [SpringApplicationShutdownHook] Closing JPA EntityManagerFactory for persistence unit 'default'
2024-07-15 16:16:55,631 INFO c.z.h.HikariDataSource [SpringApplicationShutdownHook] HikariPool-1 - Shutdown initiated...
2024-07-15 16:16:55,631 INFO c.z.h.HikariDataSource [SpringApplicationShutdownHook] HikariPool-1 - Shutdown completed.
