2024-05-21 19:49:14,868 INFO o.s.o.j.AbstractEntityManagerFactoryBean [SpringApplicationShutdownHook] Closing JPA EntityManagerFactory for persistence unit 'default'
2024-05-21 19:49:14,883 INFO c.z.h.HikariDataSource [SpringApplicationShutdownHook] HikariPool-1 - Shutdown initiated...
2024-05-21 19:49:14,891 INFO c.z.h.HikariDataSource [SpringApplicationShutdownHook] HikariPool-1 - Shutdown completed.
2024-05-21 19:49:18,699 INFO o.s.b.StartupInfoLogger [main] Starting BinfoodApplication using Java 19.0.2 with PID 91564 (D:\nisa\Synrgy Academy 2024\synrgy7\F-BJV24001115-synrgy7-rah-binfood-ch5\target\classes started by user in D:\nisa\Synrgy Academy 2024\synrgy7\F-BJV24001115-synrgy7-rah-binfood-ch5)
2024-05-21 19:49:18,702 INFO o.s.b.SpringApplication [main] No active profile set, falling back to 1 default profile: "default"
2024-05-21 19:49:19,881 INFO o.s.d.r.c.RepositoryConfigurationDelegate [main] Bootstrapping Spring Data JPA repositories in DEFAULT mode.
2024-05-21 19:49:19,966 INFO o.s.d.r.c.RepositoryConfigurationDelegate [main] Finished Spring Data repository scanning in 76 ms. Found 5 JPA repository interfaces.
2024-05-21 19:49:20,866 INFO o.s.b.w.e.t.TomcatWebServer [main] Tomcat initialized with port 8081 (http)
2024-05-21 19:49:20,885 INFO o.a.j.l.DirectJDKLog [main] Initializing ProtocolHandler ["http-nio-8081"]
2024-05-21 19:49:20,888 INFO o.a.j.l.DirectJDKLog [main] Starting service [Tomcat]
2024-05-21 19:49:20,888 INFO o.a.j.l.DirectJDKLog [main] Starting Servlet engine: [Apache Tomcat/10.1.20]
2024-05-21 19:49:21,029 INFO o.a.j.l.DirectJDKLog [main] Initializing Spring embedded WebApplicationContext
2024-05-21 19:49:21,031 INFO o.s.b.w.s.c.ServletWebServerApplicationContext [main] Root WebApplicationContext: initialization completed in 2262 ms
2024-05-21 19:49:21,297 INFO o.h.j.i.u.LogHelper [main] HHH000204: Processing PersistenceUnitInfo [name: default]
2024-05-21 19:49:21,385 INFO o.h.Version [main] HHH000412: Hibernate ORM core version 6.4.4.Final
2024-05-21 19:49:21,436 INFO o.h.c.i.RegionFactoryInitiator [main] HHH000026: Second-level cache disabled
2024-05-21 19:49:21,727 INFO o.s.o.j.p.SpringPersistenceUnitInfo [main] No LoadTimeWeaver setup: ignoring JPA class transformer
2024-05-21 19:49:21,761 INFO c.z.h.HikariDataSource [main] HikariPool-1 - Starting...
2024-05-21 19:49:22,011 INFO c.z.h.p.HikariPool [main] HikariPool-1 - Added connection org.postgresql.jdbc.PgConnection@2c9cafa5
2024-05-21 19:49:22,013 INFO c.z.h.HikariDataSource [main] HikariPool-1 - Start completed.
2024-05-21 19:49:22,075 WARN o.h.e.j.d.i.DialectFactoryImpl [main] HHH90000025: PostgreSQLDialect does not need to be specified explicitly using 'hibernate.dialect' (remove the property setting and it will be selected by default)
2024-05-21 19:49:23,367 INFO o.h.e.t.j.p.i.JtaPlatformInitiator [main] HHH000489: No JTA platform available (set 'hibernate.transaction.jta.platform' to enable JTA platform integration)
2024-05-21 19:49:23,487 INFO o.s.o.j.AbstractEntityManagerFactoryBean [main] Initialized JPA EntityManagerFactory for persistence unit 'default'
2024-05-21 19:49:24,040 INFO o.s.d.j.r.q.QueryEnhancerFactory [main] Hibernate is in classpath; If applicable, HQL parser will be used.
2024-05-21 19:49:24,292 WARN o.s.b.a.o.j.JpaBaseConfiguration$JpaWebConfiguration [main] spring.jpa.open-in-view is enabled by default. Therefore, database queries may be performed during view rendering. Explicitly configure spring.jpa.open-in-view to disable this warning
2024-05-21 19:49:24,909 INFO o.a.j.l.DirectJDKLog [main] Starting ProtocolHandler ["http-nio-8081"]
2024-05-21 19:49:24,938 INFO o.s.b.w.e.t.TomcatWebServer [main] Tomcat started on port 8081 (http) with context path ''
2024-05-21 19:49:24,956 INFO o.s.b.StartupInfoLogger [main] Started BinfoodApplication in 6.967 seconds (process running for 7.572)
2024-05-21 19:49:29,372 INFO o.a.j.l.DirectJDKLog [http-nio-8081-exec-3] Initializing Spring DispatcherServlet 'dispatcherServlet'
2024-05-21 19:49:29,373 INFO o.s.w.s.FrameworkServlet [http-nio-8081-exec-3] Initializing Servlet 'dispatcherServlet'
2024-05-21 19:49:29,374 INFO o.s.w.s.FrameworkServlet [http-nio-8081-exec-3] Completed initialization in 1 ms
2024-05-21 19:53:18,456 INFO o.s.o.j.AbstractEntityManagerFactoryBean [SpringApplicationShutdownHook] Closing JPA EntityManagerFactory for persistence unit 'default'
2024-05-21 19:53:18,460 INFO c.z.h.HikariDataSource [SpringApplicationShutdownHook] HikariPool-1 - Shutdown initiated...
2024-05-21 19:53:18,472 INFO c.z.h.HikariDataSource [SpringApplicationShutdownHook] HikariPool-1 - Shutdown completed.
