2024-07-08 12:42:50,224 INFO o.a.k.c.NetworkClient [org.springframework.kafka.KafkaListenerEndpointContainer#0-0-C-1] [Consumer clientId=consumer-group_id-1, groupId=group_id] Node -1 disconnected.
2024-07-08 13:38:20,155 INFO o.a.k.c.c.AbstractConfig [http-nio-8081-exec-10] ProducerConfig values: 
	acks = -1
	auto.include.jmx.reporter = true
	batch.size = 16384
	bootstrap.servers = [localhost:9092]
	buffer.memory = 33554432
	client.dns.lookup = use_all_dns_ips
	client.id = producer-1
	compression.type = none
	connections.max.idle.ms = 540000
	delivery.timeout.ms = 120000
	enable.idempotence = true
	interceptor.classes = []
	key.serializer = class org.apache.kafka.common.serialization.StringSerializer
	linger.ms = 0
	max.block.ms = 60000
	max.in.flight.requests.per.connection = 5
	max.request.size = 1048576
	metadata.max.age.ms = 300000
	metadata.max.idle.ms = 300000
	metric.reporters = []
	metrics.num.samples = 2
	metrics.recording.level = INFO
	metrics.sample.window.ms = 30000
	partitioner.adaptive.partitioning.enable = true
	partitioner.availability.timeout.ms = 0
	partitioner.class = null
	partitioner.ignore.keys = false
	receive.buffer.bytes = 32768
	reconnect.backoff.max.ms = 1000
	reconnect.backoff.ms = 50
	request.timeout.ms = 30000
	retries = 2147483647
	retry.backoff.ms = 100
	sasl.client.callback.handler.class = null
	sasl.jaas.config = null
	sasl.kerberos.kinit.cmd = /usr/bin/kinit
	sasl.kerberos.min.time.before.relogin = 60000
	sasl.kerberos.service.name = null
	sasl.kerberos.ticket.renew.jitter = 0.05
	sasl.kerberos.ticket.renew.window.factor = 0.8
	sasl.login.callback.handler.class = null
	sasl.login.class = null
	sasl.login.connect.timeout.ms = null
	sasl.login.read.timeout.ms = null
	sasl.login.refresh.buffer.seconds = 300
	sasl.login.refresh.min.period.seconds = 60
	sasl.login.refresh.window.factor = 0.8
	sasl.login.refresh.window.jitter = 0.05
	sasl.login.retry.backoff.max.ms = 10000
	sasl.login.retry.backoff.ms = 100
	sasl.mechanism = GSSAPI
	sasl.oauthbearer.clock.skew.seconds = 30
	sasl.oauthbearer.expected.audience = null
	sasl.oauthbearer.expected.issuer = null
	sasl.oauthbearer.jwks.endpoint.refresh.ms = 3600000
	sasl.oauthbearer.jwks.endpoint.retry.backoff.max.ms = 10000
	sasl.oauthbearer.jwks.endpoint.retry.backoff.ms = 100
	sasl.oauthbearer.jwks.endpoint.url = null
	sasl.oauthbearer.scope.claim.name = scope
	sasl.oauthbearer.sub.claim.name = sub
	sasl.oauthbearer.token.endpoint.url = null
	security.protocol = PLAINTEXT
	security.providers = null
	send.buffer.bytes = 131072
	socket.connection.setup.timeout.max.ms = 30000
	socket.connection.setup.timeout.ms = 10000
	ssl.cipher.suites = null
	ssl.enabled.protocols = [TLSv1.2, TLSv1.3]
	ssl.endpoint.identification.algorithm = https
	ssl.engine.factory.class = null
	ssl.key.password = null
	ssl.keymanager.algorithm = SunX509
	ssl.keystore.certificate.chain = null
	ssl.keystore.key = null
	ssl.keystore.location = null
	ssl.keystore.password = null
	ssl.keystore.type = JKS
	ssl.protocol = TLSv1.3
	ssl.provider = null
	ssl.secure.random.implementation = null
	ssl.trustmanager.algorithm = PKIX
	ssl.truststore.certificates = null
	ssl.truststore.location = null
	ssl.truststore.password = null
	ssl.truststore.type = JKS
	transaction.timeout.ms = 60000
	transactional.id = null
	value.serializer = class org.springframework.kafka.support.serializer.JsonSerializer

2024-07-08 13:38:20,178 INFO o.a.k.c.p.KafkaProducer [http-nio-8081-exec-10] [Producer clientId=producer-1] Instantiated an idempotent producer.
2024-07-08 13:38:20,201 INFO o.a.k.c.u.AppInfoParser$AppInfo [http-nio-8081-exec-10] Kafka version: 3.6.2
2024-07-08 13:38:20,202 INFO o.a.k.c.u.AppInfoParser$AppInfo [http-nio-8081-exec-10] Kafka commitId: c4deed513057c94e
2024-07-08 13:38:20,202 INFO o.a.k.c.u.AppInfoParser$AppInfo [http-nio-8081-exec-10] Kafka startTimeMs: 1720420700201
2024-07-08 13:38:20,212 INFO o.a.k.c.Metadata [kafka-producer-network-thread | producer-1] [Producer clientId=producer-1] Cluster ID: HV0K0rtxSAer84v2T4r0OA
2024-07-08 13:38:20,213 INFO o.a.k.c.p.i.TransactionManager [kafka-producer-network-thread | producer-1] [Producer clientId=producer-1] ProducerId set to 1 with epoch 0
2024-07-08 13:39:39,606 INFO o.a.k.c.c.i.ConsumerCoordinator [org.springframework.kafka.KafkaListenerEndpointContainer#0-0-C-1] [Consumer clientId=consumer-group_id-1, groupId=group_id] Revoke previously assigned partitions binfood_topic-0
2024-07-08 13:39:39,606 INFO o.s.c.l.LogAccessor [org.springframework.kafka.KafkaListenerEndpointContainer#0-0-C-1] group_id: partitions revoked: [binfood_topic-0]
2024-07-08 13:39:39,608 INFO o.a.k.c.c.i.AbstractCoordinator [org.springframework.kafka.KafkaListenerEndpointContainer#0-0-C-1] [Consumer clientId=consumer-group_id-1, groupId=group_id] Member consumer-group_id-1-bf134b93-fdc9-40d0-bea0-36a5235c5035 sending LeaveGroup request to coordinator LAPTOP-FNABH9KU:9092 (id: 2147483647 rack: null) due to the consumer unsubscribed from all topics
2024-07-08 13:39:39,608 INFO o.a.k.c.c.i.AbstractCoordinator [org.springframework.kafka.KafkaListenerEndpointContainer#0-0-C-1] [Consumer clientId=consumer-group_id-1, groupId=group_id] Resetting generation and member id due to: consumer pro-actively leaving the group
2024-07-08 13:39:39,608 INFO o.a.k.c.c.i.AbstractCoordinator [org.springframework.kafka.KafkaListenerEndpointContainer#0-0-C-1] [Consumer clientId=consumer-group_id-1, groupId=group_id] Request joining group due to: consumer pro-actively leaving the group
2024-07-08 13:39:39,608 INFO o.a.k.c.c.KafkaConsumer [org.springframework.kafka.KafkaListenerEndpointContainer#0-0-C-1] [Consumer clientId=consumer-group_id-1, groupId=group_id] Unsubscribed all topics or patterns and assigned partitions
2024-07-08 13:39:39,610 INFO o.a.k.c.c.i.AbstractCoordinator [org.springframework.kafka.KafkaListenerEndpointContainer#0-0-C-1] [Consumer clientId=consumer-group_id-1, groupId=group_id] Resetting generation and member id due to: consumer pro-actively leaving the group
2024-07-08 13:39:39,610 INFO o.a.k.c.c.i.AbstractCoordinator [org.springframework.kafka.KafkaListenerEndpointContainer#0-0-C-1] [Consumer clientId=consumer-group_id-1, groupId=group_id] Request joining group due to: consumer pro-actively leaving the group
2024-07-08 13:39:39,634 INFO o.a.k.c.m.Metrics [org.springframework.kafka.KafkaListenerEndpointContainer#0-0-C-1] Metrics scheduler closed
2024-07-08 13:39:39,634 INFO o.a.k.c.m.Metrics [org.springframework.kafka.KafkaListenerEndpointContainer#0-0-C-1] Closing reporter org.apache.kafka.common.metrics.JmxReporter
2024-07-08 13:39:39,635 INFO o.a.k.c.m.Metrics [org.springframework.kafka.KafkaListenerEndpointContainer#0-0-C-1] Metrics reporters closed
2024-07-08 13:39:39,636 INFO o.a.k.c.u.AppInfoParser [org.springframework.kafka.KafkaListenerEndpointContainer#0-0-C-1] App info kafka.consumer for consumer-group_id-1 unregistered
2024-07-08 13:39:39,636 INFO o.s.c.l.LogAccessor [org.springframework.kafka.KafkaListenerEndpointContainer#0-0-C-1] group_id: Consumer stopped
2024-07-08 13:39:39,648 INFO o.a.k.c.p.KafkaProducer [SpringApplicationShutdownHook] [Producer clientId=producer-1] Closing the Kafka producer with timeoutMillis = 30000 ms.
2024-07-08 13:39:39,651 INFO o.a.k.c.m.Metrics [SpringApplicationShutdownHook] Metrics scheduler closed
2024-07-08 13:39:39,651 INFO o.a.k.c.m.Metrics [SpringApplicationShutdownHook] Closing reporter org.apache.kafka.common.metrics.JmxReporter
2024-07-08 13:39:39,651 INFO o.a.k.c.m.Metrics [SpringApplicationShutdownHook] Metrics reporters closed
2024-07-08 13:39:39,651 INFO o.a.k.c.u.AppInfoParser [SpringApplicationShutdownHook] App info kafka.producer for producer-1 unregistered
2024-07-08 13:39:39,654 INFO o.s.o.j.AbstractEntityManagerFactoryBean [SpringApplicationShutdownHook] Closing JPA EntityManagerFactory for persistence unit 'default'
2024-07-08 13:39:39,656 INFO c.z.h.HikariDataSource [SpringApplicationShutdownHook] HikariPool-1 - Shutdown initiated...
2024-07-08 13:39:39,659 INFO c.z.h.HikariDataSource [SpringApplicationShutdownHook] HikariPool-1 - Shutdown completed.
