2024-07-08 11:44:32,625 INFO o.s.b.StartupInfoLogger [main] Starting BinfoodApplication using Java 19.0.2 with PID 1272 (D:\nisa\Synrgy Academy 2024\synrgy7\F-BJV24001115-synrgy7-rah-binfood-ch7\binfood\target\classes started by user in D:\nisa\Synrgy Academy 2024\synrgy7\F-BJV24001115-synrgy7-rah-binfood-ch7\binfood)
2024-07-08 11:44:32,627 INFO o.s.b.SpringApplication [main] No active profile set, falling back to 1 default profile: "default"
2024-07-08 11:44:33,361 INFO o.s.d.r.c.RepositoryConfigurationDelegate [main] Bootstrapping Spring Data JPA repositories in DEFAULT mode.
2024-07-08 11:44:33,441 INFO o.s.d.r.c.RepositoryConfigurationDelegate [main] Finished Spring Data repository scanning in 72 ms. Found 6 JPA repository interfaces.
2024-07-08 11:44:33,869 INFO o.s.b.w.e.t.TomcatWebServer [main] Tomcat initialized with port 8081 (http)
2024-07-08 11:44:33,883 INFO o.a.j.l.DirectJDKLog [main] Initializing ProtocolHandler ["http-nio-8081"]
2024-07-08 11:44:33,885 INFO o.a.j.l.DirectJDKLog [main] Starting service [Tomcat]
2024-07-08 11:44:33,886 INFO o.a.j.l.DirectJDKLog [main] Starting Servlet engine: [Apache Tomcat/10.1.20]
2024-07-08 11:44:33,951 INFO o.a.j.l.DirectJDKLog [main] Initializing Spring embedded WebApplicationContext
2024-07-08 11:44:33,951 INFO o.s.b.w.s.c.ServletWebServerApplicationContext [main] Root WebApplicationContext: initialization completed in 1296 ms
2024-07-08 11:44:34,078 INFO o.h.j.i.u.LogHelper [main] HHH000204: Processing PersistenceUnitInfo [name: default]
2024-07-08 11:44:34,170 INFO o.h.Version [main] HHH000412: Hibernate ORM core version 6.4.4.Final
2024-07-08 11:44:34,210 INFO o.h.c.i.RegionFactoryInitiator [main] HHH000026: Second-level cache disabled
2024-07-08 11:44:34,425 INFO o.s.o.j.p.SpringPersistenceUnitInfo [main] No LoadTimeWeaver setup: ignoring JPA class transformer
2024-07-08 11:44:34,452 INFO c.z.h.HikariDataSource [main] HikariPool-1 - Starting...
2024-07-08 11:44:34,625 INFO c.z.h.p.HikariPool [main] HikariPool-1 - Added connection org.postgresql.jdbc.PgConnection@2dc3ece8
2024-07-08 11:44:34,627 INFO c.z.h.HikariDataSource [main] HikariPool-1 - Start completed.
2024-07-08 11:44:34,685 WARN o.h.e.j.d.i.DialectFactoryImpl [main] HHH90000025: PostgreSQLDialect does not need to be specified explicitly using 'hibernate.dialect' (remove the property setting and it will be selected by default)
2024-07-08 11:44:35,620 INFO o.h.e.t.j.p.i.JtaPlatformInitiator [main] HHH000489: No JTA platform available (set 'hibernate.transaction.jta.platform' to enable JTA platform integration)
2024-07-08 11:44:35,753 INFO o.s.o.j.AbstractEntityManagerFactoryBean [main] Initialized JPA EntityManagerFactory for persistence unit 'default'
2024-07-08 11:44:36,215 WARN o.s.b.a.o.j.JpaBaseConfiguration$JpaWebConfiguration [main] spring.jpa.open-in-view is enabled by default. Therefore, database queries may be performed during view rendering. Explicitly configure spring.jpa.open-in-view to disable this warning
2024-07-08 11:44:36,355 INFO o.s.d.j.r.q.QueryEnhancerFactory [main] Hibernate is in classpath; If applicable, HQL parser will be used.
2024-07-08 11:44:36,875 INFO o.s.s.w.DefaultSecurityFilterChain [main] Will secure any request with [org.springframework.security.web.session.DisableEncodeUrlFilter@3db84bfa, org.springframework.security.web.context.request.async.WebAsyncManagerIntegrationFilter@3f040f9e, org.springframework.security.web.context.SecurityContextHolderFilter@334d96af, org.springframework.security.web.header.HeaderWriterFilter@5698a866, org.springframework.web.filter.CorsFilter@77cf9b08, org.springframework.security.web.authentication.logout.LogoutFilter@6adee80f, org.springframework.security.oauth2.client.web.OAuth2AuthorizationRequestRedirectFilter@7170da18, org.springframework.security.oauth2.client.web.OAuth2LoginAuthenticationFilter@3a571d3e, com.rahmi.binfood.security.JwtRequestFilter@6abca7a6, org.springframework.security.web.savedrequest.RequestCacheAwareFilter@2db55dec, org.springframework.security.web.servletapi.SecurityContextHolderAwareRequestFilter@3637e628, org.springframework.security.web.authentication.AnonymousAuthenticationFilter@20326436, org.springframework.security.web.session.SessionManagementFilter@45b221c7, org.springframework.security.web.access.ExceptionTranslationFilter@71e6bac0, org.springframework.security.web.access.intercept.AuthorizationFilter@20309365]
2024-07-08 11:44:37,097 INFO o.a.j.l.DirectJDKLog [main] Starting ProtocolHandler ["http-nio-8081"]
2024-07-08 11:44:37,117 INFO o.s.b.w.e.t.TomcatWebServer [main] Tomcat started on port 8081 (http) with context path ''
2024-07-08 11:44:37,125 INFO o.s.b.StartupInfoLogger [main] Started BinfoodApplication in 4.98 seconds (process running for 5.759)
2024-07-08 12:30:19,917 INFO o.s.o.j.AbstractEntityManagerFactoryBean [SpringApplicationShutdownHook] Closing JPA EntityManagerFactory for persistence unit 'default'
2024-07-08 12:30:19,919 INFO c.z.h.HikariDataSource [SpringApplicationShutdownHook] HikariPool-1 - Shutdown initiated...
2024-07-08 12:30:19,922 INFO c.z.h.HikariDataSource [SpringApplicationShutdownHook] HikariPool-1 - Shutdown completed.
