2024-07-05 15:50:42,054 INFO o.s.b.StartupInfoLogger [main] Starting BinfoodApplication using Java 19.0.2 with PID 67676 (D:\nisa\Synrgy Academy 2024\synrgy7\F-BJV24001115-synrgy7-rah-binfood-ch7\target\classes started by user in D:\nisa\Synrgy Academy 2024\synrgy7\F-BJV24001115-synrgy7-rah-binfood-ch7)
2024-07-05 15:50:42,058 INFO o.s.b.SpringApplication [main] No active profile set, falling back to 1 default profile: "default"
2024-07-05 15:50:43,027 INFO o.s.d.r.c.RepositoryConfigurationDelegate [main] Bootstrapping Spring Data JPA repositories in DEFAULT mode.
2024-07-05 15:50:43,097 INFO o.s.d.r.c.RepositoryConfigurationDelegate [main] Finished Spring Data repository scanning in 63 ms. Found 6 JPA repository interfaces.
2024-07-05 15:50:43,723 INFO o.s.b.w.e.t.TomcatWebServer [main] Tomcat initialized with port 8081 (http)
2024-07-05 15:50:43,737 INFO o.a.j.l.DirectJDKLog [main] Initializing ProtocolHandler ["http-nio-8081"]
2024-07-05 15:50:43,739 INFO o.a.j.l.DirectJDKLog [main] Starting service [Tomcat]
2024-07-05 15:50:43,740 INFO o.a.j.l.DirectJDKLog [main] Starting Servlet engine: [Apache Tomcat/10.1.20]
2024-07-05 15:50:43,826 INFO o.a.j.l.DirectJDKLog [main] Initializing Spring embedded WebApplicationContext
2024-07-05 15:50:43,826 INFO o.s.b.w.s.c.ServletWebServerApplicationContext [main] Root WebApplicationContext: initialization completed in 1721 ms
2024-07-05 15:50:43,990 INFO o.h.j.i.u.LogHelper [main] HHH000204: Processing PersistenceUnitInfo [name: default]
2024-07-05 15:50:44,054 INFO o.h.Version [main] HHH000412: Hibernate ORM core version 6.4.4.Final
2024-07-05 15:50:44,098 INFO o.h.c.i.RegionFactoryInitiator [main] HHH000026: Second-level cache disabled
2024-07-05 15:50:44,332 INFO o.s.o.j.p.SpringPersistenceUnitInfo [main] No LoadTimeWeaver setup: ignoring JPA class transformer
2024-07-05 15:50:44,359 INFO c.z.h.HikariDataSource [main] HikariPool-1 - Starting...
2024-07-05 15:50:44,476 INFO c.z.h.p.HikariPool [main] HikariPool-1 - Added connection org.postgresql.jdbc.PgConnection@75805562
2024-07-05 15:50:44,477 INFO c.z.h.HikariDataSource [main] HikariPool-1 - Start completed.
2024-07-05 15:50:44,529 WARN o.h.e.j.d.i.DialectFactoryImpl [main] HHH90000025: PostgreSQLDialect does not need to be specified explicitly using 'hibernate.dialect' (remove the property setting and it will be selected by default)
2024-07-05 15:50:45,503 INFO o.h.e.t.j.p.i.JtaPlatformInitiator [main] HHH000489: No JTA platform available (set 'hibernate.transaction.jta.platform' to enable JTA platform integration)
2024-07-05 15:50:45,649 INFO o.s.o.j.AbstractEntityManagerFactoryBean [main] Initialized JPA EntityManagerFactory for persistence unit 'default'
2024-07-05 15:50:46,007 INFO o.s.d.j.r.q.QueryEnhancerFactory [main] Hibernate is in classpath; If applicable, HQL parser will be used.
2024-07-05 15:50:46,431 WARN o.s.b.a.o.j.JpaBaseConfiguration$JpaWebConfiguration [main] spring.jpa.open-in-view is enabled by default. Therefore, database queries may be performed during view rendering. Explicitly configure spring.jpa.open-in-view to disable this warning
2024-07-05 15:50:46,759 INFO o.s.s.w.DefaultSecurityFilterChain [main] Will secure any request with [org.springframework.security.web.session.DisableEncodeUrlFilter@29922188, org.springframework.security.web.context.request.async.WebAsyncManagerIntegrationFilter@6a5ed5f9, org.springframework.security.web.context.SecurityContextHolderFilter@75b05ec7, org.springframework.security.web.header.HeaderWriterFilter@2449dff5, org.springframework.web.filter.CorsFilter@6b8de9dc, org.springframework.security.web.authentication.logout.LogoutFilter@53e7cc08, org.springframework.security.oauth2.client.web.OAuth2AuthorizationRequestRedirectFilter@139e291e, org.springframework.security.oauth2.client.web.OAuth2LoginAuthenticationFilter@173a86ad, com.rahmi.binfood.security.JwtRequestFilter@47b71556, org.springframework.security.web.savedrequest.RequestCacheAwareFilter@4e0dec0c, org.springframework.security.web.servletapi.SecurityContextHolderAwareRequestFilter@3dd4f91d, org.springframework.security.web.authentication.AnonymousAuthenticationFilter@6a8fa30a, org.springframework.security.web.session.SessionManagementFilter@65a42136, org.springframework.security.web.access.ExceptionTranslationFilter@6e48dc84, org.springframework.security.web.access.intercept.AuthorizationFilter@4dba2d07]
2024-07-05 15:50:47,024 INFO o.a.j.l.DirectJDKLog [main] Starting ProtocolHandler ["http-nio-8081"]
2024-07-05 15:50:47,040 INFO o.s.b.w.e.t.TomcatWebServer [main] Tomcat started on port 8081 (http) with context path ''
2024-07-05 15:50:47,050 INFO o.s.b.StartupInfoLogger [main] Started BinfoodApplication in 5.658 seconds (process running for 6.626)
2024-07-05 15:57:33,717 INFO o.a.j.l.DirectJDKLog [http-nio-8081-exec-1] Initializing Spring DispatcherServlet 'dispatcherServlet'
2024-07-05 15:57:33,718 INFO o.s.w.s.FrameworkServlet [http-nio-8081-exec-1] Initializing Servlet 'dispatcherServlet'
2024-07-05 15:57:33,719 INFO o.s.w.s.FrameworkServlet [http-nio-8081-exec-1] Completed initialization in 1 ms
