2024-07-15 16:12:36,603 INFO o.h.v.i.u.Version [background-preinit] HV000001: Hibernate Validator 8.0.1.Final
2024-07-15 16:12:36,620 INFO o.s.b.StartupInfoLogger [main] Starting BinfoodApplication using Java 19.0.2 with PID 100052 (D:\nisa\Synrgy Academy 2024\synrgy7\F-BJV24001115-synrgy7-rah-binfood-ch8\binfood\target\classes started by user in D:\nisa\Synrgy Academy 2024\synrgy7\F-BJV24001115-synrgy7-rah-binfood-ch8\binfood)
2024-07-15 16:12:36,620 INFO o.s.b.SpringApplication [main] No active profile set, falling back to 1 default profile: "default"
2024-07-15 16:12:37,437 INFO o.s.d.r.c.RepositoryConfigurationDelegate [main] Bootstrapping Spring Data JPA repositories in DEFAULT mode.
2024-07-15 16:12:37,567 INFO o.s.d.r.c.RepositoryConfigurationDelegate [main] Finished Spring Data repository scanning in 125 ms. Found 6 JPA repository interfaces.
2024-07-15 16:12:37,713 INFO o.s.c.l.LogAccessor [main] No bean named 'errorChannel' has been explicitly defined. Therefore, a default PublishSubscribeChannel will be created.
2024-07-15 16:12:37,720 INFO o.s.c.l.LogAccessor [main] No bean named 'integrationHeaderChannelRegistry' has been explicitly defined. Therefore, a default DefaultHeaderChannelRegistry will be created.
2024-07-15 16:12:37,957 WARN o.s.c.s.PostProcessorRegistrationDelegate$BeanPostProcessorChecker [main] Bean 'org.springframework.boot.autoconfigure.integration.IntegrationAutoConfiguration$IntegrationJmxConfiguration' of type [org.springframework.boot.autoconfigure.integration.IntegrationAutoConfiguration$IntegrationJmxConfiguration] is not eligible for getting processed by all BeanPostProcessors (for example: not eligible for auto-proxying). The currently created BeanPostProcessor [integrationMbeanExporter] is declared through a non-static factory method on that class; consider declaring it as static instead.
2024-07-15 16:12:37,963 WARN o.s.c.s.PostProcessorRegistrationDelegate$BeanPostProcessorChecker [main] Bean 'org.springframework.cloud.stream.binder.rabbit.config.ExtendedBindingHandlerMappingsProviderConfiguration' of type [org.springframework.cloud.stream.binder.rabbit.config.ExtendedBindingHandlerMappingsProviderConfiguration] is not eligible for getting processed by all BeanPostProcessors (for example: not eligible for auto-proxying). Is this bean getting eagerly injected into a currently created BeanPostProcessor [integrationMbeanExporter]? Check the corresponding BeanPostProcessor declaration and its dependencies.
2024-07-15 16:12:37,964 WARN o.s.c.s.PostProcessorRegistrationDelegate$BeanPostProcessorChecker [main] Bean 'rabbitExtendedPropertiesDefaultMappingsProvider' of type [org.springframework.cloud.stream.binder.rabbit.config.ExtendedBindingHandlerMappingsProviderConfiguration$$Lambda$801/0x000000080152b0e0] is not eligible for getting processed by all BeanPostProcessors (for example: not eligible for auto-proxying). Is this bean getting eagerly injected into a currently created BeanPostProcessor [integrationMbeanExporter]? Check the corresponding BeanPostProcessor declaration and its dependencies.
2024-07-15 16:12:37,965 WARN o.s.c.s.PostProcessorRegistrationDelegate$BeanPostProcessorChecker [main] Bean 'BindingHandlerAdvise' of type [org.springframework.cloud.stream.config.BindingHandlerAdvise] is not eligible for getting processed by all BeanPostProcessors (for example: not eligible for auto-proxying). Is this bean getting eagerly injected into a currently created BeanPostProcessor [integrationMbeanExporter]? Check the corresponding BeanPostProcessor declaration and its dependencies.
2024-07-15 16:12:37,972 WARN o.s.c.s.PostProcessorRegistrationDelegate$BeanPostProcessorChecker [main] Bean 'spelConverter' of type [org.springframework.cloud.stream.config.SpelExpressionConverterConfiguration$SpelConverter] is not eligible for getting processed by all BeanPostProcessors (for example: not eligible for auto-proxying). Is this bean getting eagerly injected into a currently created BeanPostProcessor [integrationMbeanExporter]? Check the corresponding BeanPostProcessor declaration and its dependencies.
2024-07-15 16:12:37,975 WARN o.s.c.s.PostProcessorRegistrationDelegate$BeanPostProcessorChecker [main] Bean 'spring.jmx-org.springframework.boot.autoconfigure.jmx.JmxProperties' of type [org.springframework.boot.autoconfigure.jmx.JmxProperties] is not eligible for getting processed by all BeanPostProcessors (for example: not eligible for auto-proxying). Is this bean getting eagerly injected into a currently created BeanPostProcessor [integrationMbeanExporter]? Check the corresponding BeanPostProcessor declaration and its dependencies.
2024-07-15 16:12:37,981 WARN o.s.c.s.PostProcessorRegistrationDelegate$BeanPostProcessorChecker [main] Bean 'org.springframework.boot.autoconfigure.jmx.JmxAutoConfiguration' of type [org.springframework.boot.autoconfigure.jmx.JmxAutoConfiguration] is not eligible for getting processed by all BeanPostProcessors (for example: not eligible for auto-proxying). Is this bean getting eagerly injected into a currently created BeanPostProcessor [integrationMbeanExporter]? Check the corresponding BeanPostProcessor declaration and its dependencies.
2024-07-15 16:12:37,983 WARN o.s.c.s.PostProcessorRegistrationDelegate$BeanPostProcessorChecker [main] Bean 'mbeanServer' of type [com.sun.jmx.mbeanserver.JmxMBeanServer] is not eligible for getting processed by all BeanPostProcessors (for example: not eligible for auto-proxying). Is this bean getting eagerly injected into a currently created BeanPostProcessor [integrationMbeanExporter]? Check the corresponding BeanPostProcessor declaration and its dependencies.
2024-07-15 16:12:38,147 INFO o.s.b.w.e.t.TomcatWebServer [main] Tomcat initialized with port 8081 (http)
2024-07-15 16:12:38,155 INFO o.a.j.l.DirectJDKLog [main] Initializing ProtocolHandler ["http-nio-8081"]
2024-07-15 16:12:38,156 INFO o.a.j.l.DirectJDKLog [main] Starting service [Tomcat]
2024-07-15 16:12:38,156 INFO o.a.j.l.DirectJDKLog [main] Starting Servlet engine: [Apache Tomcat/10.1.20]
2024-07-15 16:12:38,223 INFO o.a.j.l.DirectJDKLog [main] Initializing Spring embedded WebApplicationContext
2024-07-15 16:12:38,224 INFO o.s.b.w.s.c.ServletWebServerApplicationContext [main] Root WebApplicationContext: initialization completed in 1563 ms
2024-07-15 16:12:38,330 INFO o.h.j.i.u.LogHelper [main] HHH000204: Processing PersistenceUnitInfo [name: default]
2024-07-15 16:12:38,361 INFO o.h.Version [main] HHH000412: Hibernate ORM core version 6.4.4.Final
2024-07-15 16:12:38,381 INFO o.h.c.i.RegionFactoryInitiator [main] HHH000026: Second-level cache disabled
2024-07-15 16:12:38,551 INFO o.s.o.j.p.SpringPersistenceUnitInfo [main] No LoadTimeWeaver setup: ignoring JPA class transformer
2024-07-15 16:12:38,566 INFO c.z.h.HikariDataSource [main] HikariPool-1 - Starting...
2024-07-15 16:12:38,680 INFO c.z.h.p.HikariPool [main] HikariPool-1 - Added connection org.postgresql.jdbc.PgConnection@3c20e9d6
2024-07-15 16:12:38,681 INFO c.z.h.HikariDataSource [main] HikariPool-1 - Start completed.
2024-07-15 16:12:38,704 WARN o.h.e.j.d.i.DialectFactoryImpl [main] HHH90000025: PostgreSQLDialect does not need to be specified explicitly using 'hibernate.dialect' (remove the property setting and it will be selected by default)
2024-07-15 16:12:39,520 INFO o.h.e.t.j.p.i.JtaPlatformInitiator [main] HHH000489: No JTA platform available (set 'hibernate.transaction.jta.platform' to enable JTA platform integration)
2024-07-15 16:12:39,635 INFO o.s.o.j.AbstractEntityManagerFactoryBean [main] Initialized JPA EntityManagerFactory for persistence unit 'default'
2024-07-15 16:12:39,997 WARN o.s.b.a.o.j.JpaBaseConfiguration$JpaWebConfiguration [main] spring.jpa.open-in-view is enabled by default. Therefore, database queries may be performed during view rendering. Explicitly configure spring.jpa.open-in-view to disable this warning
2024-07-15 16:12:40,121 INFO o.s.d.j.r.q.QueryEnhancerFactory [main] Hibernate is in classpath; If applicable, HQL parser will be used.
2024-07-15 16:12:40,453 INFO c.r.b.f.s.FCMInitializer [main] Firebase application has been initialized
2024-07-15 16:12:40,782 INFO o.s.s.w.DefaultSecurityFilterChain [main] Will secure any request with [org.springframework.security.web.session.DisableEncodeUrlFilter@63c57bde, org.springframework.security.web.context.request.async.WebAsyncManagerIntegrationFilter@56c75b4f, org.springframework.security.web.context.SecurityContextHolderFilter@1bb6b0f3, org.springframework.security.web.header.HeaderWriterFilter@1ab64f66, org.springframework.web.filter.CorsFilter@1cd25514, org.springframework.security.web.authentication.logout.LogoutFilter@3fe5c9f1, org.springframework.security.oauth2.client.web.OAuth2AuthorizationRequestRedirectFilter@541c7857, org.springframework.security.oauth2.client.web.OAuth2LoginAuthenticationFilter@75e81be2, com.rahmi.binfood.security.JwtRequestFilter@38c7ad43, org.springframework.security.web.savedrequest.RequestCacheAwareFilter@1858f93e, org.springframework.security.web.servletapi.SecurityContextHolderAwareRequestFilter@2e61695b, org.springframework.security.web.authentication.AnonymousAuthenticationFilter@6bd01b0e, org.springframework.security.web.session.SessionManagementFilter@28f307ca, org.springframework.security.web.access.ExceptionTranslationFilter@41194707, org.springframework.security.web.access.intercept.AuthorizationFilter@65bf5c38]
2024-07-15 16:12:41,418 INFO o.q.i.StdSchedulerFactory [main] Using default implementation for ThreadExecutor
2024-07-15 16:12:41,431 INFO o.q.c.SchedulerSignalerImpl [main] Initialized Scheduler Signaller of type: class org.quartz.core.SchedulerSignalerImpl
2024-07-15 16:12:41,432 INFO o.q.c.QuartzScheduler [main] Quartz Scheduler v.2.3.2 created.
2024-07-15 16:12:41,433 INFO o.q.s.RAMJobStore [main] RAMJobStore initialized.
2024-07-15 16:12:41,434 INFO o.q.c.QuartzScheduler [main] Scheduler meta-data: Quartz Scheduler (v2.3.2) 'quartzScheduler' with instanceId 'NON_CLUSTERED'
  Scheduler class: 'org.quartz.core.QuartzScheduler' - running locally.
  NOT STARTED.
  Currently in standby mode.
  Number of jobs executed: 0
  Using thread pool 'org.quartz.simpl.SimpleThreadPool' - with 10 threads.
  Using job-store 'org.quartz.simpl.RAMJobStore' - which does not support persistence. and is not clustered.

2024-07-15 16:12:41,434 INFO o.q.i.StdSchedulerFactory [main] Quartz scheduler 'quartzScheduler' initialized from an externally provided properties instance.
2024-07-15 16:12:41,434 INFO o.q.i.StdSchedulerFactory [main] Quartz scheduler version: 2.3.2
2024-07-15 16:12:41,434 INFO o.q.c.QuartzScheduler [main] JobFactory set to: org.springframework.scheduling.quartz.SpringBeanJobFactory@6ff08304
2024-07-15 16:12:41,698 INFO o.s.i.m.IntegrationMBeanExporter [main] Registering MessageChannel errorChannel
2024-07-15 16:12:41,703 INFO o.s.i.m.IntegrationMBeanExporter [main] Registering MessageChannel nullChannel
2024-07-15 16:12:41,708 INFO o.s.i.m.IntegrationMBeanExporter [main] Registering MessageHandler _org.springframework.integration.errorLogger
2024-07-15 16:12:41,735 INFO o.a.k.c.c.AbstractConfig [main] AdminClientConfig values: 
	auto.include.jmx.reporter = true
	bootstrap.servers = [localhost:9092]
	client.dns.lookup = use_all_dns_ips
	client.id = 
	connections.max.idle.ms = 300000
	default.api.timeout.ms = 60000
	metadata.max.age.ms = 300000
	metric.reporters = []
	metrics.num.samples = 2
	metrics.recording.level = INFO
	metrics.sample.window.ms = 30000
	receive.buffer.bytes = 65536
	reconnect.backoff.max.ms = 1000
	reconnect.backoff.ms = 50
	request.timeout.ms = 30000
	retries = 2147483647
	retry.backoff.ms = 100
	sasl.client.callback.handler.class = null
	sasl.jaas.config = null
	sasl.kerberos.kinit.cmd = /usr/bin/kinit
	sasl.kerberos.min.time.before.relogin = 60000
	sasl.kerberos.service.name = null
	sasl.kerberos.ticket.renew.jitter = 0.05
	sasl.kerberos.ticket.renew.window.factor = 0.8
	sasl.login.callback.handler.class = null
	sasl.login.class = null
	sasl.login.connect.timeout.ms = null
	sasl.login.read.timeout.ms = null
	sasl.login.refresh.buffer.seconds = 300
	sasl.login.refresh.min.period.seconds = 60
	sasl.login.refresh.window.factor = 0.8
	sasl.login.refresh.window.jitter = 0.05
	sasl.login.retry.backoff.max.ms = 10000
	sasl.login.retry.backoff.ms = 100
	sasl.mechanism = GSSAPI
	sasl.oauthbearer.clock.skew.seconds = 30
	sasl.oauthbearer.expected.audience = null
	sasl.oauthbearer.expected.issuer = null
	sasl.oauthbearer.jwks.endpoint.refresh.ms = 3600000
	sasl.oauthbearer.jwks.endpoint.retry.backoff.max.ms = 10000
	sasl.oauthbearer.jwks.endpoint.retry.backoff.ms = 100
	sasl.oauthbearer.jwks.endpoint.url = null
	sasl.oauthbearer.scope.claim.name = scope
	sasl.oauthbearer.sub.claim.name = sub
	sasl.oauthbearer.token.endpoint.url = null
	security.protocol = PLAINTEXT
	security.providers = null
	send.buffer.bytes = 131072
	socket.connection.setup.timeout.max.ms = 30000
	socket.connection.setup.timeout.ms = 10000
	ssl.cipher.suites = null
	ssl.enabled.protocols = [TLSv1.2, TLSv1.3]
	ssl.endpoint.identification.algorithm = https
	ssl.engine.factory.class = null
	ssl.key.password = null
	ssl.keymanager.algorithm = SunX509
	ssl.keystore.certificate.chain = null
	ssl.keystore.key = null
	ssl.keystore.location = null
	ssl.keystore.password = null
	ssl.keystore.type = JKS
	ssl.protocol = TLSv1.3
	ssl.provider = null
	ssl.secure.random.implementation = null
	ssl.trustmanager.algorithm = PKIX
	ssl.truststore.certificates = null
	ssl.truststore.location = null
	ssl.truststore.password = null
	ssl.truststore.type = JKS

2024-07-15 16:12:41,808 INFO o.a.k.c.u.AppInfoParser$AppInfo [main] Kafka version: 3.6.2
2024-07-15 16:12:41,808 INFO o.a.k.c.u.AppInfoParser$AppInfo [main] Kafka commitId: c4deed513057c94e
2024-07-15 16:12:41,808 INFO o.a.k.c.u.AppInfoParser$AppInfo [main] Kafka startTimeMs: 1721034761807
2024-07-15 16:12:41,821 INFO o.a.k.c.NetworkClient [kafka-admin-client-thread | adminclient-1] [AdminClient clientId=adminclient-1] Node -1 disconnected.
2024-07-15 16:12:41,822 WARN o.a.k.c.NetworkClient [kafka-admin-client-thread | adminclient-1] [AdminClient clientId=adminclient-1] Connection to node -1 (localhost/127.0.0.1:9092) could not be established. Broker may not be available.
2024-07-15 16:12:41,927 INFO o.a.k.c.NetworkClient [kafka-admin-client-thread | adminclient-1] [AdminClient clientId=adminclient-1] Node -1 disconnected.
2024-07-15 16:12:41,927 WARN o.a.k.c.NetworkClient [kafka-admin-client-thread | adminclient-1] [AdminClient clientId=adminclient-1] Connection to node -1 (localhost/127.0.0.1:9092) could not be established. Broker may not be available.
2024-07-15 16:12:42,035 INFO o.a.k.c.NetworkClient [kafka-admin-client-thread | adminclient-1] [AdminClient clientId=adminclient-1] Node -1 disconnected.
2024-07-15 16:12:42,035 WARN o.a.k.c.NetworkClient [kafka-admin-client-thread | adminclient-1] [AdminClient clientId=adminclient-1] Connection to node -1 (localhost/127.0.0.1:9092) could not be established. Broker may not be available.
2024-07-15 16:12:42,254 INFO o.a.k.c.NetworkClient [kafka-admin-client-thread | adminclient-1] [AdminClient clientId=adminclient-1] Node -1 disconnected.
2024-07-15 16:12:42,255 WARN o.a.k.c.NetworkClient [kafka-admin-client-thread | adminclient-1] [AdminClient clientId=adminclient-1] Connection to node -1 (localhost/127.0.0.1:9092) could not be established. Broker may not be available.
2024-07-15 16:12:42,578 INFO o.a.k.c.NetworkClient [kafka-admin-client-thread | adminclient-1] [AdminClient clientId=adminclient-1] Node -1 disconnected.
2024-07-15 16:12:42,578 WARN o.a.k.c.NetworkClient [kafka-admin-client-thread | adminclient-1] [AdminClient clientId=adminclient-1] Connection to node -1 (localhost/127.0.0.1:9092) could not be established. Broker may not be available.
2024-07-15 16:12:43,444 INFO o.a.k.c.NetworkClient [kafka-admin-client-thread | adminclient-1] [AdminClient clientId=adminclient-1] Node -1 disconnected.
2024-07-15 16:12:43,444 WARN o.a.k.c.NetworkClient [kafka-admin-client-thread | adminclient-1] [AdminClient clientId=adminclient-1] Connection to node -1 (localhost/127.0.0.1:9092) could not be established. Broker may not be available.
2024-07-15 16:12:44,526 INFO o.a.k.c.NetworkClient [kafka-admin-client-thread | adminclient-1] [AdminClient clientId=adminclient-1] Node -1 disconnected.
2024-07-15 16:12:44,527 WARN o.a.k.c.NetworkClient [kafka-admin-client-thread | adminclient-1] [AdminClient clientId=adminclient-1] Connection to node -1 (localhost/127.0.0.1:9092) could not be established. Broker may not be available.
2024-07-15 16:12:45,503 INFO o.a.k.c.NetworkClient [kafka-admin-client-thread | adminclient-1] [AdminClient clientId=adminclient-1] Node -1 disconnected.
2024-07-15 16:12:45,503 WARN o.a.k.c.NetworkClient [kafka-admin-client-thread | adminclient-1] [AdminClient clientId=adminclient-1] Connection to node -1 (localhost/127.0.0.1:9092) could not be established. Broker may not be available.
2024-07-15 16:12:46,371 INFO o.a.k.c.NetworkClient [kafka-admin-client-thread | adminclient-1] [AdminClient clientId=adminclient-1] Node -1 disconnected.
2024-07-15 16:12:46,372 WARN o.a.k.c.NetworkClient [kafka-admin-client-thread | adminclient-1] [AdminClient clientId=adminclient-1] Connection to node -1 (localhost/127.0.0.1:9092) could not be established. Broker may not be available.
2024-07-15 16:12:47,456 INFO o.a.k.c.NetworkClient [kafka-admin-client-thread | adminclient-1] [AdminClient clientId=adminclient-1] Node -1 disconnected.
2024-07-15 16:12:47,456 WARN o.a.k.c.NetworkClient [kafka-admin-client-thread | adminclient-1] [AdminClient clientId=adminclient-1] Connection to node -1 (localhost/127.0.0.1:9092) could not be established. Broker may not be available.
2024-07-15 16:12:48,539 INFO o.a.k.c.NetworkClient [kafka-admin-client-thread | adminclient-1] [AdminClient clientId=adminclient-1] Node -1 disconnected.
2024-07-15 16:12:48,539 WARN o.a.k.c.NetworkClient [kafka-admin-client-thread | adminclient-1] [AdminClient clientId=adminclient-1] Connection to node -1 (localhost/127.0.0.1:9092) could not be established. Broker may not be available.
2024-07-15 16:12:49,618 INFO o.a.k.c.NetworkClient [kafka-admin-client-thread | adminclient-1] [AdminClient clientId=adminclient-1] Node -1 disconnected.
2024-07-15 16:12:49,618 WARN o.a.k.c.NetworkClient [kafka-admin-client-thread | adminclient-1] [AdminClient clientId=adminclient-1] Connection to node -1 (localhost/127.0.0.1:9092) could not be established. Broker may not be available.
2024-07-15 16:12:50,701 INFO o.a.k.c.NetworkClient [kafka-admin-client-thread | adminclient-1] [AdminClient clientId=adminclient-1] Node -1 disconnected.
2024-07-15 16:12:50,701 WARN o.a.k.c.NetworkClient [kafka-admin-client-thread | adminclient-1] [AdminClient clientId=adminclient-1] Connection to node -1 (localhost/127.0.0.1:9092) could not be established. Broker may not be available.
2024-07-15 16:12:51,677 INFO o.a.k.c.NetworkClient [kafka-admin-client-thread | adminclient-1] [AdminClient clientId=adminclient-1] Node -1 disconnected.
2024-07-15 16:12:51,677 WARN o.a.k.c.NetworkClient [kafka-admin-client-thread | adminclient-1] [AdminClient clientId=adminclient-1] Connection to node -1 (localhost/127.0.0.1:9092) could not be established. Broker may not be available.
2024-07-15 16:12:52,883 INFO o.a.k.c.NetworkClient [kafka-admin-client-thread | adminclient-1] [AdminClient clientId=adminclient-1] Node -1 disconnected.
2024-07-15 16:12:52,883 WARN o.a.k.c.NetworkClient [kafka-admin-client-thread | adminclient-1] [AdminClient clientId=adminclient-1] Connection to node -1 (localhost/127.0.0.1:9092) could not be established. Broker may not be available.
2024-07-15 16:12:53,750 INFO o.a.k.c.NetworkClient [kafka-admin-client-thread | adminclient-1] [AdminClient clientId=adminclient-1] Node -1 disconnected.
2024-07-15 16:12:53,750 WARN o.a.k.c.NetworkClient [kafka-admin-client-thread | adminclient-1] [AdminClient clientId=adminclient-1] Connection to node -1 (localhost/127.0.0.1:9092) could not be established. Broker may not be available.
2024-07-15 16:12:54,623 INFO o.a.k.c.NetworkClient [kafka-admin-client-thread | adminclient-1] [AdminClient clientId=adminclient-1] Node -1 disconnected.
2024-07-15 16:12:54,623 WARN o.a.k.c.NetworkClient [kafka-admin-client-thread | adminclient-1] [AdminClient clientId=adminclient-1] Connection to node -1 (localhost/127.0.0.1:9092) could not be established. Broker may not be available.
2024-07-15 16:12:55,706 INFO o.a.k.c.NetworkClient [kafka-admin-client-thread | adminclient-1] [AdminClient clientId=adminclient-1] Node -1 disconnected.
2024-07-15 16:12:55,706 WARN o.a.k.c.NetworkClient [kafka-admin-client-thread | adminclient-1] [AdminClient clientId=adminclient-1] Connection to node -1 (localhost/127.0.0.1:9092) could not be established. Broker may not be available.
2024-07-15 16:12:56,900 INFO o.a.k.c.NetworkClient [kafka-admin-client-thread | adminclient-1] [AdminClient clientId=adminclient-1] Node -1 disconnected.
2024-07-15 16:12:56,901 WARN o.a.k.c.NetworkClient [kafka-admin-client-thread | adminclient-1] [AdminClient clientId=adminclient-1] Connection to node -1 (localhost/127.0.0.1:9092) could not be established. Broker may not be available.
2024-07-15 16:12:57,981 INFO o.a.k.c.NetworkClient [kafka-admin-client-thread | adminclient-1] [AdminClient clientId=adminclient-1] Node -1 disconnected.
2024-07-15 16:12:57,982 WARN o.a.k.c.NetworkClient [kafka-admin-client-thread | adminclient-1] [AdminClient clientId=adminclient-1] Connection to node -1 (localhost/127.0.0.1:9092) could not be established. Broker may not be available.
2024-07-15 16:12:59,067 INFO o.a.k.c.NetworkClient [kafka-admin-client-thread | adminclient-1] [AdminClient clientId=adminclient-1] Node -1 disconnected.
2024-07-15 16:12:59,067 WARN o.a.k.c.NetworkClient [kafka-admin-client-thread | adminclient-1] [AdminClient clientId=adminclient-1] Connection to node -1 (localhost/127.0.0.1:9092) could not be established. Broker may not be available.
2024-07-15 16:13:00,155 INFO o.a.k.c.NetworkClient [kafka-admin-client-thread | adminclient-1] [AdminClient clientId=adminclient-1] Node -1 disconnected.
2024-07-15 16:13:00,155 WARN o.a.k.c.NetworkClient [kafka-admin-client-thread | adminclient-1] [AdminClient clientId=adminclient-1] Connection to node -1 (localhost/127.0.0.1:9092) could not be established. Broker may not be available.
2024-07-15 16:13:01,236 INFO o.a.k.c.NetworkClient [kafka-admin-client-thread | adminclient-1] [AdminClient clientId=adminclient-1] Node -1 disconnected.
2024-07-15 16:13:01,236 WARN o.a.k.c.NetworkClient [kafka-admin-client-thread | adminclient-1] [AdminClient clientId=adminclient-1] Connection to node -1 (localhost/127.0.0.1:9092) could not be established. Broker may not be available.
2024-07-15 16:13:02,212 INFO o.a.k.c.NetworkClient [kafka-admin-client-thread | adminclient-1] [AdminClient clientId=adminclient-1] Node -1 disconnected.
2024-07-15 16:13:02,213 WARN o.a.k.c.NetworkClient [kafka-admin-client-thread | adminclient-1] [AdminClient clientId=adminclient-1] Connection to node -1 (localhost/127.0.0.1:9092) could not be established. Broker may not be available.
2024-07-15 16:13:03,186 INFO o.a.k.c.NetworkClient [kafka-admin-client-thread | adminclient-1] [AdminClient clientId=adminclient-1] Node -1 disconnected.
2024-07-15 16:13:03,186 WARN o.a.k.c.NetworkClient [kafka-admin-client-thread | adminclient-1] [AdminClient clientId=adminclient-1] Connection to node -1 (localhost/127.0.0.1:9092) could not be established. Broker may not be available.
2024-07-15 16:13:04,165 INFO o.a.k.c.NetworkClient [kafka-admin-client-thread | adminclient-1] [AdminClient clientId=adminclient-1] Node -1 disconnected.
2024-07-15 16:13:04,166 WARN o.a.k.c.NetworkClient [kafka-admin-client-thread | adminclient-1] [AdminClient clientId=adminclient-1] Connection to node -1 (localhost/127.0.0.1:9092) could not be established. Broker may not be available.
2024-07-15 16:13:05,142 INFO o.a.k.c.NetworkClient [kafka-admin-client-thread | adminclient-1] [AdminClient clientId=adminclient-1] Node -1 disconnected.
2024-07-15 16:13:05,142 WARN o.a.k.c.NetworkClient [kafka-admin-client-thread | adminclient-1] [AdminClient clientId=adminclient-1] Connection to node -1 (localhost/127.0.0.1:9092) could not be established. Broker may not be available.
2024-07-15 16:13:06,117 INFO o.a.k.c.NetworkClient [kafka-admin-client-thread | adminclient-1] [AdminClient clientId=adminclient-1] Node -1 disconnected.
2024-07-15 16:13:06,118 WARN o.a.k.c.NetworkClient [kafka-admin-client-thread | adminclient-1] [AdminClient clientId=adminclient-1] Connection to node -1 (localhost/127.0.0.1:9092) could not be established. Broker may not be available.
2024-07-15 16:13:07,197 INFO o.a.k.c.NetworkClient [kafka-admin-client-thread | adminclient-1] [AdminClient clientId=adminclient-1] Node -1 disconnected.
2024-07-15 16:13:07,197 WARN o.a.k.c.NetworkClient [kafka-admin-client-thread | adminclient-1] [AdminClient clientId=adminclient-1] Connection to node -1 (localhost/127.0.0.1:9092) could not be established. Broker may not be available.
2024-07-15 16:13:08,385 INFO o.a.k.c.NetworkClient [kafka-admin-client-thread | adminclient-1] [AdminClient clientId=adminclient-1] Node -1 disconnected.
2024-07-15 16:13:08,386 WARN o.a.k.c.NetworkClient [kafka-admin-client-thread | adminclient-1] [AdminClient clientId=adminclient-1] Connection to node -1 (localhost/127.0.0.1:9092) could not be established. Broker may not be available.
2024-07-15 16:13:09,690 INFO o.a.k.c.NetworkClient [kafka-admin-client-thread | adminclient-1] [AdminClient clientId=adminclient-1] Node -1 disconnected.
2024-07-15 16:13:09,690 WARN o.a.k.c.NetworkClient [kafka-admin-client-thread | adminclient-1] [AdminClient clientId=adminclient-1] Connection to node -1 (localhost/127.0.0.1:9092) could not be established. Broker may not be available.
2024-07-15 16:13:10,660 INFO o.a.k.c.NetworkClient [kafka-admin-client-thread | adminclient-1] [AdminClient clientId=adminclient-1] Node -1 disconnected.
2024-07-15 16:13:10,660 WARN o.a.k.c.NetworkClient [kafka-admin-client-thread | adminclient-1] [AdminClient clientId=adminclient-1] Connection to node -1 (localhost/127.0.0.1:9092) could not be established. Broker may not be available.
2024-07-15 16:13:11,746 INFO o.a.k.c.NetworkClient [kafka-admin-client-thread | adminclient-1] [AdminClient clientId=adminclient-1] Node -1 disconnected.
2024-07-15 16:13:11,747 WARN o.a.k.c.NetworkClient [kafka-admin-client-thread | adminclient-1] [AdminClient clientId=adminclient-1] Connection to node -1 (localhost/127.0.0.1:9092) could not be established. Broker may not be available.
2024-07-15 16:13:11,821 INFO o.a.k.c.a.i.AdminMetadataManager [kafka-admin-client-thread | adminclient-1] [AdminClient clientId=adminclient-1] Metadata update failed
org.apache.kafka.common.errors.TimeoutException: Timed out waiting for a node assignment. Call: fetchMetadata
2024-07-15 16:13:11,821 ERROR o.s.c.l.LogAccessor [main] Could not configure topics
org.springframework.kafka.KafkaException: Timed out waiting to get existing topics
	at org.springframework.kafka.core.KafkaAdmin.lambda$checkPartitions$11(KafkaAdmin.java:520)
	at java.base/java.util.HashMap.forEach(HashMap.java:1429)
	at org.springframework.kafka.core.KafkaAdmin.checkPartitions(KafkaAdmin.java:499)
	at org.springframework.kafka.core.KafkaAdmin.addOrModifyTopicsIfNeeded(KafkaAdmin.java:392)
	at org.springframework.kafka.core.KafkaAdmin.initialize(KafkaAdmin.java:258)
	at org.springframework.kafka.core.KafkaAdmin.afterSingletonsInstantiated(KafkaAdmin.java:222)
	at org.springframework.beans.factory.support.DefaultListableBeanFactory.preInstantiateSingletons(DefaultListableBeanFactory.java:986)
	at org.springframework.context.support.AbstractApplicationContext.finishBeanFactoryInitialization(AbstractApplicationContext.java:962)
	at org.springframework.context.support.AbstractApplicationContext.refresh(AbstractApplicationContext.java:624)
	at org.springframework.boot.web.servlet.context.ServletWebServerApplicationContext.refresh(ServletWebServerApplicationContext.java:146)
	at org.springframework.boot.SpringApplication.refresh(SpringApplication.java:754)
	at org.springframework.boot.SpringApplication.refreshContext(SpringApplication.java:456)
	at org.springframework.boot.SpringApplication.run(SpringApplication.java:334)
	at org.springframework.boot.SpringApplication.run(SpringApplication.java:1354)
	at org.springframework.boot.SpringApplication.run(SpringApplication.java:1343)
	at com.rahmi.binfood.BinfoodApplication.main(BinfoodApplication.java:14)
Caused by: java.util.concurrent.TimeoutException: null
	at java.base/java.util.concurrent.CompletableFuture.timedGet(CompletableFuture.java:1960)
	at java.base/java.util.concurrent.CompletableFuture.get(CompletableFuture.java:2095)
	at org.apache.kafka.common.internals.KafkaFutureImpl.get(KafkaFutureImpl.java:180)
	at org.springframework.kafka.core.KafkaAdmin.lambda$checkPartitions$11(KafkaAdmin.java:502)
	... 15 common frames omitted
2024-07-15 16:13:12,901 INFO o.a.k.c.NetworkClient [kafka-admin-client-thread | adminclient-1] [AdminClient clientId=adminclient-1] Node -1 disconnected.
2024-07-15 16:13:12,902 WARN o.a.k.c.NetworkClient [kafka-admin-client-thread | adminclient-1] [AdminClient clientId=adminclient-1] Connection to node -1 (localhost/127.0.0.1:9092) could not be established. Broker may not be available.
2024-07-15 16:13:13,980 INFO o.a.k.c.NetworkClient [kafka-admin-client-thread | adminclient-1] [AdminClient clientId=adminclient-1] Node -1 disconnected.
2024-07-15 16:13:13,981 WARN o.a.k.c.NetworkClient [kafka-admin-client-thread | adminclient-1] [AdminClient clientId=adminclient-1] Connection to node -1 (localhost/127.0.0.1:9092) could not be established. Broker may not be available.
2024-07-15 16:13:14,953 INFO o.a.k.c.NetworkClient [kafka-admin-client-thread | adminclient-1] [AdminClient clientId=adminclient-1] Node -1 disconnected.
2024-07-15 16:13:14,954 WARN o.a.k.c.NetworkClient [kafka-admin-client-thread | adminclient-1] [AdminClient clientId=adminclient-1] Connection to node -1 (localhost/127.0.0.1:9092) could not be established. Broker may not be available.
2024-07-15 16:13:15,824 INFO o.a.k.c.NetworkClient [kafka-admin-client-thread | adminclient-1] [AdminClient clientId=adminclient-1] Node -1 disconnected.
2024-07-15 16:13:15,824 WARN o.a.k.c.NetworkClient [kafka-admin-client-thread | adminclient-1] [AdminClient clientId=adminclient-1] Connection to node -1 (localhost/127.0.0.1:9092) could not be established. Broker may not be available.
2024-07-15 16:13:16,904 INFO o.a.k.c.NetworkClient [kafka-admin-client-thread | adminclient-1] [AdminClient clientId=adminclient-1] Node -1 disconnected.
2024-07-15 16:13:16,905 WARN o.a.k.c.NetworkClient [kafka-admin-client-thread | adminclient-1] [AdminClient clientId=adminclient-1] Connection to node -1 (localhost/127.0.0.1:9092) could not be established. Broker may not be available.
2024-07-15 16:13:18,095 INFO o.a.k.c.NetworkClient [kafka-admin-client-thread | adminclient-1] [AdminClient clientId=adminclient-1] Node -1 disconnected.
2024-07-15 16:13:18,096 WARN o.a.k.c.NetworkClient [kafka-admin-client-thread | adminclient-1] [AdminClient clientId=adminclient-1] Connection to node -1 (localhost/127.0.0.1:9092) could not be established. Broker may not be available.
2024-07-15 16:13:19,290 INFO o.a.k.c.NetworkClient [kafka-admin-client-thread | adminclient-1] [AdminClient clientId=adminclient-1] Node -1 disconnected.
2024-07-15 16:13:19,290 WARN o.a.k.c.NetworkClient [kafka-admin-client-thread | adminclient-1] [AdminClient clientId=adminclient-1] Connection to node -1 (localhost/127.0.0.1:9092) could not be established. Broker may not be available.
2024-07-15 16:13:20,481 INFO o.a.k.c.NetworkClient [kafka-admin-client-thread | adminclient-1] [AdminClient clientId=adminclient-1] Node -1 disconnected.
2024-07-15 16:13:20,481 WARN o.a.k.c.NetworkClient [kafka-admin-client-thread | adminclient-1] [AdminClient clientId=adminclient-1] Connection to node -1 (localhost/127.0.0.1:9092) could not be established. Broker may not be available.
2024-07-15 16:13:21,672 INFO o.a.k.c.NetworkClient [kafka-admin-client-thread | adminclient-1] [AdminClient clientId=adminclient-1] Node -1 disconnected.
2024-07-15 16:13:21,672 WARN o.a.k.c.NetworkClient [kafka-admin-client-thread | adminclient-1] [AdminClient clientId=adminclient-1] Connection to node -1 (localhost/127.0.0.1:9092) could not be established. Broker may not be available.
2024-07-15 16:13:21,827 INFO o.a.k.c.a.KafkaAdminClient$AdminClientRunnable [kafka-admin-client-thread | adminclient-1] [AdminClient clientId=adminclient-1] Forcing a hard I/O thread shutdown. Requests in progress will be aborted.
2024-07-15 16:13:21,828 INFO o.a.k.c.u.AppInfoParser [kafka-admin-client-thread | adminclient-1] App info kafka.admin.client for adminclient-1 unregistered
2024-07-15 16:13:21,829 INFO o.a.k.c.a.i.AdminMetadataManager [kafka-admin-client-thread | adminclient-1] [AdminClient clientId=adminclient-1] Metadata update failed
org.apache.kafka.common.errors.TimeoutException: The AdminClient thread has exited. Call: fetchMetadata
2024-07-15 16:13:21,829 INFO o.a.k.c.a.KafkaAdminClient$AdminClientRunnable [kafka-admin-client-thread | adminclient-1] [AdminClient clientId=adminclient-1] Timed out 2 remaining operation(s) during close.
2024-07-15 16:13:21,838 INFO o.a.k.c.m.Metrics [kafka-admin-client-thread | adminclient-1] Metrics scheduler closed
2024-07-15 16:13:21,839 INFO o.a.k.c.m.Metrics [kafka-admin-client-thread | adminclient-1] Closing reporter org.apache.kafka.common.metrics.JmxReporter
2024-07-15 16:13:21,839 INFO o.a.k.c.m.Metrics [kafka-admin-client-thread | adminclient-1] Metrics reporters closed
2024-07-15 16:13:21,848 INFO o.s.c.l.LogAccessor [main] Adding {logging-channel-adapter:_org.springframework.integration.errorLogger} as a subscriber to the 'errorChannel' channel
2024-07-15 16:13:21,848 INFO o.s.c.l.LogAccessor [main] Channel 'binfood.errorChannel' has 1 subscriber(s).
2024-07-15 16:13:21,850 INFO o.s.c.l.LogAccessor [main] started bean '_org.springframework.integration.errorLogger'
2024-07-15 16:13:21,851 INFO o.a.j.l.DirectJDKLog [main] Starting ProtocolHandler ["http-nio-8081"]
2024-07-15 16:13:21,871 INFO o.s.b.w.e.t.TomcatWebServer [main] Tomcat started on port 8081 (http) with context path ''
2024-07-15 16:13:21,907 INFO o.a.k.c.c.AbstractConfig [main] ConsumerConfig values: 
	allow.auto.create.topics = true
	auto.commit.interval.ms = 5000
	auto.include.jmx.reporter = true
	auto.offset.reset = latest
	bootstrap.servers = [localhost:9092]
	check.crcs = true
	client.dns.lookup = use_all_dns_ips
	client.id = consumer-group_id-1
	client.rack = 
	connections.max.idle.ms = 540000
	default.api.timeout.ms = 60000
	enable.auto.commit = false
	exclude.internal.topics = true
	fetch.max.bytes = 52428800
	fetch.max.wait.ms = 500
	fetch.min.bytes = 1
	group.id = group_id
	group.instance.id = null
	heartbeat.interval.ms = 3000
	interceptor.classes = []
	internal.leave.group.on.close = true
	internal.throw.on.fetch.stable.offset.unsupported = false
	isolation.level = read_uncommitted
	key.deserializer = class org.apache.kafka.common.serialization.StringDeserializer
	max.partition.fetch.bytes = 1048576
	max.poll.interval.ms = 300000
	max.poll.records = 500
	metadata.max.age.ms = 300000
	metric.reporters = []
	metrics.num.samples = 2
	metrics.recording.level = INFO
	metrics.sample.window.ms = 30000
	partition.assignment.strategy = [class org.apache.kafka.clients.consumer.RangeAssignor, class org.apache.kafka.clients.consumer.CooperativeStickyAssignor]
	receive.buffer.bytes = 65536
	reconnect.backoff.max.ms = 1000
	reconnect.backoff.ms = 50
	request.timeout.ms = 30000
	retry.backoff.ms = 100
	sasl.client.callback.handler.class = null
	sasl.jaas.config = null
	sasl.kerberos.kinit.cmd = /usr/bin/kinit
	sasl.kerberos.min.time.before.relogin = 60000
	sasl.kerberos.service.name = null
	sasl.kerberos.ticket.renew.jitter = 0.05
	sasl.kerberos.ticket.renew.window.factor = 0.8
	sasl.login.callback.handler.class = null
	sasl.login.class = null
	sasl.login.connect.timeout.ms = null
	sasl.login.read.timeout.ms = null
	sasl.login.refresh.buffer.seconds = 300
	sasl.login.refresh.min.period.seconds = 60
	sasl.login.refresh.window.factor = 0.8
	sasl.login.refresh.window.jitter = 0.05
	sasl.login.retry.backoff.max.ms = 10000
	sasl.login.retry.backoff.ms = 100
	sasl.mechanism = GSSAPI
	sasl.oauthbearer.clock.skew.seconds = 30
	sasl.oauthbearer.expected.audience = null
	sasl.oauthbearer.expected.issuer = null
	sasl.oauthbearer.jwks.endpoint.refresh.ms = 3600000
	sasl.oauthbearer.jwks.endpoint.retry.backoff.max.ms = 10000
	sasl.oauthbearer.jwks.endpoint.retry.backoff.ms = 100
	sasl.oauthbearer.jwks.endpoint.url = null
	sasl.oauthbearer.scope.claim.name = scope
	sasl.oauthbearer.sub.claim.name = sub
	sasl.oauthbearer.token.endpoint.url = null
	security.protocol = PLAINTEXT
	security.providers = null
	send.buffer.bytes = 131072
	session.timeout.ms = 45000
	socket.connection.setup.timeout.max.ms = 30000
	socket.connection.setup.timeout.ms = 10000
	ssl.cipher.suites = null
	ssl.enabled.protocols = [TLSv1.2, TLSv1.3]
	ssl.endpoint.identification.algorithm = https
	ssl.engine.factory.class = null
	ssl.key.password = null
	ssl.keymanager.algorithm = SunX509
	ssl.keystore.certificate.chain = null
	ssl.keystore.key = null
	ssl.keystore.location = null
	ssl.keystore.password = null
	ssl.keystore.type = JKS
	ssl.protocol = TLSv1.3
	ssl.provider = null
	ssl.secure.random.implementation = null
	ssl.trustmanager.algorithm = PKIX
	ssl.truststore.certificates = null
	ssl.truststore.location = null
	ssl.truststore.password = null
	ssl.truststore.type = JKS
	value.deserializer = class org.apache.kafka.common.serialization.StringDeserializer

2024-07-15 16:13:21,987 INFO o.a.k.c.u.AppInfoParser$AppInfo [main] Kafka version: 3.6.2
2024-07-15 16:13:21,988 INFO o.a.k.c.u.AppInfoParser$AppInfo [main] Kafka commitId: c4deed513057c94e
2024-07-15 16:13:21,988 INFO o.a.k.c.u.AppInfoParser$AppInfo [main] Kafka startTimeMs: 1721034801987
2024-07-15 16:13:21,990 INFO o.a.k.c.c.KafkaConsumer [main] [Consumer clientId=consumer-group_id-1, groupId=group_id] Subscribed to topic(s): binfood_topic
2024-07-15 16:13:21,998 INFO o.s.s.q.SchedulerFactoryBean [main] Starting Quartz Scheduler now
2024-07-15 16:13:21,998 INFO o.q.c.QuartzScheduler [main] Scheduler quartzScheduler_$_NON_CLUSTERED started.
2024-07-15 16:13:22,009 INFO o.s.b.StartupInfoLogger [main] Started BinfoodApplication in 45.722 seconds (process running for 46.305)
2024-07-15 16:13:22,372 INFO o.a.k.c.NetworkClient [org.springframework.kafka.KafkaListenerEndpointContainer#0-0-C-1] [Consumer clientId=consumer-group_id-1, groupId=group_id] Node -1 disconnected.
2024-07-15 16:13:22,372 WARN o.a.k.c.NetworkClient [org.springframework.kafka.KafkaListenerEndpointContainer#0-0-C-1] [Consumer clientId=consumer-group_id-1, groupId=group_id] Connection to node -1 (localhost/127.0.0.1:9092) could not be established. Broker may not be available.
2024-07-15 16:13:22,372 WARN o.a.k.c.NetworkClient$DefaultMetadataUpdater [org.springframework.kafka.KafkaListenerEndpointContainer#0-0-C-1] [Consumer clientId=consumer-group_id-1, groupId=group_id] Bootstrap broker localhost:9092 (id: -1 rack: null) disconnected
2024-07-15 16:13:22,474 INFO o.a.k.c.NetworkClient [org.springframework.kafka.KafkaListenerEndpointContainer#0-0-C-1] [Consumer clientId=consumer-group_id-1, groupId=group_id] Node -1 disconnected.
2024-07-15 16:13:22,474 WARN o.a.k.c.NetworkClient [org.springframework.kafka.KafkaListenerEndpointContainer#0-0-C-1] [Consumer clientId=consumer-group_id-1, groupId=group_id] Connection to node -1 (localhost/127.0.0.1:9092) could not be established. Broker may not be available.
2024-07-15 16:13:22,474 WARN o.a.k.c.NetworkClient$DefaultMetadataUpdater [org.springframework.kafka.KafkaListenerEndpointContainer#0-0-C-1] [Consumer clientId=consumer-group_id-1, groupId=group_id] Bootstrap broker localhost:9092 (id: -1 rack: null) disconnected
2024-07-15 16:13:22,626 INFO o.a.k.c.NetworkClient [org.springframework.kafka.KafkaListenerEndpointContainer#0-0-C-1] [Consumer clientId=consumer-group_id-1, groupId=group_id] Node -1 disconnected.
2024-07-15 16:13:22,626 WARN o.a.k.c.NetworkClient [org.springframework.kafka.KafkaListenerEndpointContainer#0-0-C-1] [Consumer clientId=consumer-group_id-1, groupId=group_id] Connection to node -1 (localhost/127.0.0.1:9092) could not be established. Broker may not be available.
2024-07-15 16:13:22,626 WARN o.a.k.c.NetworkClient$DefaultMetadataUpdater [org.springframework.kafka.KafkaListenerEndpointContainer#0-0-C-1] [Consumer clientId=consumer-group_id-1, groupId=group_id] Bootstrap broker localhost:9092 (id: -1 rack: null) disconnected
2024-07-15 16:13:22,880 INFO o.a.k.c.NetworkClient [org.springframework.kafka.KafkaListenerEndpointContainer#0-0-C-1] [Consumer clientId=consumer-group_id-1, groupId=group_id] Node -1 disconnected.
2024-07-15 16:13:22,880 WARN o.a.k.c.NetworkClient [org.springframework.kafka.KafkaListenerEndpointContainer#0-0-C-1] [Consumer clientId=consumer-group_id-1, groupId=group_id] Connection to node -1 (localhost/127.0.0.1:9092) could not be established. Broker may not be available.
2024-07-15 16:13:22,881 WARN o.a.k.c.NetworkClient$DefaultMetadataUpdater [org.springframework.kafka.KafkaListenerEndpointContainer#0-0-C-1] [Consumer clientId=consumer-group_id-1, groupId=group_id] Bootstrap broker localhost:9092 (id: -1 rack: null) disconnected
2024-07-15 16:13:23,232 INFO o.a.k.c.NetworkClient [org.springframework.kafka.KafkaListenerEndpointContainer#0-0-C-1] [Consumer clientId=consumer-group_id-1, groupId=group_id] Node -1 disconnected.
2024-07-15 16:13:23,233 WARN o.a.k.c.NetworkClient [org.springframework.kafka.KafkaListenerEndpointContainer#0-0-C-1] [Consumer clientId=consumer-group_id-1, groupId=group_id] Connection to node -1 (localhost/127.0.0.1:9092) could not be established. Broker may not be available.
2024-07-15 16:13:23,233 WARN o.a.k.c.NetworkClient$DefaultMetadataUpdater [org.springframework.kafka.KafkaListenerEndpointContainer#0-0-C-1] [Consumer clientId=consumer-group_id-1, groupId=group_id] Bootstrap broker localhost:9092 (id: -1 rack: null) disconnected
2024-07-15 16:13:24,143 INFO o.a.k.c.NetworkClient [org.springframework.kafka.KafkaListenerEndpointContainer#0-0-C-1] [Consumer clientId=consumer-group_id-1, groupId=group_id] Node -1 disconnected.
2024-07-15 16:13:24,143 WARN o.a.k.c.NetworkClient [org.springframework.kafka.KafkaListenerEndpointContainer#0-0-C-1] [Consumer clientId=consumer-group_id-1, groupId=group_id] Connection to node -1 (localhost/127.0.0.1:9092) could not be established. Broker may not be available.
2024-07-15 16:13:24,144 WARN o.a.k.c.NetworkClient$DefaultMetadataUpdater [org.springframework.kafka.KafkaListenerEndpointContainer#0-0-C-1] [Consumer clientId=consumer-group_id-1, groupId=group_id] Bootstrap broker localhost:9092 (id: -1 rack: null) disconnected
2024-07-15 16:13:25,053 INFO o.a.k.c.NetworkClient [org.springframework.kafka.KafkaListenerEndpointContainer#0-0-C-1] [Consumer clientId=consumer-group_id-1, groupId=group_id] Node -1 disconnected.
2024-07-15 16:13:25,054 WARN o.a.k.c.NetworkClient [org.springframework.kafka.KafkaListenerEndpointContainer#0-0-C-1] [Consumer clientId=consumer-group_id-1, groupId=group_id] Connection to node -1 (localhost/127.0.0.1:9092) could not be established. Broker may not be available.
2024-07-15 16:13:25,054 WARN o.a.k.c.NetworkClient$DefaultMetadataUpdater [org.springframework.kafka.KafkaListenerEndpointContainer#0-0-C-1] [Consumer clientId=consumer-group_id-1, groupId=group_id] Bootstrap broker localhost:9092 (id: -1 rack: null) disconnected
2024-07-15 16:13:26,012 INFO o.a.k.c.NetworkClient [org.springframework.kafka.KafkaListenerEndpointContainer#0-0-C-1] [Consumer clientId=consumer-group_id-1, groupId=group_id] Node -1 disconnected.
2024-07-15 16:13:26,012 WARN o.a.k.c.NetworkClient [org.springframework.kafka.KafkaListenerEndpointContainer#0-0-C-1] [Consumer clientId=consumer-group_id-1, groupId=group_id] Connection to node -1 (localhost/127.0.0.1:9092) could not be established. Broker may not be available.
2024-07-15 16:13:26,012 WARN o.a.k.c.NetworkClient$DefaultMetadataUpdater [org.springframework.kafka.KafkaListenerEndpointContainer#0-0-C-1] [Consumer clientId=consumer-group_id-1, groupId=group_id] Bootstrap broker localhost:9092 (id: -1 rack: null) disconnected
2024-07-15 16:13:27,204 INFO o.a.k.c.NetworkClient [org.springframework.kafka.KafkaListenerEndpointContainer#0-0-C-1] [Consumer clientId=consumer-group_id-1, groupId=group_id] Node -1 disconnected.
2024-07-15 16:13:27,204 WARN o.a.k.c.NetworkClient [org.springframework.kafka.KafkaListenerEndpointContainer#0-0-C-1] [Consumer clientId=consumer-group_id-1, groupId=group_id] Connection to node -1 (localhost/127.0.0.1:9092) could not be established. Broker may not be available.
2024-07-15 16:13:27,204 WARN o.a.k.c.NetworkClient$DefaultMetadataUpdater [org.springframework.kafka.KafkaListenerEndpointContainer#0-0-C-1] [Consumer clientId=consumer-group_id-1, groupId=group_id] Bootstrap broker localhost:9092 (id: -1 rack: null) disconnected
2024-07-15 16:13:28,216 INFO o.a.k.c.NetworkClient [org.springframework.kafka.KafkaListenerEndpointContainer#0-0-C-1] [Consumer clientId=consumer-group_id-1, groupId=group_id] Node -1 disconnected.
2024-07-15 16:13:28,217 WARN o.a.k.c.NetworkClient [org.springframework.kafka.KafkaListenerEndpointContainer#0-0-C-1] [Consumer clientId=consumer-group_id-1, groupId=group_id] Connection to node -1 (localhost/127.0.0.1:9092) could not be established. Broker may not be available.
2024-07-15 16:13:28,217 WARN o.a.k.c.NetworkClient$DefaultMetadataUpdater [org.springframework.kafka.KafkaListenerEndpointContainer#0-0-C-1] [Consumer clientId=consumer-group_id-1, groupId=group_id] Bootstrap broker localhost:9092 (id: -1 rack: null) disconnected
2024-07-15 16:13:29,324 INFO o.a.k.c.NetworkClient [org.springframework.kafka.KafkaListenerEndpointContainer#0-0-C-1] [Consumer clientId=consumer-group_id-1, groupId=group_id] Node -1 disconnected.
2024-07-15 16:13:29,325 WARN o.a.k.c.NetworkClient [org.springframework.kafka.KafkaListenerEndpointContainer#0-0-C-1] [Consumer clientId=consumer-group_id-1, groupId=group_id] Connection to node -1 (localhost/127.0.0.1:9092) could not be established. Broker may not be available.
2024-07-15 16:13:29,325 WARN o.a.k.c.NetworkClient$DefaultMetadataUpdater [org.springframework.kafka.KafkaListenerEndpointContainer#0-0-C-1] [Consumer clientId=consumer-group_id-1, groupId=group_id] Bootstrap broker localhost:9092 (id: -1 rack: null) disconnected
2024-07-15 16:13:30,433 INFO o.a.k.c.NetworkClient [org.springframework.kafka.KafkaListenerEndpointContainer#0-0-C-1] [Consumer clientId=consumer-group_id-1, groupId=group_id] Node -1 disconnected.
2024-07-15 16:13:30,434 WARN o.a.k.c.NetworkClient [org.springframework.kafka.KafkaListenerEndpointContainer#0-0-C-1] [Consumer clientId=consumer-group_id-1, groupId=group_id] Connection to node -1 (localhost/127.0.0.1:9092) could not be established. Broker may not be available.
2024-07-15 16:13:30,434 WARN o.a.k.c.NetworkClient$DefaultMetadataUpdater [org.springframework.kafka.KafkaListenerEndpointContainer#0-0-C-1] [Consumer clientId=consumer-group_id-1, groupId=group_id] Bootstrap broker localhost:9092 (id: -1 rack: null) disconnected
2024-07-15 16:13:31,596 INFO o.a.k.c.NetworkClient [org.springframework.kafka.KafkaListenerEndpointContainer#0-0-C-1] [Consumer clientId=consumer-group_id-1, groupId=group_id] Node -1 disconnected.
2024-07-15 16:13:31,597 WARN o.a.k.c.NetworkClient [org.springframework.kafka.KafkaListenerEndpointContainer#0-0-C-1] [Consumer clientId=consumer-group_id-1, groupId=group_id] Connection to node -1 (localhost/127.0.0.1:9092) could not be established. Broker may not be available.
2024-07-15 16:13:31,597 WARN o.a.k.c.NetworkClient$DefaultMetadataUpdater [org.springframework.kafka.KafkaListenerEndpointContainer#0-0-C-1] [Consumer clientId=consumer-group_id-1, groupId=group_id] Bootstrap broker localhost:9092 (id: -1 rack: null) disconnected
2024-07-15 16:13:32,610 INFO o.a.k.c.NetworkClient [org.springframework.kafka.KafkaListenerEndpointContainer#0-0-C-1] [Consumer clientId=consumer-group_id-1, groupId=group_id] Node -1 disconnected.
2024-07-15 16:13:32,610 WARN o.a.k.c.NetworkClient [org.springframework.kafka.KafkaListenerEndpointContainer#0-0-C-1] [Consumer clientId=consumer-group_id-1, groupId=group_id] Connection to node -1 (localhost/127.0.0.1:9092) could not be established. Broker may not be available.
2024-07-15 16:13:32,610 WARN o.a.k.c.NetworkClient$DefaultMetadataUpdater [org.springframework.kafka.KafkaListenerEndpointContainer#0-0-C-1] [Consumer clientId=consumer-group_id-1, groupId=group_id] Bootstrap broker localhost:9092 (id: -1 rack: null) disconnected
2024-07-15 16:13:33,618 INFO o.a.k.c.NetworkClient [org.springframework.kafka.KafkaListenerEndpointContainer#0-0-C-1] [Consumer clientId=consumer-group_id-1, groupId=group_id] Node -1 disconnected.
2024-07-15 16:13:33,618 WARN o.a.k.c.NetworkClient [org.springframework.kafka.KafkaListenerEndpointContainer#0-0-C-1] [Consumer clientId=consumer-group_id-1, groupId=group_id] Connection to node -1 (localhost/127.0.0.1:9092) could not be established. Broker may not be available.
2024-07-15 16:13:33,618 WARN o.a.k.c.NetworkClient$DefaultMetadataUpdater [org.springframework.kafka.KafkaListenerEndpointContainer#0-0-C-1] [Consumer clientId=consumer-group_id-1, groupId=group_id] Bootstrap broker localhost:9092 (id: -1 rack: null) disconnected
2024-07-15 16:13:34,580 INFO o.a.k.c.NetworkClient [org.springframework.kafka.KafkaListenerEndpointContainer#0-0-C-1] [Consumer clientId=consumer-group_id-1, groupId=group_id] Node -1 disconnected.
2024-07-15 16:13:34,580 WARN o.a.k.c.NetworkClient [org.springframework.kafka.KafkaListenerEndpointContainer#0-0-C-1] [Consumer clientId=consumer-group_id-1, groupId=group_id] Connection to node -1 (localhost/127.0.0.1:9092) could not be established. Broker may not be available.
2024-07-15 16:13:34,581 WARN o.a.k.c.NetworkClient$DefaultMetadataUpdater [org.springframework.kafka.KafkaListenerEndpointContainer#0-0-C-1] [Consumer clientId=consumer-group_id-1, groupId=group_id] Bootstrap broker localhost:9092 (id: -1 rack: null) disconnected
2024-07-15 16:13:35,743 INFO o.a.k.c.NetworkClient [org.springframework.kafka.KafkaListenerEndpointContainer#0-0-C-1] [Consumer clientId=consumer-group_id-1, groupId=group_id] Node -1 disconnected.
2024-07-15 16:13:35,743 WARN o.a.k.c.NetworkClient [org.springframework.kafka.KafkaListenerEndpointContainer#0-0-C-1] [Consumer clientId=consumer-group_id-1, groupId=group_id] Connection to node -1 (localhost/127.0.0.1:9092) could not be established. Broker may not be available.
2024-07-15 16:13:35,744 WARN o.a.k.c.NetworkClient$DefaultMetadataUpdater [org.springframework.kafka.KafkaListenerEndpointContainer#0-0-C-1] [Consumer clientId=consumer-group_id-1, groupId=group_id] Bootstrap broker localhost:9092 (id: -1 rack: null) disconnected
